ERRER--孙永军 
ERRER--乐来兵 
ERRER--孙永军 
ERRER--乐来兵 
ERRER--孙永军 
ERRER--乐来兵 
ERRER--孙永军 
ERRER--乐来兵 
ERRER--孙永军 
ERRER--乐来兵 
ERRER--（仅限31.02.05 
ERRER-- 
ERRER--道路货物运输） 
ERRER--（仅限31.02.05 
ERRER-- 
ERRER--道路货物运输） 
ERRER--（仅限31.02.05 
ERRER-- 
ERRER--道路货物运输） 
ERRER--（仅限31.02.05 
ERRER-- 
ERRER--道路货物运输） 
ERRER--（仅限31.02.05 
ERRER-- 
ERRER--道路货物运输） 
ERRER-- 
ERRER-- 
ERRER-- 
ERRER-- 
ERRER-- 
ERRER-- 
ERRER-- 
ERRER-- 
ERRER-- 
ERRER-- 
ERRER-- 
ERRER-- 
ERRER-- 
ERRER-- 
ERRER-- 
ERRER-- 
ERRER--孙永军 
ERRER--乐来兵 
ERRER--孙永军 
ERRER--乐来兵 
ERRER--孙永军 
ERRER--乐来兵 
ERRER--孙永军 
ERRER--乐来兵 
ERRER--孙永军 
ERRER--乐来兵 
ERRER--（仅限31.02.05 
ERRER-- 
ERRER--道路货物运输） 
ERRER--（仅限31.02.05 
ERRER-- 
ERRER--道路货物运输） 
ERRER--（仅限31.02.05 
ERRER-- 
ERRER--道路货物运输） 
ERRER--（仅限31.02.05 
ERRER-- 
ERRER--道路货物运输） 
ERRER--（仅限31.02.05 
ERRER-- 
ERRER--道路货物运输） 
ERRER-- 
ERRER-- 
ERRER-- 
ERRER-- 
ERRER-- 
ERRER-- 
ERRER-- 
ERRER-- 
ERRER-- 
ERRER-- 
ERRER-- 
ERRER-- 
ERRER-- 
ERRER-- 
ERRER-- 
ERRER-- 
