徐雁---E-12-05---12.05.01
陈喜群---E-12-05---12.05.01
张号---E-12-05---12.05.01
张子健---E-12-05---12.05.01
许航---E-12-05---12.05.01
周自胜---E-12-05---12.05.01
刘忠文---E-12-05---12.05.01
黄小武---E-12-05---12.05.01
戴晖毅---E-12-05---12.05.01
王玫---E-12-05---12.05.01
李爱平---E-12-05---12.05.01
陈晓红---Q-04-01---04.01.01
陈晓红---Q-04-02---04.02.01
陈晓红---Q-04-03---04.01.05
陈晓红---Q-04-04---04.10.00
乐树林---Q-04-05---04.04.00
周京萍---Q-04-05---04.04.00
赵戍征---Q-04-05---04.04.00
陈晓红---Q-04-05---04.04.00
雷建忠---Q-04-05---04.04.00
郑劲松---Q-04-05---04.04.00
肖自谷---Q-04-05---04.04.00
黄盛仁---Q-04-05---04.04.00
陈喜群---Q-04-05---04.04.00
朱仲华---Q-04-05---04.04.00
李爱平---Q-04-05---04.04.00
解惠洁---Q-04-05---04.04.00
许航---Q-04-05---04.04.00
刘忠文---Q-04-05---04.04.00
乐树林---Q-04-06---04.08.00
乐树林---Q-05-01---05.01.00
乐树林---Q-05-02---05.02.00
乐树林---Q-05-03---05.03.00
乐树林---Q-06-01---06.01.00
乐树林---Q-06-02---06.03.00
乐树林---Q-07-00---07.01.01
李爱平---Q-07-00---07.01.01
郑劲松---Q-09-01---09.01.01
赵戍征---Q-09-01---09.01.01
李爱平---Q-09-01---09.01.01
郑劲松---Q-09-02---09.02.01
赵戍征---Q-09-02---09.02.01
李爱平---Q-09-02---09.02.01
郑劲松---Q-12-01---12.01.01
赵戍征---Q-12-01---12.01.01
李爱平---Q-12-01---12.01.01
郑劲松---Q-12-02---12.01.02
赵戍征---Q-12-02---12.01.02
李爱平---Q-12-02---12.01.02
赵戍征---Q-12-03---12.01.03
陈喜群---Q-12-03---12.01.03
李爱平---Q-12-03---12.01.03
赵戍征---Q-12-04---12.01.04
李爱平---Q-12-04---12.01.04
赵戍征---Q-12-05---12.01.05
赵戍征---Q-12-06---12.01.06
李爱平---Q-12-06---12.01.06
赵戍征---Q-12-07---12.02.00
李爱平---Q-12-07---12.02.00
赵戍征---Q-12-08---12.03.00
陈晓红---Q-12-08---12.03.00
赵戍征---Q-12-09---12.04.01
陈晓红---Q-12-09---12.04.01
赵戍征---Q-12-10---12.05.01
赵戍征---Q-12-11---12.06.00
乐树林---Q-14-01---14.01.01
赵戍征---Q-14-01---14.01.01
乐树林---Q-14-02---14.01.03
陈晓红---Q-14-02---14.01.03
赵戍征---Q-14-02---14.01.03
雷建忠---Q-14-02---14.01.03
李爱平---Q-14-02---14.01.03
肖自谷---Q-14-03---14.02.01
乐树林---Q-14-03---14.02.01
陈晓红---Q-14-03---14.02.01
赵戍征---Q-14-03---14.02.01
雷建忠---Q-14-03---14.02.01
李爱平---Q-14-03---14.02.01
郑劲松---Q-14-03---14.02.01
陈晓红---Q-15-01---15.01.01
黄盛仁---Q-15-02---15.02.01
陈晓红---Q-15-02---15.02.01
黄盛仁---Q-15-03---15.05.00
黄盛仁---Q-15-04---15.06.01
赵戍征---Q-17-01---17.01.00
李爱平---Q-17-01---17.01.00
李爱平---Q-17-02---17.05.01
肖自谷---Q-17-02---17.05.01
解惠洁---Q-17-02---17.05.01
肖自谷---Q-17-03---17.06.01
赵戍征---Q-17-03---17.06.01
肖自谷---Q-17-04---17.07.01
赵戍征---Q-17-04---17.07.01
肖自谷---Q-17-05---17.08.00
赵戍征---Q-17-05---17.08.00
郑劲松---Q-17-06---17.09.00
乐树林---Q-17-06---17.09.00
陈晓红---Q-17-06---17.09.00
赵戍征---Q-17-06---17.09.00
雷建忠---Q-17-06---17.09.00
肖自谷---Q-17-06---17.09.00
李爱平---Q-17-06---17.09.00
解惠洁---Q-17-06---17.09.00
郑劲松---Q-18-01---18.01.01
肖自谷---Q-18-01---18.01.01
乐树林---Q-18-01---18.01.01
赵戍征---Q-18-01---18.01.01
解惠洁---Q-18-01---18.01.01
郑劲松---Q-18-02---18.02.02
雷建忠---Q-18-03---18.03.01
解惠洁---Q-18-03---18.03.01
赵戍征---Q-18-04---18.04.01
解惠洁---Q-18-04---18.04.01
雷建忠---Q-18-05---18.05.01
解惠洁---Q-18-05---18.05.01
郑劲松---Q-19-01---18.07.01
肖自谷---Q-19-01---18.07.01
乐树林---Q-19-01---18.07.01
陈晓红---Q-19-01---18.07.01
赵戍征---Q-19-01---18.07.01
雷建忠---Q-19-01---18.07.01
李爱平---Q-19-01---18.07.01
乐树林---Q-19-02---19.02.00
陈晓红---Q-19-02---19.02.00
李爱平---Q-19-02---19.02.00
乐树林---Q-19-03---19.03.00
陈晓红---Q-19-03---19.03.00
雷建忠---Q-19-03---19.03.00
郑劲松---Q-19-03---19.03.00
李爱平---Q-19-03---19.03.00
乐树林---Q-19-04---19.04.00
陈晓红---Q-19-04---19.04.00
李爱平---Q-19-04---19.04.00
陈晓红---Q-19-05---19.05.00
赵戍征---Q-19-05---19.05.00
李爱平---Q-19-05---19.05.00
陈晓红---Q-19-06---19.06.00
李爱平---Q-19-06---19.06.00
陈晓红---Q-22-01---22.01.00
解惠洁---Q-22-01---22.01.00
解惠洁---Q-22-02---22.04.00
乐树林---Q-23-01---23.01.01
周京萍---Q-23-01---23.01.01
赵戍征---Q-23-01---23.01.01
陈晓红---Q-23-01---23.01.01
雷建忠---Q-23-01---23.01.01
郑劲松---Q-23-01---23.01.01
肖自谷---Q-23-01---23.01.01
黄盛仁---Q-23-01---23.01.01
陈喜群---Q-23-01---23.01.01
朱仲华---Q-23-01---23.01.01
李爱平---Q-23-01---23.01.01
解惠洁---Q-23-01---23.01.01
许航---Q-23-01---23.01.01
刘忠文---Q-23-01---23.01.01
黄盛仁---Q-23-02---23.06.01
陈晓红---Q-23-02---23.06.01
黄盛仁---Q-23-03---23.02.01
陈晓红---Q-23-03---23.02.01
黄盛仁---Q-23-04---23.04.00
陈晓红---Q-23-04---23.04.00
乐树林---Q-23-05---23.05.00
陈晓红---Q-23-05---23.05.00
乐树林---Q-24-00---24.01.00
周京萍---Q-24-00---24.01.00
赵戍征---Q-24-00---24.01.00
陈晓红---Q-24-00---24.01.00
雷建忠---Q-24-00---24.01.00
郑劲松---Q-24-00---24.01.00
肖自谷---Q-24-00---24.01.00
黄盛仁---Q-24-00---24.01.00
陈喜群---Q-24-00---24.01.00
朱仲华---Q-24-00---24.01.00
李爱平---Q-24-00---24.01.00
解惠洁---Q-24-00---24.01.00
许航---Q-24-00---24.01.00
刘忠文---Q-24-00---24.01.00
黄盛仁---Q-28-01---28.01.01
黄盛仁---Q-28-02---28.01.02
黄盛仁---Q-28-03---28.03.01
黄盛仁---Q-28-04---28.04.01
乐树林---Q-28-05---28.05.00
周京萍---Q-28-05---28.05.00
赵戍征---Q-28-05---28.05.00
陈晓红---Q-28-05---28.05.00
雷建忠---Q-28-05---28.05.00
郑劲松---Q-28-05---28.05.00
肖自谷---Q-28-05---28.05.00
黄盛仁---Q-28-05---28.05.00
陈喜群---Q-28-05---28.05.00
朱仲华---Q-28-05---28.05.00
李爱平---Q-28-05---28.05.00
许航---Q-28-05---28.05.00
刘忠文---Q-28-05---28.05.00
肖自谷---Q-29-01---29.02.00
解惠洁---Q-29-01---29.02.00
乐树林---Q-29-02---29.01.00
周京萍---Q-29-02---29.01.00
赵戍征---Q-29-02---29.01.00
陈晓红---Q-29-02---29.01.00
雷建忠---Q-29-02---29.01.00
郑劲松---Q-29-02---29.01.00
肖自谷---Q-29-02---29.01.00
黄盛仁---Q-29-02---29.01.00
陈喜群---Q-29-02---29.01.00
朱仲华---Q-29-02---29.01.00
李爱平---Q-29-02---29.01.00
解惠洁---Q-29-02---29.01.00
许航---Q-29-02---29.01.00
刘忠文---Q-29-02---29.01.00
乐树林---Q-29-03---29.06.01
周京萍---Q-29-03---29.06.01
赵戍征---Q-29-03---29.06.01
陈晓红---Q-29-03---29.06.01
雷建忠---Q-29-03---29.06.01
郑劲松---Q-29-03---29.06.01
肖自谷---Q-29-03---29.06.01
黄盛仁---Q-29-03---29.06.01
陈喜群---Q-29-03---29.06.01
朱仲华---Q-29-03---29.06.01
李爱平---Q-29-03---29.06.01
解惠洁---Q-29-03---29.06.01
许航---Q-29-03---29.06.01
刘忠文---Q-29-03---29.06.01
乐树林---Q-29-04---29.13.01
周京萍---Q-29-04---29.13.01
赵戍征---Q-29-04---29.13.01
陈晓红---Q-29-04---29.13.01
雷建忠---Q-29-04---29.13.01
郑劲松---Q-29-04---29.13.01
肖自谷---Q-29-04---29.13.01
黄盛仁---Q-29-04---29.13.01
陈喜群---Q-29-04---29.13.01
朱仲华---Q-29-04---29.13.01
李爱平---Q-29-04---29.13.01
解惠洁---Q-29-04---29.13.01
许航---Q-29-04---29.13.01
刘忠文---Q-29-04---29.13.01
乐树林---Q-29-05---29.19.01
周京萍---Q-29-05---29.19.01
赵戍征---Q-29-05---29.19.01
陈晓红---Q-29-05---29.19.01
雷建忠---Q-29-05---29.19.01
郑劲松---Q-29-05---29.19.01
肖自谷---Q-29-05---29.19.01
黄盛仁---Q-29-05---29.19.01
陈喜群---Q-29-05---29.19.01
朱仲华---Q-29-05---29.19.01
李爱平---Q-29-05---29.19.01
解惠洁---Q-29-05---29.19.01
许航---Q-29-05---29.19.01
刘忠文---Q-29-05---29.19.01
雷建忠---Q-30-00---30.01.01
雷建忠---Q-31-01---31.01.00
雷建忠---Q-31-02---31.03.00
郑劲松---Q-31-03---31.09.01
乐树林---Q-31-04---31.10.01
周京萍---Q-31-04---31.10.01
赵戍征---Q-31-04---31.10.01
陈晓红---Q-31-04---31.10.01
雷建忠---Q-31-04---31.10.01
郑劲松---Q-31-04---31.10.01
肖自谷---Q-31-04---31.10.01
黄盛仁---Q-31-04---31.10.01
陈喜群---Q-31-04---31.10.01
朱仲华---Q-31-04---31.10.01
李爱平---Q-31-04---31.10.01
解惠洁---Q-31-04---31.10.01
许航---Q-31-04---31.10.01
刘忠文---Q-31-04---31.10.01
陈晓红---Q-31-05---31.11.00
乐树林---Q-31-06---31.12.00
周京萍---Q-31-06---31.12.00
赵戍征---Q-31-06---31.12.00
陈晓红---Q-31-06---31.12.00
雷建忠---Q-31-06---31.12.00
郑劲松---Q-31-06---31.12.00
肖自谷---Q-31-06---31.12.00
黄盛仁---Q-31-06---31.12.00
陈喜群---Q-31-06---31.12.00
朱仲华---Q-31-06---31.12.00
李爱平---Q-31-06---31.12.00
解惠洁---Q-31-06---31.12.00
许航---Q-31-06---31.12.00
刘忠文---Q-31-06---31.12.00
乐树林---Q-32-01---32.01.01
周京萍---Q-32-01---32.01.01
赵戍征---Q-32-01---32.01.01
陈晓红---Q-32-01---32.01.01
雷建忠---Q-32-01---32.01.01
郑劲松---Q-32-01---32.01.01
肖自谷---Q-32-01---32.01.01
黄盛仁---Q-32-01---32.01.01
陈喜群---Q-32-01---32.01.01
朱仲华---Q-32-01---32.01.01
李爱平---Q-32-01---32.01.01
解惠洁---Q-32-01---32.01.01
许航---Q-32-01---32.01.01
刘忠文---Q-32-01---32.01.01
乐树林---Q-32-02---32.01.02
周京萍---Q-32-02---32.01.02
赵戍征---Q-32-02---32.01.02
陈晓红---Q-32-02---32.01.02
雷建忠---Q-32-02---32.01.02
郑劲松---Q-32-02---32.01.02
肖自谷---Q-32-02---32.01.02
黄盛仁---Q-32-02---32.01.02
陈喜群---Q-32-02---32.01.02
朱仲华---Q-32-02---32.01.02
李爱平---Q-32-02---32.01.02
解惠洁---Q-32-02---32.01.02
许航---Q-32-02---32.01.02
刘忠文---Q-32-02---32.01.02
黄盛仁---Q-32-03---32.02.01
赵戍征---Q-32-04---32.03.01
黄盛仁---Q-32-05---32.04.01
赵戍征---Q-32-05---32.04.01
乐树林---Q-32-06---32.05.00
周京萍---Q-32-06---32.05.00
赵戍征---Q-32-06---32.05.00
陈晓红---Q-32-06---32.05.00
雷建忠---Q-32-06---32.05.00
郑劲松---Q-32-06---32.05.00
肖自谷---Q-32-06---32.05.00
黄盛仁---Q-32-06---32.05.00
陈喜群---Q-32-06---32.05.00
朱仲华---Q-32-06---32.05.00
李爱平---Q-32-06---32.05.00
解惠洁---Q-32-06---32.05.00
许航---Q-32-06---32.05.00
刘忠文---Q-32-06---32.05.00
周京萍---Q-32-07---32.06.01
黄盛仁---Q-32-07---32.06.01
乐树林---Q-32-08---32.07.00
周京萍---Q-32-08---32.07.00
赵戍征---Q-32-08---32.07.00
陈晓红---Q-32-08---32.07.00
雷建忠---Q-32-08---32.07.00
郑劲松---Q-32-08---32.07.00
肖自谷---Q-32-08---32.07.00
黄盛仁---Q-32-08---32.07.00
陈喜群---Q-32-08---32.07.00
朱仲华---Q-32-08---32.07.00
李爱平---Q-32-08---32.07.00
解惠洁---Q-32-08---32.07.00
许航---Q-32-08---32.07.00
刘忠文---Q-32-08---32.07.00
乐树林---Q-32-10---32.09.00
周京萍---Q-32-10---32.09.00
赵戍征---Q-32-10---32.09.00
陈晓红---Q-32-10---32.09.00
雷建忠---Q-32-10---32.09.00
郑劲松---Q-32-10---32.09.00
肖自谷---Q-32-10---32.09.00
黄盛仁---Q-32-10---32.09.00
陈喜群---Q-32-10---32.09.00
朱仲华---Q-32-10---32.09.00
李爱平---Q-32-10---32.09.00
解惠洁---Q-32-10---32.09.00
许航---Q-32-10---32.09.00
刘忠文---Q-32-10---32.09.00
乐树林---Q-32-11---32.10.01
周京萍---Q-32-11---32.10.01
赵戍征---Q-32-11---32.10.01
陈晓红---Q-32-11---32.10.01
雷建忠---Q-32-11---32.10.01
郑劲松---Q-32-11---32.10.01
肖自谷---Q-32-11---32.10.01
黄盛仁---Q-32-11---32.10.01
陈喜群---Q-32-11---32.10.01
朱仲华---Q-32-11---32.10.01
李爱平---Q-32-11---32.10.01
解惠洁---Q-32-11---32.10.01
许航---Q-32-11---32.10.01
刘忠文---Q-32-11---32.10.01
乐树林---Q-32-12---32.11.01
周京萍---Q-32-12---32.11.01
白旭东---Q-32-12---32.11.01
赵戍征---Q-32-12---32.11.01
陈晓红---Q-32-12---32.11.01
雷建忠---Q-32-12---32.11.01
郑劲松---Q-32-12---32.11.01
肖自谷---Q-32-12---32.11.01
黄盛仁---Q-32-12---32.11.01
陈喜群---Q-32-12---32.11.01
朱仲华---Q-32-12---32.11.01
李爱平---Q-32-12---32.11.01
解惠洁---Q-32-12---32.11.01
许航---Q-32-12---32.11.01
刘忠文---Q-32-12---32.11.01
肖自谷---Q-33-00---33.01.00
赵戍征---Q-33-00---33.01.00
周京萍---Q-34-00---34.01.00
黄盛仁---Q-34-00---34.01.00
陈喜群---Q-34-00---34.01.00
乐树林---Q-34-00---34.02.00
赵戍征---Q-34-00---34.02.00
肖自谷---Q-34-00---34.02.00
乐树林---Q-35-01---35.01.01
赵戍征---Q-35-01---35.01.01
肖自谷---Q-35-01---35.01.01
周京萍---Q-35-02---35.01.02
乐树林---Q-35-03---35.01.03
周京萍---Q-35-03---35.01.03
赵戍征---Q-35-03---35.01.03
陈晓红---Q-35-03---35.01.03
雷建忠---Q-35-03---35.01.03
郑劲松---Q-35-03---35.01.03
肖自谷---Q-35-03---35.01.03
黄盛仁---Q-35-03---35.01.03
陈喜群---Q-35-03---35.01.03
朱仲华---Q-35-03---35.01.03
李爱平---Q-35-03---35.01.03
解惠洁---Q-35-03---35.01.03
许航---Q-35-03---35.01.03
刘忠文---Q-35-03---35.01.03
雷建忠---Q-35-04---35.01.04
周京萍---Q-35-05---35.01.05
周京萍---Q-35-06---35.02.00
周京萍---Q-35-07---35.06.00
周京萍---Q-36-01---36.01.01
陈晓红---Q-36-01---36.01.01
乐树林---Q-36-02---36.03.00
周京萍---Q-36-02---36.03.00
赵戍征---Q-36-02---36.03.00
陈晓红---Q-36-02---36.03.00
雷建忠---Q-36-02---36.03.00
郑劲松---Q-36-02---36.03.00
肖自谷---Q-36-02---36.03.00
黄盛仁---Q-36-02---36.03.00
陈喜群---Q-36-02---36.03.00
朱仲华---Q-36-02---36.03.00
李爱平---Q-36-02---36.03.00
解惠洁---Q-36-02---36.03.00
许航---Q-36-02---36.03.00
刘忠文---Q-36-02---36.03.00
赵戍征---Q-39-01---39.01.01
李爱平---Q-39-01---39.01.01
陈喜群---Q-39-01---39.01.01
赵戍征---Q-39-02---39.01.02
乐树林---Q-39-02---39.01.02
陈喜群---Q-39-02---39.01.03
乐树林---Q-39-03---39.03.00
周京萍---Q-39-03---39.03.00
赵戍征---Q-39-03---39.03.00
陈晓红---Q-39-03---39.03.00
雷建忠---Q-39-03---39.03.00
郑劲松---Q-39-03---39.03.00
肖自谷---Q-39-03---39.03.00
黄盛仁---Q-39-03---39.03.00
陈喜群---Q-39-03---39.03.00
朱仲华---Q-39-03---39.03.00
李爱平---Q-39-03---39.03.00
解惠洁---Q-39-03---39.03.00
许航---Q-39-03---39.03.00
刘忠文---Q-39-03---39.03.00
乐树林---Q-39-04---39.04.01
周京萍---Q-39-04---39.04.01
赵戍征---Q-39-04---39.04.01
陈晓红---Q-39-04---39.04.01
雷建忠---Q-39-04---39.04.01
郑劲松---Q-39-04---39.04.01
肖自谷---Q-39-04---39.04.01
黄盛仁---Q-39-04---39.04.01
陈喜群---Q-39-04---39.04.01
朱仲华---Q-39-04---39.04.01
李爱平---Q-39-04---39.04.01
解惠洁---Q-39-04---39.04.01
许航---Q-39-04---39.04.01
刘忠文---Q-39-04---39.04.01
乐树林---Q-39-05---39.02.01
周京萍---Q-39-05---39.02.01
赵戍征---Q-39-05---39.02.01
陈晓红---Q-39-05---39.02.01
雷建忠---Q-39-05---39.02.01
郑劲松---Q-39-05---39.02.01
肖自谷---Q-39-05---39.02.01
黄盛仁---Q-39-05---39.02.01
陈喜群---Q-39-05---39.02.01
朱仲华---Q-39-05---39.02.01
李爱平---Q-39-05---39.02.01
解惠洁---Q-39-05---39.02.01
许航---Q-39-05---39.02.01
刘忠文---Q-39-05---39.02.01
乐树林---Q-39-06---39.05.01
周京萍---Q-39-06---39.05.01
赵戍征---Q-39-06---39.05.01
陈晓红---Q-39-06---39.05.01
雷建忠---Q-39-06---39.05.01
郑劲松---Q-39-06---39.05.01
肖自谷---Q-39-06---39.05.01
黄盛仁---Q-39-06---39.05.01
陈喜群---Q-39-06---39.05.01
朱仲华---Q-39-06---39.05.01
李爱平---Q-39-06---39.05.01
解惠洁---Q-39-06---39.05.01
许航---Q-39-06---39.05.01
刘忠文---Q-39-06---39.05.01
乐树林---Q-39-07---39.06.00
周京萍---Q-39-07---39.06.00
赵戍征---Q-39-07---39.06.00
陈晓红---Q-39-07---39.06.00
雷建忠---Q-39-07---39.06.00
郑劲松---Q-39-07---39.06.00
肖自谷---Q-39-07---39.06.00
黄盛仁---Q-39-07---39.06.00
陈喜群---Q-39-07---39.06.00
朱仲华---Q-39-07---39.06.00
李爱平---Q-39-07---39.06.00
解惠洁---Q-39-07---39.06.00
许航---Q-39-07---39.06.00
刘忠文---Q-39-07---39.06.00
乐树林---Q-39-08---39.07.01
周京萍---Q-39-08---39.07.01
赵戍征---Q-39-08---39.07.01
陈晓红---Q-39-08---39.07.01
雷建忠---Q-39-08---39.07.01
郑劲松---Q-39-08---39.07.01
肖自谷---Q-39-08---39.07.01
黄盛仁---Q-39-08---39.07.01
陈喜群---Q-39-08---39.07.01
朱仲华---Q-39-08---39.07.01
李爱平---Q-39-08---39.07.01
解惠洁---Q-39-08---39.07.01
许航---Q-39-08---39.07.01
刘忠文---Q-39-08---39.07.01
乐树林---Q-39-09---39.08.00
周京萍---Q-39-09---39.08.00
赵戍征---Q-39-09---39.08.00
陈晓红---Q-39-09---39.08.00
雷建忠---Q-39-09---39.08.00
郑劲松---Q-39-09---39.08.00
肖自谷---Q-39-09---39.08.00
黄盛仁---Q-39-09---39.08.00
陈喜群---Q-39-09---39.08.00
朱仲华---Q-39-09---39.08.00
李爱平---Q-39-09---39.08.00
解惠洁---Q-39-09---39.08.00
许航---Q-39-09---39.08.00
刘忠文---Q-39-09---39.08.00
乐树林---Q-39-10---39.09.01
周京萍---Q-39-10---39.09.01
赵戍征---Q-39-10---39.09.01
陈晓红---Q-39-10---39.09.01
雷建忠---Q-39-10---39.09.01
郑劲松---Q-39-10---39.09.01
肖自谷---Q-39-10---39.09.01
黄盛仁---Q-39-10---39.09.01
陈喜群---Q-39-10---39.09.01
朱仲华---Q-39-10---39.09.01
李爱平---Q-39-10---39.09.01
解惠洁---Q-39-10---39.09.01
许航---Q-39-10---39.09.01
刘忠文---Q-39-10---39.09.01
乐树林---Q-39-11---39.09.02
周京萍---Q-39-11---39.09.02
赵戍征---Q-39-11---39.09.02
陈晓红---Q-39-11---39.09.02
雷建忠---Q-39-11---39.09.02
郑劲松---Q-39-11---39.09.02
肖自谷---Q-39-11---39.09.02
黄盛仁---Q-39-11---39.09.02
陈喜群---Q-39-11---39.09.02
朱仲华---Q-39-11---39.09.02
李爱平---Q-39-11---39.09.02
解惠洁---Q-39-11---39.09.02
许航---Q-39-11---39.09.02
刘忠文---Q-39-11---39.09.02
乐树林---Q-39-12---39.10.01
周京萍---Q-39-12---39.10.01
赵戍征---Q-39-12---39.10.01
陈晓红---Q-39-12---39.10.01
雷建忠---Q-39-12---39.10.01
郑劲松---Q-39-12---39.10.01
肖自谷---Q-39-12---39.10.01
黄盛仁---Q-39-12---39.10.01
陈喜群---Q-39-12---39.10.01
朱仲华---Q-39-12---39.10.01
李爱平---Q-39-12---39.10.01
解惠洁---Q-39-12---39.10.01
许航---Q-39-12---39.10.01
刘忠文---Q-39-12---39.10.01
乐树林---Q-39-13---39.10.02
周京萍---Q-39-13---39.10.02
赵戍征---Q-39-13---39.10.02
陈晓红---Q-39-13---39.10.02
雷建忠---Q-39-13---39.10.02
郑劲松---Q-39-13---39.10.02
肖自谷---Q-39-13---39.10.02
黄盛仁---Q-39-13---39.10.02
陈喜群---Q-39-13---39.10.02
朱仲华---Q-39-13---39.10.02
李爱平---Q-39-13---39.10.02
解惠洁---Q-39-13---39.10.02
许航---Q-39-13---39.10.02
刘忠文---Q-39-13---39.10.02
乐树林---Q-39-14---39.11.01
周京萍---Q-39-14---39.11.01
赵戍征---Q-39-14---39.11.01
陈晓红---Q-39-14---39.11.01
雷建忠---Q-39-14---39.11.01
郑劲松---Q-39-14---39.11.01
肖自谷---Q-39-14---39.11.01
黄盛仁---Q-39-14---39.11.01
陈喜群---Q-39-14---39.11.01
朱仲华---Q-39-14---39.11.01
李爱平---Q-39-14---39.11.01
解惠洁---Q-39-14---39.11.01
许航---Q-39-14---39.11.01
刘忠文---Q-39-14---39.11.01
乐树林---Q-39-15---39.12.01
周京萍---Q-39-15---39.12.01
赵戍征---Q-39-15---39.12.01
陈晓红---Q-39-15---39.12.01
雷建忠---Q-39-15---39.12.01
郑劲松---Q-39-15---39.12.01
肖自谷---Q-39-15---39.12.01
黄盛仁---Q-39-15---39.12.01
陈喜群---Q-39-15---39.12.01
朱仲华---Q-39-15---39.12.01
李爱平---Q-39-15---39.12.01
解惠洁---Q-39-15---39.12.01
许航---Q-39-15---39.12.01
刘忠文---Q-39-15---39.12.01
乐树林---Q-39-16---39.13.00
周京萍---Q-39-16---39.13.00
赵戍征---Q-39-16---39.13.00
陈晓红---Q-39-16---39.13.00
雷建忠---Q-39-16---39.13.00
郑劲松---Q-39-16---39.13.00
肖自谷---Q-39-16---39.13.00
黄盛仁---Q-39-16---39.13.00
陈喜群---Q-39-16---39.13.00
朱仲华---Q-39-16---39.13.00
李爱平---Q-39-16---39.13.00
解惠洁---Q-39-16---39.13.00
许航---Q-39-16---39.13.00
刘忠文---Q-39-16---39.13.00
乐树林---Q-39-17---39.14.00
周京萍---Q-39-17---39.14.00
赵戍征---Q-39-17---39.14.00
陈晓红---Q-39-17---39.14.00
雷建忠---Q-39-17---39.14.00
郑劲松---Q-39-17---39.14.00
肖自谷---Q-39-17---39.14.00
黄盛仁---Q-39-17---39.14.00
陈喜群---Q-39-17---39.14.00
朱仲华---Q-39-17---39.14.00
李爱平---Q-39-17---39.14.00
解惠洁---Q-39-17---39.14.00
许航---Q-39-17---39.14.00
刘忠文---Q-39-17---39.14.00
乐树林---Q-39-18---39.15.00
周京萍---Q-39-18---39.15.00
赵戍征---Q-39-18---39.15.00
陈晓红---Q-39-18---39.15.00
雷建忠---Q-39-18---39.15.00
郑劲松---Q-39-18---39.15.00
肖自谷---Q-39-18---39.15.00
黄盛仁---Q-39-18---39.15.00
陈喜群---Q-39-18---39.15.00
朱仲华---Q-39-18---39.15.00
李爱平---Q-39-18---39.15.00
解惠洁---Q-39-18---39.15.00
许航---Q-39-18---39.15.00
刘忠文---Q-39-18---39.15.00
乐树林---Q-39-19---39.16.00
周京萍---Q-39-19---39.16.00
赵戍征---Q-39-19---39.16.00
陈晓红---Q-39-19---39.16.00
雷建忠---Q-39-19---39.16.00
郑劲松---Q-39-19---39.16.00
肖自谷---Q-39-19---39.16.00
黄盛仁---Q-39-19---39.16.00
陈喜群---Q-39-19---39.16.00
朱仲华---Q-39-19---39.16.00
李爱平---Q-39-19---39.16.00
解惠洁---Q-39-19---39.16.00
许航---Q-39-19---39.16.00
刘忠文---Q-39-19---39.16.00
徐雁---E-03-01---03.01.01
张号---E-03-01---03.01.01
张子健---E-03-01---03.01.01
戴晖毅---E-03-02---03.05.01
徐雁---E-03-02---03.05.01
陈喜群---E-03-02---03.05.01
张号---E-03-02---03.05.01
张子健---E-03-02---03.05.01
许航---E-03-02---03.05.01
徐雁---E-03-03---03.03.01
张号---E-03-03---03.03.01
张子健---E-03-03---03.03.01
许航---E-03-03---03.03.01
徐雁---E-03-04---03.08.07
张号---E-03-04---03.08.07
张子健---E-03-04---03.08.07
许航---E-03-04---03.08.07
徐雁---E-03-05---03.09.08
张号---E-03-05---03.09.08
张子健---E-03-05---03.09.08
许航---E-03-05---03.09.08
徐雁---E-03-06---03.09.01
张号---E-03-06---03.09.01
徐雁---E-03-07---03.09.08
陈喜群---E-03-07---03.09.08
张号---E-03-07---03.09.08
张子健---E-03-07---03.09.08
许航---E-03-07---03.09.08
周自胜---E-03-07---03.09.08
刘忠文---E-03-07---03.09.08
黄小武---E-03-07---03.09.08
王玫---E-03-07---03.09.08
黄盛仁---E-03-07---03.09.08
赵戍征---E-03-07---03.09.08
乐树林---E-03-07---03.09.08
肖自谷---E-03-07---03.09.08
郑劲松---E-03-07---03.09.08
周京萍---E-03-07---03.09.08
雷建忠---E-03-07---03.09.08
李爱平---E-03-07---03.09.08
戴晖毅---E-03-07---03.09.08
徐雁---E-03-08---03.10.00
张子健---E-03-08---03.10.00
张号---E-03-08---03.10.00
徐雁---E-04-01---04.01.01
陈喜群---E-04-01---04.01.01
张号---E-04-01---04.01.01
张子健---E-04-01---04.01.01
许航---E-04-01---04.01.01
周自胜---E-04-01---04.01.01
刘忠文---E-04-01---04.01.01
黄小武---E-04-01---04.01.01
王玫---E-04-01---04.01.01
徐雁---E-04-02---04.03.00
张号---E-04-02---04.03.00
张子健---E-04-02---04.03.00
徐雁---E-04-03---04.02.01
陈喜群---E-04-03---04.02.01
张号---E-04-03---04.02.01
张子健---E-04-03---04.02.01
许航---E-04-03---04.02.01
周自胜---E-04-03---04.02.01
刘忠文---E-04-03---04.02.01
黄小武---E-04-03---04.02.01
王玫---E-04-03---04.02.01
黄盛仁---E-04-03---04.02.01
赵戍征---E-04-03---04.02.01
乐树林---E-04-03---04.02.01
肖自谷---E-04-03---04.02.01
郑劲松---E-04-03---04.02.01
周京萍---E-04-03---04.02.01
雷建忠---E-04-03---04.02.01
李爱平---E-04-03---04.02.01
戴晖毅---E-04-03---04.02.01
徐雁---E-06-00---06.01.00
张号---E-06-00---06.01.00
张子健---E-06-00---06.01.00
许航---E-06-00---06.01.00
周自胜---E-06-00---06.01.00
刘忠文---E-06-00---06.01.00
黄小武---E-06-00---06.01.00
戴晖毅---E-06-00---06.01.00
徐雁---E-06-00-03---06.01.00.03
陈喜群---E-06-00-03---06.01.00.03
张号---E-06-00-03---06.01.00.03
张子健---E-06-00-03---06.01.00.03
许航---E-06-00-03---06.01.00.03
周自胜---E-06-00-03---06.01.00.03
刘忠文---E-06-00-03---06.01.00.03
黄小武---E-06-00-03---06.01.00.03
王玫---E-06-00-03---06.01.00.03
黄盛仁---E-06-00-03---06.01.00.03
赵戍征---E-06-00-03---06.01.00.03
乐树林---E-06-00-03---06.01.00.03
肖自谷---E-06-00-03---06.01.00.03
郑劲松---E-06-00-03---06.01.00.03
周京萍---E-06-00-03---06.01.00.03
雷建忠---E-06-00-03---06.01.00.03
李爱平---E-06-00-03---06.01.00.03
戴晖毅---E-06-00-03---06.01.00.03
徐雁---E-07-01---07.01.01
陈喜群---E-07-01---07.01.01
张号---E-07-01---07.01.01
张子健---E-07-01---07.01.01
许航---E-07-01---07.01.01
周自胜---E-07-01---07.01.01
刘忠文---E-07-01---07.01.01
黄小武---E-07-01---07.01.01
王玫---E-07-01---07.01.01
黄盛仁---E-07-01---07.01.01
赵戍征---E-07-01---07.01.01
乐树林---E-07-01---07.01.01
肖自谷---E-07-01---07.01.01
郑劲松---E-07-01---07.01.01
周京萍---E-07-01---07.01.01
雷建忠---E-07-01---07.01.01
李爱平---E-07-01---07.01.01
戴晖毅---E-07-01---07.01.01
徐雁---E-07-02---07.01.02
陈喜群---E-07-02---07.01.02
张号---E-07-02---07.01.02
张子健---E-07-02---07.01.02
许航---E-07-02---07.01.02
周自胜---E-07-02---07.01.02
刘忠文---E-07-02---07.01.02
黄小武---E-07-02---07.01.02
戴晖毅---E-07-02---07.01.02
王玫---E-07-02---07.01.02
李爱平---E-07-02---07.01.02
徐雁---E-07-02-03---07.01.02.03
陈喜群---E-07-02-03---07.01.02.03
张号---E-07-02-03---07.01.02.03
张子健---E-07-02-03---07.01.02.03
许航---E-07-02-03---07.01.02.03
周自胜---E-07-02-03---07.01.02.03
刘忠文---E-07-02-03---07.01.02.03
黄小武---E-07-02-03---07.01.02.03
王玫---E-07-02-03---07.01.02.03
黄盛仁---E-07-02-03---07.01.02.03
赵戍征---E-07-02-03---07.01.02.03
乐树林---E-07-02-03---07.01.02.03
肖自谷---E-07-02-03---07.01.02.03
郑劲松---E-07-02-03---07.01.02.03
周京萍---E-07-02-03---07.01.02.03
雷建忠---E-07-02-03---07.01.02.03
李爱平---E-07-02-03---07.01.02.03
戴晖毅---E-07-02-03---07.01.02.03
徐雁---E-08-00---08.01.01
陈喜群---E-08-00---08.01.01
张号---E-08-00---08.01.01
张子健---E-08-00---08.01.01
许航---E-08-00---08.01.01
周自胜---E-08-00---08.01.01
刘忠文---E-08-00---08.01.01
黄小武---E-08-00---08.01.01
王玫---E-08-00---08.01.01
黄盛仁---E-08-00---08.01.01
赵戍征---E-08-00---08.01.01
乐树林---E-08-00---08.01.01
肖自谷---E-08-00---08.01.01
郑劲松---E-08-00---08.01.01
周京萍---E-08-00---08.01.01
雷建忠---E-08-00---08.01.01
李爱平---E-08-00---08.01.01
戴晖毅---E-08-00---08.01.01
徐雁---E-09-00---09.01.01
陈喜群---E-09-00---09.01.01
张号---E-09-00---09.01.01
张子健---E-09-00---09.01.01
许航---E-09-00---09.01.01
周自胜---E-09-00---09.01.01
刘忠文---E-09-00---09.01.01
黄小武---E-09-00---09.01.01
戴晖毅---E-09-00---09.01.01
赵戍征---E-09-00---09.01.01
王玫---E-09-00---09.01.01
李爱平---E-09-00---09.01.01
徐雁---E-09-00-03---09.01.01.03
陈喜群---E-09-00-03---09.01.01.03
张号---E-09-00-03---09.01.01.03
张子健---E-09-00-03---09.01.01.03
许航---E-09-00-03---09.01.01.03
周自胜---E-09-00-03---09.01.01.03
刘忠文---E-09-00-03---09.01.01.03
黄小武---E-09-00-03---09.01.01.03
王玫---E-09-00-03---09.01.01.03
黄盛仁---E-09-00-03---09.01.01.03
赵戍征---E-09-00-03---09.01.01.03
乐树林---E-09-00-03---09.01.01.03
肖自谷---E-09-00-03---09.01.01.03
郑劲松---E-09-00-03---09.01.01.03
周京萍---E-09-00-03---09.01.01.03
雷建忠---E-09-00-03---09.01.01.03
李爱平---E-09-00-03---09.01.01.03
戴晖毅---E-09-00-03---09.01.01.03
黄小武---E-12-01---12.01.01
张号---E-12-01---12.01.01
徐雁---E-12-02---12.01.02
陈喜群---E-12-02---12.01.02
张号---E-12-02---12.01.02
张子健---E-12-02---12.01.02
许航---E-12-02---12.01.02
徐雁---E-12-03---12.01.02
张号---E-12-03---12.01.02
张子健---E-12-03---12.01.02
徐雁---E-12-04---12.03.00
陈喜群---E-12-04---12.03.00
张号---E-12-04---12.03.00
张子健---E-12-04---12.03.00
许航---E-12-04---12.03.00
周自胜---E-12-04---12.03.00
刘忠文---E-12-04---12.03.00
黄小武---E-12-04---12.03.00
戴晖毅---E-12-04---12.03.00
王玫---E-12-04---12.03.00
李爱平---E-12-04---12.03.00
徐雁---E-12-05---12.05.01
陈喜群---E-12-05---12.05.01
张号---E-12-05---12.05.01
张子健---E-12-05---12.05.01
许航---E-12-05---12.05.01
周自胜---E-12-05---12.05.01
刘忠文---E-12-05---12.05.01
黄小武---E-12-05---12.05.01
戴晖毅---E-12-05---12.05.01
王玫---E-12-05---12.05.01
李爱平---E-12-05---12.05.01
徐雁---E-13-01---13.01.01
张号---E-13-01---13.01.01
张子健---E-13-01---13.01.01
徐雁---E-13-02---13.01.02
陈喜群---E-13-02---13.01.02
张号---E-13-02---13.01.02
张子健---E-13-02---13.01.02
许航---E-13-02---13.01.02
周自胜---E-13-02---13.01.02
刘忠文---E-13-02---13.01.02
黄小武---E-13-02---13.01.02
戴晖毅---E-13-02---13.01.02
王玫---E-13-02---13.01.02
徐雁---E-14-00---14.01.01
陈喜群---E-14-00---14.01.01
张号---E-14-00---14.01.01
张子健---E-14-00---14.01.01
许航---E-14-00---14.01.01
周自胜---E-14-00---14.01.01
刘忠文---E-14-00---14.01.01
黄小武---E-14-00---14.01.01
王玫---E-14-00---14.01.01
黄盛仁---E-14-00---14.01.01
赵戍征---E-14-00---14.01.01
乐树林---E-14-00---14.01.01
肖自谷---E-14-00---14.01.01
郑劲松---E-14-00---14.01.01
周京萍---E-14-00---14.01.01
雷建忠---E-14-00---14.01.01
李爱平---E-14-00---14.01.01
戴晖毅---E-14-00---14.01.01
张子健---E-15-01---15.06.02
张子健---E-15-01-01---15.06.02.01
徐雁---E-15-02---15.01.01
陈喜群---E-15-02---15.01.01
张号---E-15-02---15.01.01
张子健---E-15-02---15.01.01
许航---E-15-02---15.01.01
周自胜---E-15-02---15.01.01
刘忠文---E-15-02---15.01.01
黄小武---E-15-02---15.01.01
戴晖毅---E-15-02---15.01.01
王玫---E-15-02---15.01.01
张号---E-16-01---16.01.01
徐雁---E-16-02---16.02.01
陈喜群---E-16-02---16.02.01
张号---E-16-02---16.02.01
张子健---E-16-02---16.02.01
张号---E-17-01---17.01.00
徐雁---E-17-02---17.02.01
张号---E-17-02---17.02.01
周自胜---E-17-02---17.02.01
刘忠文---E-17-02---17.02.01
陈喜群---E-17-02---17.02.01
许航---E-17-02---17.02.01
戴晖毅---E-17-02---17.02.01
张子健---E-17-02---17.02.01
张号---E-17-03---17.04.01
张子健---E-17-03---17.04.01
徐雁---E-17-04---17.10.01
张号---E-17-04---17.10.01
周自胜---E-17-04---17.10.01
刘忠文---E-17-04---17.10.01
陈喜群---E-17-04---17.10.01
许航---E-17-04---17.10.01
戴晖毅---E-17-04---17.10.01
张子健---E-17-04---17.10.01
黄小武---E-17-04---17.10.01
王玫---E-17-04---17.10.01
李爱平---E-17-04---17.10.01
徐雁---E-17-05---17.07.01
张号---E-17-05---17.07.01
周自胜---E-17-05---17.07.01
刘忠文---E-17-05---17.07.01
陈喜群---E-17-05---17.07.01
许航---E-17-05---17.07.01
戴晖毅---E-17-05---17.07.01
张子健---E-17-05---17.07.01
黄小武---E-17-05---17.07.01
赵戍征---E-17-05---17.07.01
王玫---E-17-05---17.07.01
李爱平---E-17-05---17.07.01
徐雁---E-17-05-03---17.07.01.03
陈喜群---E-17-05-03---17.07.01.03
张号---E-17-05-03---17.07.01.03
张子健---E-17-05-03---17.07.01.03
许航---E-17-05-03---17.07.01.03
周自胜---E-17-05-03---17.07.01.03
刘忠文---E-17-05-03---17.07.01.03
黄小武---E-17-05-03---17.07.01.03
王玫---E-17-05-03---17.07.01.03
黄盛仁---E-17-05-03---17.07.01.03
赵戍征---E-17-05-03---17.07.01.03
乐树林---E-17-05-03---17.07.01.03
肖自谷---E-17-05-03---17.07.01.03
郑劲松---E-17-05-03---17.07.01.03
周京萍---E-17-05-03---17.07.01.03
雷建忠---E-17-05-03---17.07.01.03
李爱平---E-17-05-03---17.07.01.03
戴晖毅---E-17-05-03---17.07.01.03
徐雁---E-17-06---18.01.01
张号---E-17-06---18.01.01
周自胜---E-17-06---18.01.01
刘忠文---E-17-06---18.01.01
陈喜群---E-17-06---18.01.01
许航---E-17-06---18.01.01
戴晖毅---E-17-06---18.01.01
张子健---E-17-06---18.01.01
黄小武---E-17-06---18.01.01
赵戍征---E-17-06---18.01.01
王玫---E-17-06---18.01.01
李爱平---E-17-06---18.01.01
徐雁---E-17-06-03---18.01.01.03
陈喜群---E-17-06-03---18.01.01.03
张号---E-17-06-03---18.01.01.03
张子健---E-17-06-03---18.01.01.03
许航---E-17-06-03---18.01.01.03
周自胜---E-17-06-03---18.01.01.03
刘忠文---E-17-06-03---18.01.01.03
黄小武---E-17-06-03---18.01.01.03
王玫---E-17-06-03---18.01.01.03
黄盛仁---E-17-06-03---18.01.01.03
赵戍征---E-17-06-03---18.01.01.03
乐树林---E-17-06-03---18.01.01.03
肖自谷---E-17-06-03---18.01.01.03
郑劲松---E-17-06-03---18.01.01.03
周京萍---E-17-06-03---18.01.01.03
雷建忠---E-17-06-03---18.01.01.03
李爱平---E-17-06-03---18.01.01.03
戴晖毅---E-17-06-03---18.01.01.03
徐雁---E-18-00---18.06.00
陈喜群---E-18-00---18.06.00
张号---E-18-00---18.06.00
张子健---E-18-00---18.06.00
许航---E-18-00---18.06.00
周自胜---E-18-00---18.06.00
刘忠文---E-18-00---18.06.00
黄小武---E-18-00---18.06.00
王玫---E-18-00---18.06.00
黄盛仁---E-18-00---18.06.00
赵戍征---E-18-00---18.06.00
乐树林---E-18-00---18.06.00
肖自谷---E-18-00---18.06.00
郑劲松---E-18-00---18.06.00
周京萍---E-18-00---18.06.00
雷建忠---E-18-00---18.06.00
李爱平---E-18-00---18.06.00
戴晖毅---E-18-00---18.06.00
徐雁---E-19-01---18.07.01
张号---E-19-01---18.07.01
周自胜---E-19-01---18.07.01
刘忠文---E-19-01---18.07.01
陈喜群---E-19-01---18.07.01
许航---E-19-01---18.07.01
戴晖毅---E-19-01---18.07.01
张子健---E-19-01---18.07.01
黄小武---E-19-01---18.07.01
王玫---E-19-01---18.07.01
李爱平---E-19-01---18.07.01
徐雁---E-19-01-03---18.07.01.03
陈喜群---E-19-01-03---18.07.01.03
张号---E-19-01-03---18.07.01.03
张子健---E-19-01-03---18.07.01.03
许航---E-19-01-03---18.07.01.03
周自胜---E-19-01-03---18.07.01.03
刘忠文---E-19-01-03---18.07.01.03
黄小武---E-19-01-03---18.07.01.03
王玫---E-19-01-03---18.07.01.03
黄盛仁---E-19-01-03---18.07.01.03
赵戍征---E-19-01-03---18.07.01.03
乐树林---E-19-01-03---18.07.01.03
肖自谷---E-19-01-03---18.07.01.03
郑劲松---E-19-01-03---18.07.01.03
周京萍---E-19-01-03---18.07.01.03
雷建忠---E-19-01-03---18.07.01.03
李爱平---E-19-01-03---18.07.01.03
戴晖毅---E-19-01-03---18.07.01.03
徐雁---E-19-02---19.02.00
张号---E-19-02---19.02.00
周自胜---E-19-02---19.02.00
刘忠文---E-19-02---19.02.00
陈喜群---E-19-02---19.02.00
许航---E-19-02---19.02.00
戴晖毅---E-19-02---19.02.00
张子健---E-19-02---19.02.00
黄小武---E-19-02---19.02.00
王玫---E-19-02---19.02.00
李爱平---E-19-02---19.02.00
徐雁---E-19-02-03---19.02.00.03
陈喜群---E-19-02-03---19.02.00.03
张号---E-19-02-03---19.02.00.03
张子健---E-19-02-03---19.02.00.03
许航---E-19-02-03---19.02.00.03
周自胜---E-19-02-03---19.02.00.03
刘忠文---E-19-02-03---19.02.00.03
黄小武---E-19-02-03---19.02.00.03
王玫---E-19-02-03---19.02.00.03
黄盛仁---E-19-02-03---19.02.00.03
赵戍征---E-19-02-03---19.02.00.03
乐树林---E-19-02-03---19.02.00.03
肖自谷---E-19-02-03---19.02.00.03
郑劲松---E-19-02-03---19.02.00.03
周京萍---E-19-02-03---19.02.00.03
雷建忠---E-19-02-03---19.02.00.03
李爱平---E-19-02-03---19.02.00.03
戴晖毅---E-19-02-03---19.02.00.03
徐雁---E-19-03---19.11.00
张号---E-19-03---19.11.00
周自胜---E-19-03---19.11.00
刘忠文---E-19-03---19.11.00
陈喜群---E-19-03---19.11.00
许航---E-19-03---19.11.00
戴晖毅---E-19-03---19.11.00
张子健---E-19-03---19.11.00
黄小武---E-19-03---19.11.00
王玫---E-19-03---19.11.00
李爱平---E-19-03---19.11.00
徐雁---E-19-03-03---19.11.00.03
陈喜群---E-19-03-03---19.11.00.03
张号---E-19-03-03---19.11.00.03
张子健---E-19-03-03---19.11.00.03
许航---E-19-03-03---19.11.00.03
周自胜---E-19-03-03---19.11.00.03
刘忠文---E-19-03-03---19.11.00.03
黄小武---E-19-03-03---19.11.00.03
王玫---E-19-03-03---19.11.00.03
黄盛仁---E-19-03-03---19.11.00.03
赵戍征---E-19-03-03---19.11.00.03
乐树林---E-19-03-03---19.11.00.03
肖自谷---E-19-03-03---19.11.00.03
郑劲松---E-19-03-03---19.11.00.03
周京萍---E-19-03-03---19.11.00.03
雷建忠---E-19-03-03---19.11.00.03
李爱平---E-19-03-03---19.11.00.03
戴晖毅---E-19-03-03---19.11.00.03
张子健---E-19-04---19.05.00
张号---E-19-04---19.05.00
徐雁---E-19-04---19.05.00
戴晖毅---E-19-04-02---19.05.00.02
周自胜---E-19-04-02---19.05.00.02
张子健---E-19-04-02---19.05.00.02
张号---E-19-04-02---19.05.00.02
徐雁---E-19-04-02---19.05.00.02
李爱平---E-19-04-02---19.05.00.02
徐雁---E-19-05---19.08.00
张号---E-19-05---19.08.00
周自胜---E-19-05---19.08.00
刘忠文---E-19-05---19.08.00
陈喜群---E-19-05---19.08.00
许航---E-19-05---19.08.00
戴晖毅---E-19-05---19.08.00
张子健---E-19-05---19.08.00
黄小武---E-19-05---19.08.00
王玫---E-19-05---19.08.00
李爱平---E-19-05---19.08.00
徐雁---E-19-05-03---19.08.00.03
陈喜群---E-19-05-03---19.08.00.03
张号---E-19-05-03---19.08.00.03
张子健---E-19-05-03---19.08.00.03
许航---E-19-05-03---19.08.00.03
周自胜---E-19-05-03---19.08.00.03
刘忠文---E-19-05-03---19.08.00.03
黄小武---E-19-05-03---19.08.00.03
王玫---E-19-05-03---19.08.00.03
黄盛仁---E-19-05-03---19.08.00.03
赵戍征---E-19-05-03---19.08.00.03
乐树林---E-19-05-03---19.08.00.03
肖自谷---E-19-05-03---19.08.00.03
郑劲松---E-19-05-03---19.08.00.03
周京萍---E-19-05-03---19.08.00.03
雷建忠---E-19-05-03---19.08.00.03
李爱平---E-19-05-03---19.08.00.03
戴晖毅---E-19-05-03---19.08.00.03
徐雁---E-23-01---23.01.01
陈喜群---E-23-01---23.01.01
张号---E-23-01---23.01.01
张子健---E-23-01---23.01.01
许航---E-23-01---23.01.01
周自胜---E-23-01---23.01.01
刘忠文---E-23-01---23.01.01
黄小武---E-23-01---23.01.01
王玫---E-23-01---23.01.01
黄盛仁---E-23-01---23.01.01
赵戍征---E-23-01---23.01.01
乐树林---E-23-01---23.01.01
肖自谷---E-23-01---23.01.01
郑劲松---E-23-01---23.01.01
周京萍---E-23-01---23.01.01
雷建忠---E-23-01---23.01.01
李爱平---E-23-01---23.01.01
戴晖毅---E-23-01---23.01.01
徐雁---E-23-01-03---23.01.01.03
陈喜群---E-23-01-03---23.01.01.03
张号---E-23-01-03---23.01.01.03
张子健---E-23-01-03---23.01.01.03
许航---E-23-01-03---23.01.01.03
周自胜---E-23-01-03---23.01.01.03
刘忠文---E-23-01-03---23.01.01.03
黄小武---E-23-01-03---23.01.01.03
王玫---E-23-01-03---23.01.01.03
黄盛仁---E-23-01-03---23.01.01.03
赵戍征---E-23-01-03---23.01.01.03
乐树林---E-23-01-03---23.01.01.03
肖自谷---E-23-01-03---23.01.01.03
郑劲松---E-23-01-03---23.01.01.03
周京萍---E-23-01-03---23.01.01.03
雷建忠---E-23-01-03---23.01.01.03
李爱平---E-23-01-03---23.01.01.03
戴晖毅---E-23-01-03---23.01.01.03
徐雁---E-23-02---23.02.02
陈喜群---E-23-02---23.02.02
张号---E-23-02---23.02.02
张子健---E-23-02---23.02.02
许航---E-23-02---23.02.02
周自胜---E-23-02---23.02.02
刘忠文---E-23-02---23.02.02
黄小武---E-23-02---23.02.02
王玫---E-23-02---23.02.02
黄盛仁---E-23-02---23.02.02
赵戍征---E-23-02---23.02.02
乐树林---E-23-02---23.02.02
肖自谷---E-23-02---23.02.02
郑劲松---E-23-02---23.02.02
周京萍---E-23-02---23.02.02
雷建忠---E-23-02---23.02.02
李爱平---E-23-02---23.02.02
戴晖毅---E-23-02---23.02.02
徐雁---E-23-02-03---23.02.02.03
陈喜群---E-23-02-03---23.02.02.03
张号---E-23-02-03---23.02.02.03
张子健---E-23-02-03---23.02.02.03
许航---E-23-02-03---23.02.02.03
周自胜---E-23-02-03---23.02.02.03
刘忠文---E-23-02-03---23.02.02.03
黄小武---E-23-02-03---23.02.02.03
王玫---E-23-02-03---23.02.02.03
黄盛仁---E-23-02-03---23.02.02.03
赵戍征---E-23-02-03---23.02.02.03
乐树林---E-23-02-03---23.02.02.03
肖自谷---E-23-02-03---23.02.02.03
郑劲松---E-23-02-03---23.02.02.03
周京萍---E-23-02-03---23.02.02.03
雷建忠---E-23-02-03---23.02.02.03
李爱平---E-23-02-03---23.02.02.03
戴晖毅---E-23-02-03---23.02.02.03
徐雁---E-24-00---24.01.00
陈喜群---E-24-00---24.01.00
张号---E-24-00---24.01.00
张子健---E-24-00---24.01.00
许航---E-24-00---24.01.00
周自胜---E-24-00---24.01.00
黄小武---E-24-00---24.01.00
徐雁---E-24-00-02---24.01.00.02
陈喜群---E-24-00-02---24.01.00.02
张号---E-24-00-02---24.01.00.02
张子健---E-24-00-02---24.01.00.02
许航---E-24-00-02---24.01.00.02
周自胜---E-24-00-02---24.01.00.02
黄小武---E-24-00-02---24.01.00.02
徐雁---E-24-00-03---24.01.00.03
陈喜群---E-24-00-03---24.01.00.03
张号---E-24-00-03---24.01.00.03
张子健---E-24-00-03---24.01.00.03
许航---E-24-00-03---24.01.00.03
周自胜---E-24-00-03---24.01.00.03
刘忠文---E-24-00-03---24.01.00.03
黄小武---E-24-00-03---24.01.00.03
王玫---E-24-00-03---24.01.00.03
黄盛仁---E-24-00-03---24.01.00.03
赵戍征---E-24-00-03---24.01.00.03
乐树林---E-24-00-03---24.01.00.03
肖自谷---E-24-00-03---24.01.00.03
郑劲松---E-24-00-03---24.01.00.03
周京萍---E-24-00-03---24.01.00.03
雷建忠---E-24-00-03---24.01.00.03
李爱平---E-24-00-03---24.01.00.03
戴晖毅---E-24-00-03---24.01.00.03
张号---E-25-01---25.01.01
张子健---E-25-01---25.01.01
徐雁---E-25-02---25.02.00
张号---E-25-02---25.02.00
张子健---E-25-02---25.02.00
陈喜群---E-26-00---26.01.01
黄小武---E-26-00---26.01.01
张号---E-26-00---26.01.01
徐雁---E-27-01---27.01.00
张号---E-27-01---27.01.00
张子健---E-27-01---27.01.00
徐雁---E-27-02---27.02.00
张号---E-27-02---27.02.00
张子健---E-27-02---27.02.00
许航---E-27-02---27.02.00
陈喜群---E-27-02---27.02.00
张子健---E-28-01---28.01.01
许航---E-28-01---28.01.01
黄盛仁---E-28-01---28.01.01
徐雁---E-28-02---28.01.02
许航---E-28-02---28.01.02
黄小武---E-28-02---28.01.02
黄盛仁---E-28-02---28.01.02
张子健---E-28-02---28.01.02
徐雁---E-28-03---28.03.01
许航---E-28-03---28.03.01
黄小武---E-28-03---28.03.01
黄盛仁---E-28-03---28.03.01
张子健---E-28-03---28.03.01
徐雁---E-28-04---28.04.01
许航---E-28-04---28.04.01
黄小武---E-28-04---28.04.01
黄盛仁---E-28-04---28.04.01
张子健---E-28-04---28.04.01
徐雁---E-28-05---28.05.00
陈喜群---E-28-05---28.05.00
张号---E-28-05---28.05.00
张子健---E-28-05---28.05.00
许航---E-28-05---28.05.00
周自胜---E-28-05---28.05.00
刘忠文---E-28-05---28.05.00
黄小武---E-28-05---28.05.00
王玫---E-28-05---28.05.00
黄盛仁---E-28-05---28.05.00
赵戍征---E-28-05---28.05.00
乐树林---E-28-05---28.05.00
肖自谷---E-28-05---28.05.00
郑劲松---E-28-05---28.05.00
周京萍---E-28-05---28.05.00
雷建忠---E-28-05---28.05.00
李爱平---E-28-05---28.05.00
戴晖毅---E-28-05---28.05.00
黄小武---E-29-01---29.05.00
陈喜群---E-29-01---29.05.00
张号---E-29-01---29.05.00
徐雁---E-29-02---29.02.00
张号---E-29-02---29.02.00
周自胜---E-29-02---29.02.00
刘忠文---E-29-02---29.02.00
陈喜群---E-29-02---29.02.00
许航---E-29-02---29.02.00
戴晖毅---E-29-02---29.02.00
张子健---E-29-02---29.02.00
黄小武---E-29-02---29.02.00
王玫---E-29-02---29.02.00
徐雁---E-29-03---29.01.00
陈喜群---E-29-03---29.01.00
张号---E-29-03---29.01.00
张子健---E-29-03---29.01.00
许航---E-29-03---29.01.00
周自胜---E-29-03---29.01.00
刘忠文---E-29-03---29.01.00
黄小武---E-29-03---29.01.00
王玫---E-29-03---29.01.00
黄盛仁---E-29-03---29.01.00
赵戍征---E-29-03---29.01.00
乐树林---E-29-03---29.01.00
肖自谷---E-29-03---29.01.00
郑劲松---E-29-03---29.01.00
周京萍---E-29-03---29.01.00
雷建忠---E-29-03---29.01.00
李爱平---E-29-03---29.01.00
戴晖毅---E-29-03---29.01.00
徐雁---E-30-00---30.01.01
张号---E-30-00---30.01.01
周自胜---E-30-00---30.01.01
刘忠文---E-30-00---30.01.01
陈喜群---E-30-00---30.01.01
许航---E-30-00---30.01.01
戴晖毅---E-30-00---30.01.01
张子健---E-30-00---30.01.01
王玫---E-30-00---30.01.01
张子健---E-31-01---31.01.00
黄小武---E-31-01---31.01.00
陈喜群---E-31-01---31.01.00
张号---E-31-01---31.01.00
徐雁---E-31-01-02---31.01.00.02
张号---E-31-01-02---31.01.00.02
周自胜---E-31-01-02---31.01.00.02
陈喜群---E-31-01-02---31.01.00.02
许航---E-31-01-02---31.01.00.02
张子健---E-31-01-02---31.01.00.02
黄小武---E-31-01-02---31.01.00.02
徐雁---E-31-02---31.04.01
张号---E-31-02---31.04.01
周自胜---E-31-02---31.04.01
陈喜群---E-31-02---31.04.01
许航---E-31-02---31.04.01
张子健---E-31-02---31.04.01
黄小武---E-31-02---31.04.01
徐雁---E-31-02-02---31.04.01.02
张号---E-31-02-02---31.04.01.02
周自胜---E-31-02-02---31.04.01.02
陈喜群---E-31-02-02---31.04.01.02
许航---E-31-02-02---31.04.01.02
张子健---E-31-02-02---31.04.01.02
黄小武---E-31-02-02---31.04.01.02
徐雁---E-31-03---31.03.00
张号---E-31-03---31.03.00
周自胜---E-31-03---31.03.00
陈喜群---E-31-03---31.03.00
许航---E-31-03---31.03.00
张子健---E-31-03---31.03.00
黄小武---E-31-03---31.03.00
徐雁---E-31-03-02---31.03.00.02
张号---E-31-03-02---31.03.00.02
周自胜---E-31-03-02---31.03.00.02
陈喜群---E-31-03-02---31.03.00.02
许航---E-31-03-02---31.03.00.02
张子健---E-31-03-02---31.03.00.02
黄小武---E-31-03-02---31.03.00.02
徐雁---E-31-04---31.06.00
张号---E-31-04---31.06.00
周自胜---E-31-04---31.06.00
陈喜群---E-31-04---31.06.00
许航---E-31-04---31.06.00
张子健---E-31-04---31.06.00
黄小武---E-31-04---31.06.00
徐雁---E-31-05---31.08.00
张号---E-31-05---31.08.00
周自胜---E-31-05---31.08.00
陈喜群---E-31-05---31.08.00
许航---E-31-05---31.08.00
张子健---E-31-05---31.08.00
黄小武---E-31-05---31.08.00
戴晖毅---E-31-06---31.09.01
徐雁---E-31-06---31.09.01
陈喜群---E-31-06---31.09.01
张号---E-31-06---31.09.01
周自胜---E-31-06---31.09.01
张子健---E-31-06---31.09.01
许航---E-31-06---31.09.01
黄小武---E-31-06---31.09.01
王玫---E-31-06---31.09.01
张子健---E-31-07---31.09.01.01
黄小武---E-31-07---31.09.01.01
张号---E-31-07---31.09.01.01
徐雁---E-31-08---31.10.01
陈喜群---E-31-08---31.10.01
张号---E-31-08---31.10.01
张子健---E-31-08---31.10.01
许航---E-31-08---31.10.01
周自胜---E-31-08---31.10.01
刘忠文---E-31-08---31.10.01
黄小武---E-31-08---31.10.01
王玫---E-31-08---31.10.01
黄盛仁---E-31-08---31.10.01
赵戍征---E-31-08---31.10.01
乐树林---E-31-08---31.10.01
肖自谷---E-31-08---31.10.01
郑劲松---E-31-08---31.10.01
周京萍---E-31-08---31.10.01
雷建忠---E-31-08---31.10.01
李爱平---E-31-08---31.10.01
戴晖毅---E-31-08---31.10.01
徐雁---E-31-09---31.11.00
陈喜群---E-31-09---31.11.00
张号---E-31-09---31.11.00
张子健---E-31-09---31.11.00
许航---E-31-09---31.11.00
周自胜---E-31-09---31.11.00
刘忠文---E-31-09---31.11.00
黄小武---E-31-09---31.11.00
王玫---E-31-09---31.11.00
黄盛仁---E-31-09---31.11.00
赵戍征---E-31-09---31.11.00
乐树林---E-31-09---31.11.00
肖自谷---E-31-09---31.11.00
郑劲松---E-31-09---31.11.00
周京萍---E-31-09---31.11.00
雷建忠---E-31-09---31.11.00
李爱平---E-31-09---31.11.00
戴晖毅---E-31-09---31.11.00
徐雁---E-32-01---32.01.01
陈喜群---E-32-01---32.01.01
张号---E-32-01---32.01.01
张子健---E-32-01---32.01.01
许航---E-32-01---32.01.01
周自胜---E-32-01---32.01.01
刘忠文---E-32-01---32.01.01
黄小武---E-32-01---32.01.01
王玫---E-32-01---32.01.01
黄盛仁---E-32-01---32.01.01
赵戍征---E-32-01---32.01.01
乐树林---E-32-01---32.01.01
肖自谷---E-32-01---32.01.01
郑劲松---E-32-01---32.01.01
周京萍---E-32-01---32.01.01
雷建忠---E-32-01---32.01.01
李爱平---E-32-01---32.01.01
戴晖毅---E-32-01---32.01.01
徐雁---E-32-02---32.06.01
张号---E-32-02---32.06.01
张子健---E-32-02---32.06.01
黄小武---E-32-02---32.06.01
许航---E-32-02---32.06.01
黄盛仁---E-32-02---32.06.01
戴晖毅---E-32-03---32.08.01
徐雁---E-32-03---32.08.01
陈喜群---E-32-03---32.08.01
张号---E-32-03---32.08.01
周自胜---E-32-03---32.08.01
张子健---E-32-03---32.08.01
许航---E-32-03---32.08.01
黄小武---E-32-03---32.08.01
刘忠文---E-32-03---32.08.01
王玫---E-32-03---32.08.01
周京萍---E-32-03---32.08.01
李爱平---E-32-03---32.08.01
徐雁---E-32-03-03---32.08.02.03
陈喜群---E-32-03-03---32.08.02.03
张号---E-32-03-03---32.08.02.03
张子健---E-32-03-03---32.08.02.03
许航---E-32-03-03---32.08.02.03
周自胜---E-32-03-03---32.08.02.03
刘忠文---E-32-03-03---32.08.02.03
黄小武---E-32-03-03---32.08.02.03
王玫---E-32-03-03---32.08.02.03
黄盛仁---E-32-03-03---32.08.02.03
赵戍征---E-32-03-03---32.08.02.03
乐树林---E-32-03-03---32.08.02.03
肖自谷---E-32-03-03---32.08.02.03
郑劲松---E-32-03-03---32.08.02.03
周京萍---E-32-03-03---32.08.02.03
雷建忠---E-32-03-03---32.08.02.03
李爱平---E-32-03-03---32.08.02.03
戴晖毅---E-32-03-03---32.08.02.03
徐雁---E-32-04---32.06.02
陈喜群---E-32-04---32.06.02
张号---E-32-04---32.06.02
张子健---E-32-04---32.06.02
许航---E-32-04---32.06.02
周自胜---E-32-04---32.06.02
刘忠文---E-32-04---32.06.02
黄小武---E-32-04---32.06.02
王玫---E-32-04---32.06.02
黄盛仁---E-32-04---32.06.02
赵戍征---E-32-04---32.06.02
乐树林---E-32-04---32.06.02
肖自谷---E-32-04---32.06.02
郑劲松---E-32-04---32.06.02
周京萍---E-32-04---32.06.02
雷建忠---E-32-04---32.06.02
李爱平---E-32-04---32.06.02
戴晖毅---E-32-04---32.06.02
徐雁---E-32-05---32.09.00
陈喜群---E-32-05---32.09.00
张号---E-32-05---32.09.00
张子健---E-32-05---32.09.00
许航---E-32-05---32.09.00
周自胜---E-32-05---32.09.00
刘忠文---E-32-05---32.09.00
黄小武---E-32-05---32.09.00
王玫---E-32-05---32.09.00
黄盛仁---E-32-05---32.09.00
赵戍征---E-32-05---32.09.00
乐树林---E-32-05---32.09.00
肖自谷---E-32-05---32.09.00
郑劲松---E-32-05---32.09.00
周京萍---E-32-05---32.09.00
雷建忠---E-32-05---32.09.00
李爱平---E-32-05---32.09.00
戴晖毅---E-32-05---32.09.00
徐雁---E-33-00---33.01.00
陈喜群---E-33-00---33.01.00
张号---E-33-00---33.01.00
张子健---E-33-00---33.01.00
许航---E-33-00---33.01.00
周自胜---E-33-00---33.01.00
刘忠文---E-33-00---33.01.00
黄小武---E-33-00---33.01.00
王玫---E-33-00---33.01.00
黄盛仁---E-33-00---33.01.00
赵戍征---E-33-00---33.01.00
乐树林---E-33-00---33.01.00
肖自谷---E-33-00---33.01.00
郑劲松---E-33-00---33.01.00
周京萍---E-33-00---33.01.00
雷建忠---E-33-00---33.01.00
李爱平---E-33-00---33.01.00
戴晖毅---E-33-00---33.01.00
张子健---E-34-01---34.01.00.01
许航---E-34-01---34.01.00.01
徐雁---E-34-02---34.01.00
陈喜群---E-34-02---34.01.00
张号---E-34-02---34.01.00
张子健---E-34-02---34.01.00
许航---E-34-02---34.01.00
周自胜---E-34-02---34.01.00
刘忠文---E-34-02---34.01.00
黄小武---E-34-02---34.01.00
王玫---E-34-02---34.01.00
黄盛仁---E-34-02---34.01.00
赵戍征---E-34-02---34.01.00
乐树林---E-34-02---34.01.00
肖自谷---E-34-02---34.01.00
郑劲松---E-34-02---34.01.00
周京萍---E-34-02---34.01.00
雷建忠---E-34-02---34.01.00
李爱平---E-34-02---34.01.00
戴晖毅---E-34-02---34.01.00
徐雁---E-35-01---35.06.00
陈喜群---E-35-01---35.06.00
张号---E-35-01---35.06.00
张子健---E-35-01---35.06.00
许航---E-35-01---35.06.00
周自胜---E-35-01---35.06.00
刘忠文---E-35-01---35.06.00
黄小武---E-35-01---35.06.00
王玫---E-35-01---35.06.00
黄盛仁---E-35-01---35.06.00
赵戍征---E-35-01---35.06.00
乐树林---E-35-01---35.06.00
肖自谷---E-35-01---35.06.00
郑劲松---E-35-01---35.06.00
周京萍---E-35-01---35.06.00
雷建忠---E-35-01---35.06.00
李爱平---E-35-01---35.06.00
戴晖毅---E-35-01---35.06.00
徐雁---E-35-02---35.01.01
陈喜群---E-35-02---35.01.01
张号---E-35-02---35.01.01
张子健---E-35-02---35.01.01
许航---E-35-02---35.01.01
周自胜---E-35-02---35.01.01
刘忠文---E-35-02---35.01.01
黄小武---E-35-02---35.01.01
王玫---E-35-02---35.01.01
黄盛仁---E-35-02---35.01.01
赵戍征---E-35-02---35.01.01
乐树林---E-35-02---35.01.01
肖自谷---E-35-02---35.01.01
郑劲松---E-35-02---35.01.01
周京萍---E-35-02---35.01.01
雷建忠---E-35-02---35.01.01
李爱平---E-35-02---35.01.01
戴晖毅---E-35-02---35.01.01
徐雁---E-36-01---36.01.01.01
陈喜群---E-36-01---36.01.01.01
张子健---E-36-01---36.01.01.01
黄盛仁---E-36-01---36.01.01.01
张号---E-36-01---36.01.01.01
徐雁---E-36-02---36.01.01
陈喜群---E-36-02---36.01.01
张号---E-36-02---36.01.01
张子健---E-36-02---36.01.01
许航---E-36-02---36.01.01
周自胜---E-36-02---36.01.01
刘忠文---E-36-02---36.01.01
黄小武---E-36-02---36.01.01
王玫---E-36-02---36.01.01
黄盛仁---E-36-02---36.01.01
赵戍征---E-36-02---36.01.01
乐树林---E-36-02---36.01.01
肖自谷---E-36-02---36.01.01
郑劲松---E-36-02---36.01.01
周京萍---E-36-02---36.01.01
雷建忠---E-36-02---36.01.01
李爱平---E-36-02---36.01.01
戴晖毅---E-36-02---36.01.01
徐雁---E-37-00---37.01.00
陈喜群---E-37-00---37.01.00
张号---E-37-00---37.01.00
张子健---E-37-00---37.01.00
许航---E-37-00---37.01.00
周自胜---E-37-00---37.01.00
刘忠文---E-37-00---37.01.00
黄小武---E-37-00---37.01.00
王玫---E-37-00---37.01.00
黄盛仁---E-37-00---37.01.00
赵戍征---E-37-00---37.01.00
乐树林---E-37-00---37.01.00
肖自谷---E-37-00---37.01.00
郑劲松---E-37-00---37.01.00
周京萍---E-37-00---37.01.00
雷建忠---E-37-00---37.01.00
李爱平---E-37-00---37.01.00
戴晖毅---E-37-00---37.01.00
徐雁---E-38-01---38.01.01
陈喜群---E-38-01---38.01.01
张号---E-38-01---38.01.01
张子健---E-38-01---38.01.01
许航---E-38-01---38.01.01
徐雁---E-38-02---38.03.01
陈喜群---E-38-02---38.03.01
张号---E-38-02---38.03.01
张子健---E-38-02---38.03.01
许航---E-38-02---38.03.01
周自胜---E-38-02---38.03.01
刘忠文---E-38-02---38.03.01
黄小武---E-38-02---38.03.01
王玫---E-38-02---38.03.01
黄盛仁---E-38-02---38.03.01
赵戍征---E-38-02---38.03.01
乐树林---E-38-02---38.03.01
肖自谷---E-38-02---38.03.01
郑劲松---E-38-02---38.03.01
周京萍---E-38-02---38.03.01
雷建忠---E-38-02---38.03.01
李爱平---E-38-02---38.03.01
戴晖毅---E-38-02---38.03.01
徐雁---E-39-01---39.01.01
陈喜群---E-39-01---39.01.01
张号---E-39-01---39.01.01
张子健---E-39-01---39.01.01
许航---E-39-01---39.01.01
徐雁---E-39-02---39.01.02
陈喜群---E-39-02---39.01.02
张号---E-39-02---39.01.02
张子健---E-39-02---39.01.02
许航---E-39-02---39.01.02
周自胜---E-39-02---39.01.02
黄小武---E-39-02---39.01.02
徐雁---E-39-03---39.01.03
陈喜群---E-39-03---39.01.03
张号---E-39-03---39.01.03
张子健---E-39-03---39.01.03
许航---E-39-03---39.01.03
周自胜---E-39-03---39.01.03
黄小武---E-39-03---39.01.03
徐雁---E-39-04---39.01.03
陈喜群---E-39-04---39.01.03
张号---E-39-04---39.01.03
张子健---E-39-04---39.01.03
许航---E-39-04---39.01.03
周自胜---E-39-04---39.01.03
黄小武---E-39-04---39.01.03
徐雁---E-39-05---39.09.03
陈喜群---E-39-05---39.09.03
张号---E-39-05---39.09.03
张子健---E-39-05---39.09.03
许航---E-39-05---39.09.03
周自胜---E-39-05---39.09.03
黄小武---E-39-05---39.09.03
戴晖毅---E-39-05---39.09.03
刘忠文---E-39-05---39.09.03
王玫---E-39-05---39.09.03
徐雁---E-39-06---39.02.01
陈喜群---E-39-06---39.02.01
张号---E-39-06---39.02.01
张子健---E-39-06---39.02.01
许航---E-39-06---39.02.01
周自胜---E-39-06---39.02.01
刘忠文---E-39-06---39.02.01
黄小武---E-39-06---39.02.01
王玫---E-39-06---39.02.01
黄盛仁---E-39-06---39.02.01
赵戍征---E-39-06---39.02.01
乐树林---E-39-06---39.02.01
肖自谷---E-39-06---39.02.01
郑劲松---E-39-06---39.02.01
周京萍---E-39-06---39.02.01
雷建忠---E-39-06---39.02.01
李爱平---E-39-06---39.02.01
戴晖毅---E-39-06---39.02.01
徐雁---S-01-01---01.06.01
陈喜群---S-01-01---01.06.01
张号---S-01-01---01.06.01
张子健---S-01-01---01.06.01
许航---S-01-01---01.06.01
周自胜---S-01-01---01.06.01
刘忠文---S-01-01---01.06.01
黄小武---S-01-01---01.06.01
王玫---S-01-01---01.06.01
黄盛仁---S-01-01---01.06.01
赵戍征---S-01-01---01.06.01
乐树林---S-01-01---01.06.01
肖自谷---S-01-01---01.06.01
郑劲松---S-01-01---01.06.01
周京萍---S-01-01---01.06.01
雷建忠---S-01-01---01.06.01
李爱平---S-01-01---01.06.01
戴晖毅---S-01-01---01.06.01
徐雁---S-01-02---01.07.01
陈喜群---S-01-02---01.07.01
张号---S-01-02---01.07.01
张子健---S-01-02---01.07.01
许航---S-01-02---01.07.01
周自胜---S-01-02---01.07.01
刘忠文---S-01-02---01.07.01
黄小武---S-01-02---01.07.01
王玫---S-01-02---01.07.01
黄盛仁---S-01-02---01.07.01
赵戍征---S-01-02---01.07.01
乐树林---S-01-02---01.07.01
肖自谷---S-01-02---01.07.01
郑劲松---S-01-02---01.07.01
周京萍---S-01-02---01.07.01
雷建忠---S-01-02---01.07.01
李爱平---S-01-02---01.07.01
戴晖毅---S-01-02---01.07.01
戴晖毅---S-01-03---01.01.01
陈喜群---S-01-03---01.01.01
徐雁---S-01-03---01.01.01
张号---S-01-03---01.01.01
周自胜---S-01-03---01.01.01
张子健---S-01-03---01.01.01
许航---S-01-03---01.01.01
刘忠文---S-01-03---01.01.01
王玫---S-01-03---01.01.01
周京萍---S-01-03---01.01.01
陈晓红---S-01-03---01.01.01
黄小武---S-01-03---01.01.01
黄盛仁---S-01-03---01.01.01
肖自谷---S-01-03---01.01.01
乐树林---S-01-03---01.01.01
李爱平---S-01-03---01.01.01
郑劲松---S-01-03---01.01.01
张子健---S-03-02---03.03.01
许航---S-03-02---03.03.01
黄小武---S-03-02---03.03.01
黄小武---S-03-03---03.10.00
黄盛仁---S-03-03---03.10.00
张号---S-04-01---04.01.01
张子健---S-04-01---04.01.01
周自胜---S-04-01---04.01.01
许航---S-04-01---04.01.01
刘忠文---S-04-01---04.01.01
黄小武---S-04-01---04.01.01
戴晖毅---S-04-01-03---04.01.01.03
陈喜群---S-04-01-03---04.01.01.03
徐雁---S-04-01-03---04.01.01.03
张号---S-04-01-03---04.01.01.03
周自胜---S-04-01-03---04.01.01.03
张子健---S-04-01-03---04.01.01.03
许航---S-04-01-03---04.01.01.03
刘忠文---S-04-01-03---04.01.01.03
王玫---S-04-01-03---04.01.01.03
周京萍---S-04-01-03---04.01.01.03
陈晓红---S-04-01-03---04.01.01.03
黄小武---S-04-01-03---04.01.01.03
黄盛仁---S-04-01-03---04.01.01.03
肖自谷---S-04-01-03---04.01.01.03
乐树林---S-04-01-03---04.01.01.03
李爱平---S-04-01-03---04.01.01.03
郑劲松---S-04-01-03---04.01.01.03
黄小武---S-04-02---04.10.00
黄小武---S-05-01---05.01.00
黄小武---S-05-02---05.02.00
周自胜---S-06-00---06.01.00
许航---S-06-00---06.01.00
黄小武---S-06-00---06.01.00
张号---S-07-00---07.01.01
张子健---S-07-00---07.01.01
周自胜---S-07-00---07.01.01
许航---S-07-00---07.01.01
刘忠文---S-07-00---07.01.01
戴晖毅---S-07-00---07.01.01
陈喜群---S-07-00---07.01.01
王玫---S-07-00---07.01.01
李爱平---S-07-00---07.01.01
戴晖毅---S-07-00-03---07.01.01.03
陈喜群---S-07-00-03---07.01.01.03
徐雁---S-07-00-03---07.01.01.03
张号---S-07-00-03---07.01.01.03
周自胜---S-07-00-03---07.01.01.03
张子健---S-07-00-03---07.01.01.03
许航---S-07-00-03---07.01.01.03
刘忠文---S-07-00-03---07.01.01.03
王玫---S-07-00-03---07.01.01.03
周京萍---S-07-00-03---07.01.01.03
陈晓红---S-07-00-03---07.01.01.03
黄小武---S-07-00-03---07.01.01.03
黄盛仁---S-07-00-03---07.01.01.03
肖自谷---S-07-00-03---07.01.01.03
乐树林---S-07-00-03---07.01.01.03
李爱平---S-07-00-03---07.01.01.03
郑劲松---S-07-00-03---07.01.01.03
戴晖毅---S-08-00---08.01.01
陈喜群---S-08-00---08.01.01
徐雁---S-08-00---08.01.01
张号---S-08-00---08.01.01
周自胜---S-08-00---08.01.01
张子健---S-08-00---08.01.01
许航---S-08-00---08.01.01
刘忠文---S-08-00---08.01.01
王玫---S-08-00---08.01.01
周京萍---S-08-00---08.01.01
陈晓红---S-08-00---08.01.01
黄小武---S-08-00---08.01.01
黄盛仁---S-08-00---08.01.01
肖自谷---S-08-00---08.01.01
乐树林---S-08-00---08.01.01
李爱平---S-08-00---08.01.01
郑劲松---S-08-00---08.01.01
戴晖毅---S-09-01---09.01.01
陈喜群---S-09-01---09.01.01
张号---S-09-01---09.01.01
周自胜---S-09-01---09.01.01
张子健---S-09-01---09.01.01
许航---S-09-01---09.01.01
刘忠文---S-09-01---09.01.01
王玫---S-09-01---09.01.01
黄小武---S-09-01---09.01.01
黄盛仁---S-09-01---09.01.01
李爱平---S-09-01---09.01.01
戴晖毅---S-09-01-03---09.01.01.03
陈喜群---S-09-01-03---09.01.01.03
徐雁---S-09-01-03---09.01.01.03
张号---S-09-01-03---09.01.01.03
周自胜---S-09-01-03---09.01.01.03
张子健---S-09-01-03---09.01.01.03
许航---S-09-01-03---09.01.01.03
刘忠文---S-09-01-03---09.01.01.03
王玫---S-09-01-03---09.01.01.03
周京萍---S-09-01-03---09.01.01.03
陈晓红---S-09-01-03---09.01.01.03
黄小武---S-09-01-03---09.01.01.03
黄盛仁---S-09-01-03---09.01.01.03
肖自谷---S-09-01-03---09.01.01.03
乐树林---S-09-01-03---09.01.01.03
李爱平---S-09-01-03---09.01.01.03
郑劲松---S-09-01-03---09.01.01.03
戴晖毅---S-09-02---09.02.01
陈喜群---S-09-02---09.02.01
徐雁---S-09-02---09.02.01
张号---S-09-02---09.02.01
周自胜---S-09-02---09.02.01
张子健---S-09-02---09.02.01
许航---S-09-02---09.02.01
刘忠文---S-09-02---09.02.01
王玫---S-09-02---09.02.01
周京萍---S-09-02---09.02.01
陈晓红---S-09-02---09.02.01
黄小武---S-09-02---09.02.01
黄盛仁---S-09-02---09.02.01
肖自谷---S-09-02---09.02.01
乐树林---S-09-02---09.02.01
李爱平---S-09-02---09.02.01
郑劲松---S-09-02---09.02.01
陈喜群---S-13-00---13.01.01
张号---S-13-00---13.01.01
王玫---S-13-00---13.01.01
刘忠文---S-13-00---13.01.01
黄小武---S-13-00---13.01.01
许航---S-13-00---13.01.01
张子健---S-13-00---13.01.01
戴晖毅---S-14-00---14.01.01
陈喜群---S-14-00---14.01.01
张号---S-14-00---14.01.01
周自胜---S-14-00---14.01.01
张子健---S-14-00---14.01.01
许航---S-14-00---14.01.01
刘忠文---S-14-00---14.01.01
王玫---S-14-00---14.01.01
黄小武---S-14-00---14.01.01
肖自谷---S-14-00---14.01.01
李爱平---S-14-00---14.01.01
陈喜群---S-15-01---15.01.01
张号---S-15-01---15.01.01
周自胜---S-15-01---15.01.01
张子健---S-15-01---15.01.01
许航---S-15-01---15.01.01
刘忠文---S-15-01---15.01.01
王玫---S-15-01---15.01.01
黄小武---S-15-01---15.01.01
黄盛仁---S-15-01---15.01.01
张号---S-15-02---15.01.05
张子健---S-15-02---15.01.05
黄小武---S-15-02---15.01.05
黄小武---S-17-00---17.01.00
黄盛仁---S-17-00---17.01.00
黄小武---S-18-01---17.02.01
黄盛仁---S-18-01---17.02.01
戴晖毅---S-18-02---17.06.01
徐雁---S-18-02---17.06.01
陈喜群---S-18-02---17.06.01
张号---S-18-02---17.06.01
周自胜---S-18-02---17.06.01
张子健---S-18-02---17.06.01
许航---S-18-02---17.06.01
刘忠文---S-18-02---17.06.01
黄小武---S-18-02---17.06.01
黄盛仁---S-18-02---17.06.01
王玫---S-18-02---17.06.01
肖自谷---S-18-02---17.06.01
李爱平---S-18-02---17.06.01
戴晖毅---S-18-03---17.10.01
徐雁---S-18-03---17.10.01
陈喜群---S-18-03---17.10.01
张号---S-18-03---17.10.01
周自胜---S-18-03---17.10.01
张子健---S-18-03---17.10.01
许航---S-18-03---17.10.01
刘忠文---S-18-03---17.10.01
黄小武---S-18-03---17.10.01
黄盛仁---S-18-03---17.10.01
王玫---S-18-03---17.10.01
李爱平---S-18-03---17.10.01
戴晖毅---S-18-04---18.06.00
徐雁---S-18-04---18.06.00
陈喜群---S-18-04---18.06.00
张号---S-18-04---18.06.00
周自胜---S-18-04---18.06.00
张子健---S-18-04---18.06.00
许航---S-18-04---18.06.00
刘忠文---S-18-04---18.06.00
黄小武---S-18-04---18.06.00
黄盛仁---S-18-04---18.06.00
王玫---S-18-04---18.06.00
李爱平---S-18-04---18.06.00
戴晖毅---S-19-01---19.01.01
徐雁---S-19-01---19.01.01
陈喜群---S-19-01---19.01.01
张号---S-19-01---19.01.01
周自胜---S-19-01---19.01.01
张子健---S-19-01---19.01.01
许航---S-19-01---19.01.01
刘忠文---S-19-01---19.01.01
黄小武---S-19-01---19.01.01
黄盛仁---S-19-01---19.01.01
王玫---S-19-01---19.01.01
肖自谷---S-19-01---19.01.01
李爱平---S-19-01---19.01.01
戴晖毅---S-19-01-03---19.01.01.03
陈喜群---S-19-01-03---19.01.01.03
徐雁---S-19-01-03---19.01.01.03
张号---S-19-01-03---19.01.01.03
周自胜---S-19-01-03---19.01.01.03
张子健---S-19-01-03---19.01.01.03
许航---S-19-01-03---19.01.01.03
刘忠文---S-19-01-03---19.01.01.03
李爱平---S-19-01-03---19.01.01.03
王玫---S-19-01-03---19.01.01.03
周京萍---S-19-01-03---19.01.01.03
陈晓红---S-19-01-03---19.01.01.03
黄小武---S-19-01-03---19.01.01.03
黄盛仁---S-19-01-03---19.01.01.03
肖自谷---S-19-01-03---19.01.01.03
乐树林---S-19-01-03---19.01.01.03
郑劲松---S-19-01-03---19.01.01.03
陈喜群---S-19-02---19.04.00
张号---S-19-02---19.04.00
周自胜---S-19-02---19.04.00
张子健---S-19-02---19.04.00
许航---S-19-02---19.04.00
黄小武---S-19-02---19.04.00
王玫---S-19-02---19.04.00
戴晖毅---S-19-02-03---19.04.00.03
陈喜群---S-19-02-03---19.04.00.03
徐雁---S-19-02-03---19.04.00.03
张号---S-19-02-03---19.04.00.03
周自胜---S-19-02-03---19.04.00.03
张子健---S-19-02-03---19.04.00.03
许航---S-19-02-03---19.04.00.03
刘忠文---S-19-02-03---19.04.00.03
王玫---S-19-02-03---19.04.00.03
李爱平---S-19-02-03---19.04.00.03
周京萍---S-19-02-03---19.04.00.03
陈晓红---S-19-02-03---19.04.00.03
黄小武---S-19-02-03---19.04.00.03
黄盛仁---S-19-02-03---19.04.00.03
肖自谷---S-19-02-03---19.04.00.03
乐树林---S-19-02-03---19.04.00.03
郑劲松---S-19-02-03---19.04.00.03
张子健---S-19-03---19.05.00
戴晖毅---S-19-03-03---19.05.00.03
陈喜群---S-19-03-03---19.05.00.03
徐雁---S-19-03-03---19.05.00.03
张号---S-19-03-03---19.05.00.03
周自胜---S-19-03-03---19.05.00.03
张子健---S-19-03-03---19.05.00.03
许航---S-19-03-03---19.05.00.03
刘忠文---S-19-03-03---19.05.00.03
王玫---S-19-03-03---19.05.00.03
周京萍---S-19-03-03---19.05.00.03
陈晓红---S-19-03-03---19.05.00.03
黄小武---S-19-03-03---19.05.00.03
黄盛仁---S-19-03-03---19.05.00.03
肖自谷---S-19-03-03---19.05.00.03
乐树林---S-19-03-03---19.05.00.03
李爱平---S-19-03-03---19.05.00.03
郑劲松---S-19-03-03---19.05.00.03
戴晖毅---S-19-04---19.08.00
徐雁---S-19-04---19.08.00
陈喜群---S-19-04---19.08.00
张号---S-19-04---19.08.00
周自胜---S-19-04---19.08.00
张子健---S-19-04---19.08.00
许航---S-19-04---19.08.00
刘忠文---S-19-04---19.08.00
黄小武---S-19-04---19.08.00
黄盛仁---S-19-04---19.08.00
王玫---S-19-04---19.08.00
肖自谷---S-19-04---19.08.00
李爱平---S-19-04---19.08.00
戴晖毅---S-19-04-03---19.08.00.03
陈喜群---S-19-04-03---19.08.00.03
徐雁---S-19-04-03---19.08.00.03
张号---S-19-04-03---19.08.00.03
周自胜---S-19-04-03---19.08.00.03
张子健---S-19-04-03---19.08.00.03
许航---S-19-04-03---19.08.00.03
刘忠文---S-19-04-03---19.08.00.03
王玫---S-19-04-03---19.08.00.03
周京萍---S-19-04-03---19.08.00.03
陈晓红---S-19-04-03---19.08.00.03
黄小武---S-19-04-03---19.08.00.03
黄盛仁---S-19-04-03---19.08.00.03
肖自谷---S-19-04-03---19.08.00.03
乐树林---S-19-04-03---19.08.00.03
李爱平---S-19-04-03---19.08.00.03
郑劲松---S-19-04-03---19.08.00.03
黄盛仁---S-20-00---20.01.01
黄盛仁---S-22-00---22.01.00
张子健---S-23-00---23.01.01
许航---S-23-00---23.01.01
刘忠文---S-23-00---23.01.01
黄小武---S-23-00---23.01.01
黄盛仁---S-23-00---23.01.01
陈喜群---S-24-00---24.01.00
张号---S-24-00---24.01.00
周自胜---S-24-00---24.01.00
张子健---S-24-00---24.01.00
许航---S-24-00---24.01.00
陈喜群---S-27-01---27.01.00
张号---S-27-01---27.01.00
周自胜---S-27-01---27.01.00
张子健---S-27-01---27.01.00
许航---S-27-01---27.01.00
张子健---S-27-02---27.02.00
张子健---S-28-01---28.01.01
黄盛仁---S-28-01---28.01.01
张子健---S-28-02---28.02.01
黄盛仁---S-28-02---28.02.01
黄盛仁---S-28-03---28.03.01
张子健---S-28-04---28.04.01
黄小武---S-28-04---28.04.01
黄盛仁---S-28-04---28.04.01
许航---S-28-04---28.04.01
戴晖毅---S-29-01---29.01.00
陈喜群---S-29-01---29.01.00
徐雁---S-29-01---29.01.00
张号---S-29-01---29.01.00
周自胜---S-29-01---29.01.00
张子健---S-29-01---29.01.00
许航---S-29-01---29.01.00
刘忠文---S-29-01---29.01.00
王玫---S-29-01---29.01.00
周京萍---S-29-01---29.01.00
陈晓红---S-29-01---29.01.00
黄小武---S-29-01---29.01.00
黄盛仁---S-29-01---29.01.00
肖自谷---S-29-01---29.01.00
乐树林---S-29-01---29.01.00
李爱平---S-29-01---29.01.00
郑劲松---S-29-01---29.01.00
戴晖毅---S-30-00---30.01.01
陈喜群---S-30-00---30.01.01
徐雁---S-30-00---30.01.01
张号---S-30-00---30.01.01
周自胜---S-30-00---30.01.01
张子健---S-30-00---30.01.01
许航---S-30-00---30.01.01
刘忠文---S-30-00---30.01.01
王玫---S-30-00---30.01.01
周京萍---S-30-00---30.01.01
陈晓红---S-30-00---30.01.01
黄小武---S-30-00---30.01.01
黄盛仁---S-30-00---30.01.01
肖自谷---S-30-00---30.01.01
乐树林---S-30-00---30.01.01
李爱平---S-30-00---30.01.01
郑劲松---S-30-00---30.01.01
戴晖毅---S-31-01---31.01.00
陈喜群---S-31-01---31.01.00
徐雁---S-31-01---31.01.00
张号---S-31-01---31.01.00
周自胜---S-31-01---31.01.00
张子健---S-31-01---31.01.00
许航---S-31-01---31.01.00
刘忠文---S-31-01---31.01.00
王玫---S-31-01---31.01.00
周京萍---S-31-01---31.01.00
陈晓红---S-31-01---31.01.00
黄小武---S-31-01---31.01.00
黄盛仁---S-31-01---31.01.00
肖自谷---S-31-01---31.01.00
乐树林---S-31-01---31.01.00
李爱平---S-31-01---31.01.00
郑劲松---S-31-01---31.01.00
黄小武---S-31-02---31.02.01
张子健---S-31-02---31.02.01
陈喜群---S-31-02---31.02.01
张号---S-31-02---31.02.01
黄小武---S-31-03---31.03.00
张子健---S-31-03---31.03.00
陈喜群---S-31-03---31.03.00
张号---S-31-03---31.03.00
黄小武---S-31-04---31.04.01
张子健---S-31-04---31.04.01
陈喜群---S-31-04---31.04.01
张号---S-31-04---31.04.01
张子健---S-31-05---31.09.01
黄小武---S-31-05---31.09.01
陈喜群---S-31-05---31.09.01
张子健---S-31-05-02---31.09.01.02
黄小武---S-31-05-02---31.09.01.02
陈喜群---S-31-05-02---31.09.01.02
张号---S-31-05-02---31.09.01.02
周自胜---S-31-05-02---31.09.01.02
黄盛仁---S-31-05-02---31.09.01.02
戴晖毅---S-31-06---31.10.01
陈喜群---S-31-06---31.10.01
徐雁---S-31-06---31.10.01
张号---S-31-06---31.10.01
周自胜---S-31-06---31.10.01
张子健---S-31-06---31.10.01
许航---S-31-06---31.10.01
刘忠文---S-31-06---31.10.01
王玫---S-31-06---31.10.01
周京萍---S-31-06---31.10.01
陈晓红---S-31-06---31.10.01
黄小武---S-31-06---31.10.01
黄盛仁---S-31-06---31.10.01
肖自谷---S-31-06---31.10.01
乐树林---S-31-06---31.10.01
李爱平---S-31-06---31.10.01
郑劲松---S-31-06---31.10.01
戴晖毅---S-32-00---32.01.01
陈喜群---S-32-00---32.01.01
徐雁---S-32-00---32.01.01
张号---S-32-00---32.01.01
周自胜---S-32-00---32.01.01
张子健---S-32-00---32.01.01
许航---S-32-00---32.01.01
刘忠文---S-32-00---32.01.01
王玫---S-32-00---32.01.01
周京萍---S-32-00---32.01.01
陈晓红---S-32-00---32.01.01
黄小武---S-32-00---32.01.01
黄盛仁---S-32-00---32.01.01
肖自谷---S-32-00---32.01.01
乐树林---S-32-00---32.01.01
李爱平---S-32-00---32.01.01
郑劲松---S-32-00---32.01.01
戴晖毅---S-33-00---33.01.00
陈喜群---S-33-00---33.01.00
徐雁---S-33-00---33.01.00
张号---S-33-00---33.01.00
周自胜---S-33-00---33.01.00
张子健---S-33-00---33.01.00
许航---S-33-00---33.01.00
刘忠文---S-33-00---33.01.00
王玫---S-33-00---33.01.00
周京萍---S-33-00---33.01.00
陈晓红---S-33-00---33.01.00
黄小武---S-33-00---33.01.00
黄盛仁---S-33-00---33.01.00
肖自谷---S-33-00---33.01.00
乐树林---S-33-00---33.01.00
李爱平---S-33-00---33.01.00
郑劲松---S-33-00---33.01.00
戴晖毅---S-34-00---34.01.00
陈喜群---S-34-00---34.01.00
徐雁---S-34-00---34.01.00
张号---S-34-00---34.01.00
周自胜---S-34-00---34.01.00
张子健---S-34-00---34.01.00
许航---S-34-00---34.01.00
刘忠文---S-34-00---34.01.00
王玫---S-34-00---34.01.00
周京萍---S-34-00---34.01.00
陈晓红---S-34-00---34.01.00
黄小武---S-34-00---34.01.00
黄盛仁---S-34-00---34.01.00
肖自谷---S-34-00---34.01.00
乐树林---S-34-00---34.01.00
李爱平---S-34-00---34.01.00
郑劲松---S-34-00---34.01.00
戴晖毅---S-35-01---35.01.01
陈喜群---S-35-01---35.01.01
徐雁---S-35-01---35.01.01
张号---S-35-01---35.01.01
周自胜---S-35-01---35.01.01
张子健---S-35-01---35.01.01
许航---S-35-01---35.01.01
刘忠文---S-35-01---35.01.01
王玫---S-35-01---35.01.01
周京萍---S-35-01---35.01.01
陈晓红---S-35-01---35.01.01
黄小武---S-35-01---35.01.01
黄盛仁---S-35-01---35.01.01
肖自谷---S-35-01---35.01.01
乐树林---S-35-01---35.01.01
李爱平---S-35-01---35.01.01
郑劲松---S-35-01---35.01.01
黄小武---S-35-02---35.06.00
黄盛仁---S-35-02---35.06.00
戴晖毅---S-36-00---36.01.01
陈喜群---S-36-00---36.01.01
徐雁---S-36-00---36.01.01
张号---S-36-00---36.01.01
周自胜---S-36-00---36.01.01
张子健---S-36-00---36.01.01
许航---S-36-00---36.01.01
刘忠文---S-36-00---36.01.01
王玫---S-36-00---36.01.01
周京萍---S-36-00---36.01.01
陈晓红---S-36-00---36.01.01
黄小武---S-36-00---36.01.01
黄盛仁---S-36-00---36.01.01
肖自谷---S-36-00---36.01.01
乐树林---S-36-00---36.01.01
李爱平---S-36-00---36.01.01
郑劲松---S-36-00---36.01.01
戴晖毅---S-37-00---37.01.00
陈喜群---S-37-00---37.01.00
徐雁---S-37-00---37.01.00
张号---S-37-00---37.01.00
周自胜---S-37-00---37.01.00
张子健---S-37-00---37.01.00
许航---S-37-00---37.01.00
刘忠文---S-37-00---37.01.00
王玫---S-37-00---37.01.00
周京萍---S-37-00---37.01.00
陈晓红---S-37-00---37.01.00
黄小武---S-37-00---37.01.00
黄盛仁---S-37-00---37.01.00
肖自谷---S-37-00---37.01.00
乐树林---S-37-00---37.01.00
李爱平---S-37-00---37.01.00
郑劲松---S-37-00---37.01.00
戴晖毅---S-38-01---38.01.01
陈喜群---S-38-01---38.01.01
徐雁---S-38-01---38.01.01
张号---S-38-01---38.01.01
周自胜---S-38-01---38.01.01
张子健---S-38-01---38.01.01
许航---S-38-01---38.01.01
刘忠文---S-38-01---38.01.01
王玫---S-38-01---38.01.01
周京萍---S-38-01---38.01.01
陈晓红---S-38-01---38.01.01
黄小武---S-38-01---38.01.01
黄盛仁---S-38-01---38.01.01
肖自谷---S-38-01---38.01.01
乐树林---S-38-01---38.01.01
李爱平---S-38-01---38.01.01
郑劲松---S-38-01---38.01.01
陈喜群---S-38-02---38.01.02
张号---S-38-02---38.01.02
戴晖毅---S-38-03---38.03.01
陈喜群---S-38-03---38.03.01
徐雁---S-38-03---38.03.01
张号---S-38-03---38.03.01
周自胜---S-38-03---38.03.01
张子健---S-38-03---38.03.01
许航---S-38-03---38.03.01
刘忠文---S-38-03---38.03.01
王玫---S-38-03---38.03.01
周京萍---S-38-03---38.03.01
陈晓红---S-38-03---38.03.01
黄小武---S-38-03---38.03.01
黄盛仁---S-38-03---38.03.01
肖自谷---S-38-03---38.03.01
乐树林---S-38-03---38.03.01
李爱平---S-38-03---38.03.01
郑劲松---S-38-03---38.03.01
陈喜群---S-39-01---39.01.01
徐雁---S-39-01---39.01.01
张号---S-39-01---39.01.01
张子健---S-39-01---39.01.01
许航---S-39-01---39.01.01
黄小武---S-39-01---39.01.01
陈喜群---S-39-02---39.01.02
张号---S-39-02---39.01.02
张子健---S-39-02---39.01.02
许航---S-39-02---39.01.02
黄小武---S-39-02---39.01.02
周自胜---S-39-02-02---39.01.02.02
陈喜群---S-39-02-02---39.01.02.02
张号---S-39-02-02---39.01.02.02
张子健---S-39-02-02---39.01.02.02
许航---S-39-02-02---39.01.02.02
黄小武---S-39-02-02---39.01.02.02
陈喜群---S-39-03---39.01.03
张号---S-39-03---39.01.03
张子健---S-39-03---39.01.03
许航---S-39-03---39.01.03
黄小武---S-39-03---39.01.03
戴晖毅---S-39-04---39.07.03
陈喜群---S-39-04---39.07.03
张号---S-39-04---39.07.03
周自胜---S-39-04---39.07.03
张子健---S-39-04---39.07.03
许航---S-39-04---39.07.03
刘忠文---S-39-04---39.07.03
黄小武---S-39-04---39.07.03
戴晖毅---S-39-05---39.02.01
陈喜群---S-39-05---39.02.01
徐雁---S-39-05---39.02.01
张号---S-39-05---39.02.01
周自胜---S-39-05---39.02.01
张子健---S-39-05---39.02.01
许航---S-39-05---39.02.01
刘忠文---S-39-05---39.02.01
王玫---S-39-05---39.02.01
周京萍---S-39-05---39.02.01
陈晓红---S-39-05---39.02.01
黄小武---S-39-05---39.02.01
黄盛仁---S-39-05---39.02.01
肖自谷---S-39-05---39.02.01
乐树林---S-39-05---39.02.01
李爱平---S-39-05---39.02.01
郑劲松---S-39-05---39.02.01
