[ 2016-06-24T09:58:21+08:00 ] ::1 /lin/wep/
INFO: [ app_init ] --START--
INFO: Run Behavior\BuildLiteBehavior [ RunTime:0.000013s ]
INFO: [ app_init ] --END-- [ RunTime:0.000558s ]
INFO: [ app_begin ] --START--
INFO: Run Behavior\ReadHtmlCacheBehavior [ RunTime:0.000721s ]
INFO: [ app_begin ] --END-- [ RunTime:0.000782s ]

[ 2016-06-24T09:58:39+08:00 ] ::1 /lin/wep/
INFO: [ app_init ] --START--
INFO: Run Behavior\BuildLiteBehavior [ RunTime:0.000020s ]
INFO: [ app_init ] --END-- [ RunTime:0.012791s ]
INFO: [ app_begin ] --START--
INFO: Run Behavior\ReadHtmlCacheBehavior [ RunTime:0.000992s ]
INFO: [ app_begin ] --END-- [ RunTime:0.001080s ]
INFO: [ view_parse ] --START--
INFO: [ template_filter ] --START--
INFO: Run Behavior\ContentReplaceBehavior [ RunTime:0.000876s ]
INFO: [ template_filter ] --END-- [ RunTime:0.000967s ]
INFO: Run Behavior\ParseTemplateBehavior [ RunTime:0.072149s ]
INFO: [ view_parse ] --END-- [ RunTime:0.072312s ]
INFO: [ view_filter ] --START--
INFO: Run Behavior\WriteHtmlCacheBehavior [ RunTime:0.047902s ]
INFO: [ view_filter ] --END-- [ RunTime:0.048008s ]

[ 2016-06-24T09:58:41+08:00 ] ::1 /lin/wep/index.php/Home/Login/index
INFO: [ app_init ] --START--
INFO: Run Behavior\BuildLiteBehavior [ RunTime:0.000014s ]
INFO: [ app_init ] --END-- [ RunTime:0.000415s ]
INFO: [ app_begin ] --START--
INFO: Run Behavior\ReadHtmlCacheBehavior [ RunTime:0.000487s ]
INFO: [ app_begin ] --END-- [ RunTime:0.000534s ]
INFO: [ view_parse ] --START--
INFO: [ template_filter ] --START--
INFO: Run Behavior\ContentReplaceBehavior [ RunTime:0.000132s ]
INFO: [ template_filter ] --END-- [ RunTime:0.000213s ]
INFO: Run Behavior\ParseTemplateBehavior [ RunTime:0.022591s ]
INFO: [ view_parse ] --END-- [ RunTime:0.022657s ]
INFO: [ view_filter ] --START--
INFO: Run Behavior\WriteHtmlCacheBehavior [ RunTime:0.000317s ]
INFO: [ view_filter ] --END-- [ RunTime:0.000355s ]
INFO: [ app_end ] --START--
INFO: Run Behavior\ShowPageTraceBehavior [ RunTime:0.001483s ]
INFO: [ app_end ] --END-- [ RunTime:0.001564s ]

[ 2016-06-24T10:02:19+08:00 ] ::1 /lin/wep/index.php/Home/Ajax/login
INFO: [ app_begin ] --START--
INFO: Run Behavior\ReadHtmlCacheBehavior [ RunTime:0.000336s ]
INFO: [ app_begin ] --END-- [ RunTime:0.000663s ]
NOTIC: [2048] Non-static method Home\Controller\CommonController::getSign() should not be called statically E:\WWW\lin\wep\Application\Home\Controller\CommonController.class.php 第 45 行.
NOTIC: [2048] Non-static method Home\Controller\CommonController::getUrlContent() should not be called statically E:\WWW\lin\wep\Application\Home\Controller\CommonController.class.php 第 50 行.

[ 2016-06-24T10:07:27+08:00 ] ::1 /lin/wep/index.php/Home/Ajax/login
INFO: [ app_begin ] --START--
INFO: Run Behavior\ReadHtmlCacheBehavior [ RunTime:0.000252s ]
INFO: [ app_begin ] --END-- [ RunTime:0.000458s ]
NOTIC: [2048] Non-static method Home\Controller\CommonController::getSign() should not be called statically E:\WWW\lin\wep\Application\Home\Controller\CommonController.class.php 第 45 行.
NOTIC: [2048] Non-static method Home\Controller\CommonController::getUrlContent() should not be called statically E:\WWW\lin\wep\Application\Home\Controller\CommonController.class.php 第 50 行.

[ 2016-06-24T10:16:34+08:00 ] ::1 /lin/wep/index.php/Home/Login/index
ERR: Think\Controller:trace方法不存在！

[ 2016-06-24T10:54:55+08:00 ] ::1 /lin/wep/index.php/Home/Login/index
ERR: Think\Controller:showTrace方法不存在！

[ 2016-06-24T10:55:31+08:00 ] ::1 /lin/wep/index.php/Home/Login/index
ERR: Think\Controller:showTime方法不存在！

[ 2016-06-24T10:55:33+08:00 ] ::1 /lin/wep/index.php/Home/Login/index
ERR: Think\Controller:showTime方法不存在！

[ 2016-06-24T10:55:33+08:00 ] ::1 /lin/wep/index.php/Home/Login/index
ERR: Think\Controller:showTime方法不存在！

[ 2016-06-24T10:55:33+08:00 ] ::1 /lin/wep/index.php/Home/Login/index
ERR: Think\Controller:showTime方法不存在！

[ 2016-06-24T10:55:33+08:00 ] ::1 /lin/wep/index.php/Home/Login/index
ERR: Think\Controller:showTime方法不存在！

[ 2016-06-24T10:55:33+08:00 ] ::1 /lin/wep/index.php/Home/Login/index
ERR: Think\Controller:showTime方法不存在！

[ 2016-06-24T10:55:34+08:00 ] ::1 /lin/wep/index.php/Home/Login/index
ERR: Think\Controller:showTime方法不存在！

[ 2016-06-24T10:55:34+08:00 ] ::1 /lin/wep/index.php/Home/Login/index
ERR: Think\Controller:showTime方法不存在！

[ 2016-06-24T10:55:34+08:00 ] ::1 /lin/wep/index.php/Home/Login/index
ERR: Think\Controller:showTime方法不存在！

[ 2016-06-24T10:56:01+08:00 ] ::1 /lin/wep/index.php/Home/Login/index
ERR: Think\Controller:showTime方法不存在！

[ 2016-06-24T11:02:59+08:00 ] ::1 /lin/wep/index.php/Home/Ajax/login
INFO: [ app_begin ] --START--
INFO: Run Behavior\ReadHtmlCacheBehavior [ RunTime:0.000259s ]
INFO: [ app_begin ] --END-- [ RunTime:0.000472s ]
NOTIC: [2048] Non-static method Home\Controller\CommonController::getSign() should not be called statically E:\WWW\lin\wep\Application\Home\Controller\CommonController.class.php 第 45 行.
NOTIC: [2048] Non-static method Home\Controller\CommonController::getUrlContent() should not be called statically E:\WWW\lin\wep\Application\Home\Controller\CommonController.class.php 第 50 行.

[ 2016-06-24T13:27:59+08:00 ] ::1 /lin/wep/index.php/Home/Ajax/login
INFO: [ app_begin ] --START--
INFO: Run Behavior\ReadHtmlCacheBehavior [ RunTime:0.000269s ]
INFO: [ app_begin ] --END-- [ RunTime:0.000494s ]
NOTIC: [2048] Non-static method Home\Controller\CommonController::getSign() should not be called statically E:\WWW\lin\wep\Application\Home\Controller\CommonController.class.php 第 45 行.
NOTIC: [2048] Non-static method Home\Controller\CommonController::getUrlContent() should not be called statically E:\WWW\lin\wep\Application\Home\Controller\CommonController.class.php 第 50 行.

[ 2016-06-24T13:28:22+08:00 ] ::1 /lin/wep/index.php/Home/Ajax/login
INFO: [ app_begin ] --START--
INFO: Run Behavior\ReadHtmlCacheBehavior [ RunTime:0.000318s ]
INFO: [ app_begin ] --END-- [ RunTime:0.000591s ]
NOTIC: [2048] Non-static method Home\Controller\CommonController::getSign() should not be called statically E:\WWW\lin\wep\Application\Home\Controller\CommonController.class.php 第 45 行.
NOTIC: [2048] Non-static method Home\Controller\CommonController::getUrlContent() should not be called statically E:\WWW\lin\wep\Application\Home\Controller\CommonController.class.php 第 50 行.

[ 2016-06-24T13:29:42+08:00 ] ::1 /lin/wep/index.php/Home/Ajax/login
INFO: [ app_begin ] --START--
INFO: Run Behavior\ReadHtmlCacheBehavior [ RunTime:0.000458s ]
INFO: [ app_begin ] --END-- [ RunTime:0.000796s ]

[ 2016-06-24T13:30:17+08:00 ] ::1 /lin/wep/index.php/Home/Ajax/login
INFO: [ app_begin ] --START--
INFO: Run Behavior\ReadHtmlCacheBehavior [ RunTime:0.000359s ]
INFO: [ app_begin ] --END-- [ RunTime:0.000788s ]
NOTIC: [2048] Non-static method Home\Controller\CommonController::getSign() should not be called statically E:\WWW\lin\wep\Application\Home\Controller\CommonController.class.php 第 45 行.
NOTIC: [2048] Non-static method Home\Controller\CommonController::getUrlContent() should not be called statically E:\WWW\lin\wep\Application\Home\Controller\CommonController.class.php 第 50 行.

[ 2016-06-24T13:37:41+08:00 ] ::1 /lin/wep/index.php/Home/Ajax/login
INFO: [ app_begin ] --START--
INFO: Run Behavior\ReadHtmlCacheBehavior [ RunTime:0.000432s ]
INFO: [ app_begin ] --END-- [ RunTime:0.000710s ]
NOTIC: [2048] Non-static method Home\Controller\CommonController::getCheckCode() should not be called statically E:\WWW\lin\wep\Application\Home\Controller\CommonController.class.php 第 44 行.
NOTIC: [2048] Non-static method Home\Controller\CommonController::getSign() should not be called statically E:\WWW\lin\wep\Application\Home\Controller\CommonController.class.php 第 49 行.
NOTIC: [2048] Non-static method Home\Controller\CommonController::getUrlContent() should not be called statically E:\WWW\lin\wep\Application\Home\Controller\CommonController.class.php 第 54 行.

[ 2016-06-24T13:38:00+08:00 ] ::1 /lin/wep/index.php/Home/Ajax/login
INFO: [ app_begin ] --START--
INFO: Run Behavior\ReadHtmlCacheBehavior [ RunTime:0.000513s ]
INFO: [ app_begin ] --END-- [ RunTime:0.000942s ]
NOTIC: [2048] Non-static method Home\Controller\CommonController::getCheckCode() should not be called statically E:\WWW\lin\wep\Application\Home\Controller\CommonController.class.php 第 44 行.
NOTIC: [2048] Non-static method Home\Controller\CommonController::getSign() should not be called statically E:\WWW\lin\wep\Application\Home\Controller\CommonController.class.php 第 49 行.
NOTIC: [2048] Non-static method Home\Controller\CommonController::getUrlContent() should not be called statically E:\WWW\lin\wep\Application\Home\Controller\CommonController.class.php 第 54 行.

[ 2016-06-24T13:39:17+08:00 ] ::1 /lin/wep/index.php/Home/Ajax/login
INFO: [ app_begin ] --START--
INFO: Run Behavior\ReadHtmlCacheBehavior [ RunTime:0.000312s ]
INFO: [ app_begin ] --END-- [ RunTime:0.000580s ]
NOTIC: [2048] Non-static method Home\Controller\CommonController::getCheckCode() should not be called statically E:\WWW\lin\wep\Application\Home\Controller\CommonController.class.php 第 44 行.
NOTIC: [2048] Non-static method Home\Controller\CommonController::getSign() should not be called statically E:\WWW\lin\wep\Application\Home\Controller\CommonController.class.php 第 49 行.
NOTIC: [2048] Non-static method Home\Controller\CommonController::getUrlContent() should not be called statically E:\WWW\lin\wep\Application\Home\Controller\CommonController.class.php 第 54 行.

[ 2016-06-24T13:39:25+08:00 ] ::1 /lin/wep/index.php/Home/Ajax/login
INFO: [ app_begin ] --START--
INFO: Run Behavior\ReadHtmlCacheBehavior [ RunTime:0.000259s ]
INFO: [ app_begin ] --END-- [ RunTime:0.000490s ]
NOTIC: [2048] Non-static method Home\Controller\CommonController::getCheckCode() should not be called statically E:\WWW\lin\wep\Application\Home\Controller\CommonController.class.php 第 44 行.
NOTIC: [2048] Non-static method Home\Controller\CommonController::getSign() should not be called statically E:\WWW\lin\wep\Application\Home\Controller\CommonController.class.php 第 49 行.
NOTIC: [2048] Non-static method Home\Controller\CommonController::getUrlContent() should not be called statically E:\WWW\lin\wep\Application\Home\Controller\CommonController.class.php 第 54 行.

[ 2016-06-24T13:40:02+08:00 ] ::1 /lin/wep/index.php/Home/Ajax/login
INFO: [ app_begin ] --START--
INFO: Run Behavior\ReadHtmlCacheBehavior [ RunTime:0.000251s ]
INFO: [ app_begin ] --END-- [ RunTime:0.000460s ]
NOTIC: [2048] Non-static method Home\Controller\CommonController::getCheckCode() should not be called statically E:\WWW\lin\wep\Application\Home\Controller\CommonController.class.php 第 44 行.

[ 2016-06-24T13:41:25+08:00 ] ::1 /lin/wep/index.php/Home/Ajax/login
INFO: [ app_begin ] --START--
INFO: Run Behavior\ReadHtmlCacheBehavior [ RunTime:0.000438s ]
INFO: [ app_begin ] --END-- [ RunTime:0.000799s ]
NOTIC: [2048] Non-static method Home\Controller\CommonController::getCheckCode() should not be called statically E:\WWW\lin\wep\Application\Home\Controller\CommonController.class.php 第 44 行.
NOTIC: [2048] Non-static method Home\Controller\CommonController::getSign() should not be called statically E:\WWW\lin\wep\Application\Home\Controller\CommonController.class.php 第 49 行.

[ 2016-06-24T13:43:24+08:00 ] ::1 /lin/wep/index.php/Home/Ajax/login
INFO: [ app_begin ] --START--
INFO: Run Behavior\ReadHtmlCacheBehavior [ RunTime:0.000331s ]
INFO: [ app_begin ] --END-- [ RunTime:0.000624s ]

[ 2016-06-24T13:46:54+08:00 ] ::1 /lin/wep/index.php/Home/Ajax/login
INFO: [ app_begin ] --START--
INFO: Run Behavior\ReadHtmlCacheBehavior [ RunTime:0.000365s ]
INFO: [ app_begin ] --END-- [ RunTime:0.000634s ]

[ 2016-06-24T13:47:32+08:00 ] ::1 /lin/wep/index.php/Home/Ajax/login
INFO: [ app_begin ] --START--
INFO: Run Behavior\ReadHtmlCacheBehavior [ RunTime:0.000277s ]
INFO: [ app_begin ] --END-- [ RunTime:0.000505s ]
NOTIC: [2048] Non-static method Home\Controller\CommonController::getCheckCode() should not be called statically E:\WWW\lin\wep\Application\Home\Controller\CommonController.class.php 第 44 行.

[ 2016-06-24T13:48:03+08:00 ] ::1 /lin/wep/index.php/Home/Ajax/login
INFO: [ app_begin ] --START--
INFO: Run Behavior\ReadHtmlCacheBehavior [ RunTime:0.000267s ]
INFO: [ app_begin ] --END-- [ RunTime:0.000480s ]
NOTIC: [2048] Non-static method Home\Controller\CommonController::getCheckCode() should not be called statically E:\WWW\lin\wep\Application\Home\Controller\CommonController.class.php 第 44 行.
NOTIC: [2048] Non-static method Home\Controller\CommonController::getSign() should not be called statically E:\WWW\lin\wep\Application\Home\Controller\CommonController.class.php 第 49 行.

[ 2016-06-24T13:49:54+08:00 ] ::1 /lin/wep/index.php/Home/Ajax/login
INFO: [ app_begin ] --START--
INFO: Run Behavior\ReadHtmlCacheBehavior [ RunTime:0.000345s ]
INFO: [ app_begin ] --END-- [ RunTime:0.000666s ]
NOTIC: [2048] Non-static method Home\Controller\CommonController::getCheckCode() should not be called statically E:\WWW\lin\wep\Application\Home\Controller\CommonController.class.php 第 44 行.
NOTIC: [2048] Non-static method Home\Controller\CommonController::getSign() should not be called statically E:\WWW\lin\wep\Application\Home\Controller\CommonController.class.php 第 49 行.
NOTIC: [2048] Non-static method Home\Controller\CommonController::getUrlContent() should not be called statically E:\WWW\lin\wep\Application\Home\Controller\CommonController.class.php 第 54 行.

[ 2016-06-24T13:51:02+08:00 ] ::1 /lin/wep/index.php/Home/Ajax/login
INFO: [ app_begin ] --START--
INFO: Run Behavior\ReadHtmlCacheBehavior [ RunTime:0.000311s ]
INFO: [ app_begin ] --END-- [ RunTime:0.000575s ]
NOTIC: [2048] Non-static method Home\Controller\CommonController::getCheckCode() should not be called statically E:\WWW\lin\wep\Application\Home\Controller\CommonController.class.php 第 44 行.
NOTIC: [2048] Non-static method Home\Controller\CommonController::getSign() should not be called statically E:\WWW\lin\wep\Application\Home\Controller\CommonController.class.php 第 49 行.
NOTIC: [2048] Non-static method Home\Controller\CommonController::getUrlContent() should not be called statically E:\WWW\lin\wep\Application\Home\Controller\CommonController.class.php 第 54 行.

[ 2016-06-24T13:51:58+08:00 ] ::1 /lin/wep/index.php/Home/Ajax/login
INFO: [ app_begin ] --START--
INFO: Run Behavior\ReadHtmlCacheBehavior [ RunTime:0.000481s ]
INFO: [ app_begin ] --END-- [ RunTime:0.000899s ]
NOTIC: [2048] Non-static method Home\Controller\CommonController::getCheckCode() should not be called statically E:\WWW\lin\wep\Application\Home\Controller\CommonController.class.php 第 44 行.
NOTIC: [2048] Non-static method Home\Controller\CommonController::getSign() should not be called statically E:\WWW\lin\wep\Application\Home\Controller\CommonController.class.php 第 49 行.
NOTIC: [2048] Non-static method Home\Controller\CommonController::getUrlContent() should not be called statically E:\WWW\lin\wep\Application\Home\Controller\CommonController.class.php 第 54 行.

[ 2016-06-24T13:52:15+08:00 ] ::1 /lin/wep/index.php/Home/Ajax/login
INFO: [ app_begin ] --START--
INFO: Run Behavior\ReadHtmlCacheBehavior [ RunTime:0.000249s ]
INFO: [ app_begin ] --END-- [ RunTime:0.000456s ]
NOTIC: [2048] Non-static method Home\Controller\CommonController::getCheckCode() should not be called statically E:\WWW\lin\wep\Application\Home\Controller\CommonController.class.php 第 44 行.
NOTIC: [2048] Non-static method Home\Controller\CommonController::getSign() should not be called statically E:\WWW\lin\wep\Application\Home\Controller\CommonController.class.php 第 49 行.
NOTIC: [2048] Non-static method Home\Controller\CommonController::getUrlContent() should not be called statically E:\WWW\lin\wep\Application\Home\Controller\CommonController.class.php 第 54 行.

[ 2016-06-24T14:02:10+08:00 ] ::1 /lin/wep/index.php/Home/Ajax/login
INFO: [ app_begin ] --START--
INFO: Run Behavior\ReadHtmlCacheBehavior [ RunTime:0.000368s ]
INFO: [ app_begin ] --END-- [ RunTime:0.000788s ]
NOTIC: [2048] Non-static method Home\Controller\CommonController::getCheckCode() should not be called statically E:\WWW\lin\wep\Application\Home\Controller\CommonController.class.php 第 44 行.
NOTIC: [2048] Non-static method Home\Controller\CommonController::getSign() should not be called statically E:\WWW\lin\wep\Application\Home\Controller\CommonController.class.php 第 49 行.
NOTIC: [2048] Non-static method Home\Controller\CommonController::getUrlContent() should not be called statically E:\WWW\lin\wep\Application\Home\Controller\CommonController.class.php 第 54 行.

[ 2016-06-24T14:03:13+08:00 ] ::1 /lin/wep/index.php/Home/Ajax/login
INFO: [ app_begin ] --START--
INFO: Run Behavior\ReadHtmlCacheBehavior [ RunTime:0.000396s ]
INFO: [ app_begin ] --END-- [ RunTime:0.000737s ]
NOTIC: [2048] Non-static method Home\Controller\CommonController::getCheckCode() should not be called statically E:\WWW\lin\wep\Application\Home\Controller\CommonController.class.php 第 44 行.
NOTIC: [2048] Non-static method Home\Controller\CommonController::getSign() should not be called statically E:\WWW\lin\wep\Application\Home\Controller\CommonController.class.php 第 49 行.
NOTIC: [2048] Non-static method Home\Controller\CommonController::getUrlContent() should not be called statically E:\WWW\lin\wep\Application\Home\Controller\CommonController.class.php 第 54 行.

[ 2016-06-24T14:03:34+08:00 ] ::1 /lin/wep/index.php/Home/Ajax/login
INFO: [ app_begin ] --START--
INFO: Run Behavior\ReadHtmlCacheBehavior [ RunTime:0.000493s ]
INFO: [ app_begin ] --END-- [ RunTime:0.000959s ]
NOTIC: [2048] Non-static method Home\Controller\CommonController::getCheckCode() should not be called statically E:\WWW\lin\wep\Application\Home\Controller\CommonController.class.php 第 44 行.
NOTIC: [2048] Non-static method Home\Controller\CommonController::getSign() should not be called statically E:\WWW\lin\wep\Application\Home\Controller\CommonController.class.php 第 49 行.
NOTIC: [2048] Non-static method Home\Controller\CommonController::getUrlContent() should not be called statically E:\WWW\lin\wep\Application\Home\Controller\CommonController.class.php 第 54 行.

[ 2016-06-24T14:03:54+08:00 ] ::1 /lin/wep/index.php/Home/Ajax/login
INFO: [ app_begin ] --START--
INFO: Run Behavior\ReadHtmlCacheBehavior [ RunTime:0.000319s ]
INFO: [ app_begin ] --END-- [ RunTime:0.000603s ]
NOTIC: [2048] Non-static method Home\Controller\CommonController::getCheckCode() should not be called statically E:\WWW\lin\wep\Application\Home\Controller\CommonController.class.php 第 44 行.
NOTIC: [2048] Non-static method Home\Controller\CommonController::getSign() should not be called statically E:\WWW\lin\wep\Application\Home\Controller\CommonController.class.php 第 49 行.
NOTIC: [2048] Non-static method Home\Controller\CommonController::getUrlContent() should not be called statically E:\WWW\lin\wep\Application\Home\Controller\CommonController.class.php 第 54 行.

[ 2016-06-24T14:05:02+08:00 ] ::1 /lin/wep/index.php/Home/Ajax/login
INFO: [ app_begin ] --START--
INFO: Run Behavior\ReadHtmlCacheBehavior [ RunTime:0.000277s ]
INFO: [ app_begin ] --END-- [ RunTime:0.000532s ]
NOTIC: [2048] Non-static method Home\Controller\CommonController::getCheckCode() should not be called statically E:\WWW\lin\wep\Application\Home\Controller\CommonController.class.php 第 44 行.
NOTIC: [2048] Non-static method Home\Controller\CommonController::getSign() should not be called statically E:\WWW\lin\wep\Application\Home\Controller\CommonController.class.php 第 49 行.
NOTIC: [2048] Non-static method Home\Controller\CommonController::getUrlContent() should not be called statically E:\WWW\lin\wep\Application\Home\Controller\CommonController.class.php 第 54 行.

[ 2016-06-24T14:05:17+08:00 ] ::1 /lin/wep/index.php/Home/Ajax/login
INFO: [ app_begin ] --START--
INFO: Run Behavior\ReadHtmlCacheBehavior [ RunTime:0.000269s ]
INFO: [ app_begin ] --END-- [ RunTime:0.000479s ]
NOTIC: [2048] Non-static method Home\Controller\CommonController::getCheckCode() should not be called statically E:\WWW\lin\wep\Application\Home\Controller\CommonController.class.php 第 44 行.
NOTIC: [2048] Non-static method Home\Controller\CommonController::getSign() should not be called statically E:\WWW\lin\wep\Application\Home\Controller\CommonController.class.php 第 49 行.
NOTIC: [2048] Non-static method Home\Controller\CommonController::getUrlContent() should not be called statically E:\WWW\lin\wep\Application\Home\Controller\CommonController.class.php 第 54 行.

[ 2016-06-24T14:05:36+08:00 ] ::1 /lin/wep/index.php/Home/Ajax/login
INFO: [ app_begin ] --START--
INFO: Run Behavior\ReadHtmlCacheBehavior [ RunTime:0.000673s ]
INFO: [ app_begin ] --END-- [ RunTime:0.001408s ]
NOTIC: [2048] Non-static method Home\Controller\CommonController::getCheckCode() should not be called statically E:\WWW\lin\wep\Application\Home\Controller\CommonController.class.php 第 44 行.
NOTIC: [2048] Non-static method Home\Controller\CommonController::getSign() should not be called statically E:\WWW\lin\wep\Application\Home\Controller\CommonController.class.php 第 49 行.
NOTIC: [2048] Non-static method Home\Controller\CommonController::getUrlContent() should not be called statically E:\WWW\lin\wep\Application\Home\Controller\CommonController.class.php 第 54 行.

[ 2016-06-24T14:06:07+08:00 ] ::1 /lin/wep/index.php/Home/Ajax/login
INFO: [ app_begin ] --START--
INFO: Run Behavior\ReadHtmlCacheBehavior [ RunTime:0.000863s ]
INFO: [ app_begin ] --END-- [ RunTime:0.001637s ]
NOTIC: [2048] Non-static method Home\Controller\CommonController::getCheckCode() should not be called statically E:\WWW\lin\wep\Application\Home\Controller\CommonController.class.php 第 44 行.
NOTIC: [2048] Non-static method Home\Controller\CommonController::getSign() should not be called statically E:\WWW\lin\wep\Application\Home\Controller\CommonController.class.php 第 49 行.
NOTIC: [2048] Non-static method Home\Controller\CommonController::getUrlContent() should not be called statically E:\WWW\lin\wep\Application\Home\Controller\CommonController.class.php 第 54 行.

[ 2016-06-24T14:06:17+08:00 ] ::1 /lin/wep/index.php/Home/Ajax/login
INFO: [ app_begin ] --START--
INFO: Run Behavior\ReadHtmlCacheBehavior [ RunTime:0.000256s ]
INFO: [ app_begin ] --END-- [ RunTime:0.000466s ]
NOTIC: [2048] Non-static method Home\Controller\CommonController::getCheckCode() should not be called statically E:\WWW\lin\wep\Application\Home\Controller\CommonController.class.php 第 44 行.
NOTIC: [2048] Non-static method Home\Controller\CommonController::getSign() should not be called statically E:\WWW\lin\wep\Application\Home\Controller\CommonController.class.php 第 49 行.
NOTIC: [2048] Non-static method Home\Controller\CommonController::getUrlContent() should not be called statically E:\WWW\lin\wep\Application\Home\Controller\CommonController.class.php 第 54 行.

[ 2016-06-24T14:06:59+08:00 ] ::1 /lin/wep/index.php/Home/Ajax/login
INFO: [ app_begin ] --START--
INFO: Run Behavior\ReadHtmlCacheBehavior [ RunTime:0.000264s ]
INFO: [ app_begin ] --END-- [ RunTime:0.000487s ]
NOTIC: [2048] Non-static method Home\Controller\CommonController::getCheckCode() should not be called statically E:\WWW\lin\wep\Application\Home\Controller\CommonController.class.php 第 44 行.
NOTIC: [2048] Non-static method Home\Controller\CommonController::getSign() should not be called statically E:\WWW\lin\wep\Application\Home\Controller\CommonController.class.php 第 49 行.
NOTIC: [2048] Non-static method Home\Controller\CommonController::getUrlContent() should not be called statically E:\WWW\lin\wep\Application\Home\Controller\CommonController.class.php 第 54 行.

[ 2016-06-24T14:07:12+08:00 ] ::1 /lin/wep/index.php/Home/Ajax/login
INFO: [ app_begin ] --START--
INFO: Run Behavior\ReadHtmlCacheBehavior [ RunTime:0.000392s ]
INFO: [ app_begin ] --END-- [ RunTime:0.000615s ]
NOTIC: [2048] Non-static method Home\Controller\CommonController::getCheckCode() should not be called statically E:\WWW\lin\wep\Application\Home\Controller\CommonController.class.php 第 44 行.
NOTIC: [2048] Non-static method Home\Controller\CommonController::getSign() should not be called statically E:\WWW\lin\wep\Application\Home\Controller\CommonController.class.php 第 49 行.
NOTIC: [2048] Non-static method Home\Controller\CommonController::getUrlContent() should not be called statically E:\WWW\lin\wep\Application\Home\Controller\CommonController.class.php 第 54 行.

[ 2016-06-24T14:08:02+08:00 ] ::1 /lin/wep/index.php/Home/Ajax/login
INFO: [ app_begin ] --START--
INFO: Run Behavior\ReadHtmlCacheBehavior [ RunTime:0.000507s ]
INFO: [ app_begin ] --END-- [ RunTime:0.001050s ]
NOTIC: [2048] Non-static method Home\Controller\CommonController::getCheckCode() should not be called statically E:\WWW\lin\wep\Application\Home\Controller\CommonController.class.php 第 44 行.
NOTIC: [2048] Non-static method Home\Controller\CommonController::getSign() should not be called statically E:\WWW\lin\wep\Application\Home\Controller\CommonController.class.php 第 49 行.
NOTIC: [2048] Non-static method Home\Controller\CommonController::getUrlContent() should not be called statically E:\WWW\lin\wep\Application\Home\Controller\CommonController.class.php 第 54 行.

[ 2016-06-24T14:08:31+08:00 ] ::1 /lin/wep/index.php/Home/Ajax/login
INFO: [ app_begin ] --START--
INFO: Run Behavior\ReadHtmlCacheBehavior [ RunTime:0.000342s ]
INFO: [ app_begin ] --END-- [ RunTime:0.000650s ]
NOTIC: [2048] Non-static method Home\Controller\CommonController::getCheckCode() should not be called statically E:\WWW\lin\wep\Application\Home\Controller\CommonController.class.php 第 44 行.
NOTIC: [2048] Non-static method Home\Controller\CommonController::getSign() should not be called statically E:\WWW\lin\wep\Application\Home\Controller\CommonController.class.php 第 49 行.
NOTIC: [2048] Non-static method Home\Controller\CommonController::getUrlContent() should not be called statically E:\WWW\lin\wep\Application\Home\Controller\CommonController.class.php 第 54 行.

[ 2016-06-24T14:09:27+08:00 ] ::1 /lin/wep/index.php/Home/Ajax/login
INFO: [ app_begin ] --START--
INFO: Run Behavior\ReadHtmlCacheBehavior [ RunTime:0.000416s ]
INFO: [ app_begin ] --END-- [ RunTime:0.000788s ]
NOTIC: [2048] Non-static method Home\Controller\CommonController::getCheckCode() should not be called statically E:\WWW\lin\wep\Application\Home\Controller\CommonController.class.php 第 44 行.
NOTIC: [2048] Non-static method Home\Controller\CommonController::getSign() should not be called statically E:\WWW\lin\wep\Application\Home\Controller\CommonController.class.php 第 49 行.
NOTIC: [2048] Non-static method Home\Controller\CommonController::getUrlContent() should not be called statically E:\WWW\lin\wep\Application\Home\Controller\CommonController.class.php 第 54 行.

[ 2016-06-24T14:10:04+08:00 ] ::1 /lin/wep/index.php/Home/Ajax/login
INFO: [ app_begin ] --START--
INFO: Run Behavior\ReadHtmlCacheBehavior [ RunTime:0.000422s ]
INFO: [ app_begin ] --END-- [ RunTime:0.000963s ]
NOTIC: [2048] Non-static method Home\Controller\CommonController::getCheckCode() should not be called statically E:\WWW\lin\wep\Application\Home\Controller\CommonController.class.php 第 44 行.
NOTIC: [2048] Non-static method Home\Controller\CommonController::getSign() should not be called statically E:\WWW\lin\wep\Application\Home\Controller\CommonController.class.php 第 49 行.
NOTIC: [2048] Non-static method Home\Controller\CommonController::getUrlContent() should not be called statically E:\WWW\lin\wep\Application\Home\Controller\CommonController.class.php 第 54 行.

[ 2016-06-24T14:10:13+08:00 ] ::1 /lin/wep/index.php/Home/Ajax/login
INFO: [ app_begin ] --START--
INFO: Run Behavior\ReadHtmlCacheBehavior [ RunTime:0.000787s ]
INFO: [ app_begin ] --END-- [ RunTime:0.001353s ]
NOTIC: [2048] Non-static method Home\Controller\CommonController::getCheckCode() should not be called statically E:\WWW\lin\wep\Application\Home\Controller\CommonController.class.php 第 44 行.
NOTIC: [2048] Non-static method Home\Controller\CommonController::getSign() should not be called statically E:\WWW\lin\wep\Application\Home\Controller\CommonController.class.php 第 49 行.
NOTIC: [2048] Non-static method Home\Controller\CommonController::getUrlContent() should not be called statically E:\WWW\lin\wep\Application\Home\Controller\CommonController.class.php 第 54 行.

[ 2016-06-24T14:10:30+08:00 ] ::1 /lin/wep/index.php/Home/Ajax/login
INFO: [ app_begin ] --START--
INFO: Run Behavior\ReadHtmlCacheBehavior [ RunTime:0.000334s ]
INFO: [ app_begin ] --END-- [ RunTime:0.000845s ]
NOTIC: [2048] Non-static method Home\Controller\CommonController::getCheckCode() should not be called statically E:\WWW\lin\wep\Application\Home\Controller\CommonController.class.php 第 44 行.
NOTIC: [2048] Non-static method Home\Controller\CommonController::getSign() should not be called statically E:\WWW\lin\wep\Application\Home\Controller\CommonController.class.php 第 49 行.
NOTIC: [2048] Non-static method Home\Controller\CommonController::getUrlContent() should not be called statically E:\WWW\lin\wep\Application\Home\Controller\CommonController.class.php 第 54 行.

[ 2016-06-24T14:10:49+08:00 ] ::1 /lin/wep/index.php/Home/Ajax/login
INFO: [ app_begin ] --START--
INFO: Run Behavior\ReadHtmlCacheBehavior [ RunTime:0.000265s ]
INFO: [ app_begin ] --END-- [ RunTime:0.000475s ]
NOTIC: [2048] Non-static method Home\Controller\CommonController::getCheckCode() should not be called statically E:\WWW\lin\wep\Application\Home\Controller\CommonController.class.php 第 44 行.
NOTIC: [2048] Non-static method Home\Controller\CommonController::getSign() should not be called statically E:\WWW\lin\wep\Application\Home\Controller\CommonController.class.php 第 49 行.
NOTIC: [2048] Non-static method Home\Controller\CommonController::getUrlContent() should not be called statically E:\WWW\lin\wep\Application\Home\Controller\CommonController.class.php 第 54 行.

[ 2016-06-24T14:11:09+08:00 ] ::1 /lin/wep/index.php/Home/Ajax/login
INFO: [ app_begin ] --START--
INFO: Run Behavior\ReadHtmlCacheBehavior [ RunTime:0.000338s ]
INFO: [ app_begin ] --END-- [ RunTime:0.000653s ]
NOTIC: [2048] Non-static method Home\Controller\CommonController::getCheckCode() should not be called statically E:\WWW\lin\wep\Application\Home\Controller\CommonController.class.php 第 44 行.
NOTIC: [2048] Non-static method Home\Controller\CommonController::getSign() should not be called statically E:\WWW\lin\wep\Application\Home\Controller\CommonController.class.php 第 49 行.
NOTIC: [2048] Non-static method Home\Controller\CommonController::getUrlContent() should not be called statically E:\WWW\lin\wep\Application\Home\Controller\CommonController.class.php 第 54 行.

[ 2016-06-24T14:11:19+08:00 ] ::1 /lin/wep/index.php/Home/Ajax/login
INFO: [ app_begin ] --START--
INFO: Run Behavior\ReadHtmlCacheBehavior [ RunTime:0.000255s ]
INFO: [ app_begin ] --END-- [ RunTime:0.000468s ]
NOTIC: [2048] Non-static method Home\Controller\CommonController::getCheckCode() should not be called statically E:\WWW\lin\wep\Application\Home\Controller\CommonController.class.php 第 44 行.
NOTIC: [2048] Non-static method Home\Controller\CommonController::getSign() should not be called statically E:\WWW\lin\wep\Application\Home\Controller\CommonController.class.php 第 49 行.
NOTIC: [2048] Non-static method Home\Controller\CommonController::getUrlContent() should not be called statically E:\WWW\lin\wep\Application\Home\Controller\CommonController.class.php 第 54 行.

[ 2016-06-24T14:11:36+08:00 ] ::1 /lin/wep/index.php/Home/Ajax/login
INFO: [ app_begin ] --START--
INFO: Run Behavior\ReadHtmlCacheBehavior [ RunTime:0.000269s ]
INFO: [ app_begin ] --END-- [ RunTime:0.000507s ]
NOTIC: [2048] Non-static method Home\Controller\CommonController::getCheckCode() should not be called statically E:\WWW\lin\wep\Application\Home\Controller\CommonController.class.php 第 44 行.
NOTIC: [2048] Non-static method Home\Controller\CommonController::getSign() should not be called statically E:\WWW\lin\wep\Application\Home\Controller\CommonController.class.php 第 49 行.
NOTIC: [2048] Non-static method Home\Controller\CommonController::getUrlContent() should not be called statically E:\WWW\lin\wep\Application\Home\Controller\CommonController.class.php 第 54 行.

[ 2016-06-24T14:11:56+08:00 ] ::1 /lin/wep/index.php/Home/Ajax/login
INFO: [ app_begin ] --START--
INFO: Run Behavior\ReadHtmlCacheBehavior [ RunTime:0.000630s ]
INFO: [ app_begin ] --END-- [ RunTime:0.001178s ]
NOTIC: [2048] Non-static method Home\Controller\CommonController::getCheckCode() should not be called statically E:\WWW\lin\wep\Application\Home\Controller\CommonController.class.php 第 44 行.
NOTIC: [2048] Non-static method Home\Controller\CommonController::getSign() should not be called statically E:\WWW\lin\wep\Application\Home\Controller\CommonController.class.php 第 49 行.
NOTIC: [2048] Non-static method Home\Controller\CommonController::getUrlContent() should not be called statically E:\WWW\lin\wep\Application\Home\Controller\CommonController.class.php 第 54 行.

[ 2016-06-24T14:12:12+08:00 ] ::1 /lin/wep/index.php/Home/Ajax/login
INFO: [ app_begin ] --START--
INFO: Run Behavior\ReadHtmlCacheBehavior [ RunTime:0.000263s ]
INFO: [ app_begin ] --END-- [ RunTime:0.000483s ]
NOTIC: [2048] Non-static method Home\Controller\CommonController::getCheckCode() should not be called statically E:\WWW\lin\wep\Application\Home\Controller\CommonController.class.php 第 44 行.
NOTIC: [2048] Non-static method Home\Controller\CommonController::getSign() should not be called statically E:\WWW\lin\wep\Application\Home\Controller\CommonController.class.php 第 49 行.
NOTIC: [2048] Non-static method Home\Controller\CommonController::getUrlContent() should not be called statically E:\WWW\lin\wep\Application\Home\Controller\CommonController.class.php 第 54 行.

[ 2016-06-24T14:12:21+08:00 ] ::1 /lin/wep/index.php/Home/Ajax/login
INFO: [ app_begin ] --START--
INFO: Run Behavior\ReadHtmlCacheBehavior [ RunTime:0.000320s ]
INFO: [ app_begin ] --END-- [ RunTime:0.000724s ]
NOTIC: [2048] Non-static method Home\Controller\CommonController::getCheckCode() should not be called statically E:\WWW\lin\wep\Application\Home\Controller\CommonController.class.php 第 44 行.
NOTIC: [2048] Non-static method Home\Controller\CommonController::getSign() should not be called statically E:\WWW\lin\wep\Application\Home\Controller\CommonController.class.php 第 49 行.
NOTIC: [2048] Non-static method Home\Controller\CommonController::getUrlContent() should not be called statically E:\WWW\lin\wep\Application\Home\Controller\CommonController.class.php 第 54 行.

[ 2016-06-24T14:12:36+08:00 ] ::1 /lin/wep/index.php/Home/Ajax/login
INFO: [ app_begin ] --START--
INFO: Run Behavior\ReadHtmlCacheBehavior [ RunTime:0.000711s ]
INFO: [ app_begin ] --END-- [ RunTime:0.001363s ]
NOTIC: [2048] Non-static method Home\Controller\CommonController::getCheckCode() should not be called statically E:\WWW\lin\wep\Application\Home\Controller\CommonController.class.php 第 44 行.
NOTIC: [2048] Non-static method Home\Controller\CommonController::getSign() should not be called statically E:\WWW\lin\wep\Application\Home\Controller\CommonController.class.php 第 49 行.
NOTIC: [2048] Non-static method Home\Controller\CommonController::getUrlContent() should not be called statically E:\WWW\lin\wep\Application\Home\Controller\CommonController.class.php 第 54 行.

[ 2016-06-24T14:12:45+08:00 ] ::1 /lin/wep/index.php/Home/Ajax/login
INFO: [ app_begin ] --START--
INFO: Run Behavior\ReadHtmlCacheBehavior [ RunTime:0.000386s ]
INFO: [ app_begin ] --END-- [ RunTime:0.000705s ]
NOTIC: [2048] Non-static method Home\Controller\CommonController::getCheckCode() should not be called statically E:\WWW\lin\wep\Application\Home\Controller\CommonController.class.php 第 44 行.
NOTIC: [2048] Non-static method Home\Controller\CommonController::getSign() should not be called statically E:\WWW\lin\wep\Application\Home\Controller\CommonController.class.php 第 49 行.
NOTIC: [2048] Non-static method Home\Controller\CommonController::getUrlContent() should not be called statically E:\WWW\lin\wep\Application\Home\Controller\CommonController.class.php 第 54 行.

[ 2016-06-24T14:13:01+08:00 ] ::1 /lin/wep/index.php/Home/Ajax/login
INFO: [ app_begin ] --START--
INFO: Run Behavior\ReadHtmlCacheBehavior [ RunTime:0.000256s ]
INFO: [ app_begin ] --END-- [ RunTime:0.000465s ]
NOTIC: [2048] Non-static method Home\Controller\CommonController::getCheckCode() should not be called statically E:\WWW\lin\wep\Application\Home\Controller\CommonController.class.php 第 44 行.
NOTIC: [2048] Non-static method Home\Controller\CommonController::getSign() should not be called statically E:\WWW\lin\wep\Application\Home\Controller\CommonController.class.php 第 49 行.
NOTIC: [2048] Non-static method Home\Controller\CommonController::getUrlContent() should not be called statically E:\WWW\lin\wep\Application\Home\Controller\CommonController.class.php 第 54 行.

[ 2016-06-24T14:13:13+08:00 ] ::1 /lin/wep/index.php/Home/Ajax/login
INFO: [ app_begin ] --START--
INFO: Run Behavior\ReadHtmlCacheBehavior [ RunTime:0.000260s ]
INFO: [ app_begin ] --END-- [ RunTime:0.000478s ]
NOTIC: [2048] Non-static method Home\Controller\CommonController::getCheckCode() should not be called statically E:\WWW\lin\wep\Application\Home\Controller\CommonController.class.php 第 44 行.
NOTIC: [2048] Non-static method Home\Controller\CommonController::getSign() should not be called statically E:\WWW\lin\wep\Application\Home\Controller\CommonController.class.php 第 49 行.
NOTIC: [2048] Non-static method Home\Controller\CommonController::getUrlContent() should not be called statically E:\WWW\lin\wep\Application\Home\Controller\CommonController.class.php 第 54 行.

[ 2016-06-24T14:13:20+08:00 ] ::1 /lin/wep/index.php/Home/Ajax/login
INFO: [ app_begin ] --START--
INFO: Run Behavior\ReadHtmlCacheBehavior [ RunTime:0.000568s ]
INFO: [ app_begin ] --END-- [ RunTime:0.000992s ]
NOTIC: [2048] Non-static method Home\Controller\CommonController::getCheckCode() should not be called statically E:\WWW\lin\wep\Application\Home\Controller\CommonController.class.php 第 44 行.
NOTIC: [2048] Non-static method Home\Controller\CommonController::getSign() should not be called statically E:\WWW\lin\wep\Application\Home\Controller\CommonController.class.php 第 49 行.
NOTIC: [2048] Non-static method Home\Controller\CommonController::getUrlContent() should not be called statically E:\WWW\lin\wep\Application\Home\Controller\CommonController.class.php 第 54 行.

[ 2016-06-24T14:13:34+08:00 ] ::1 /lin/wep/index.php/Home/Ajax/login
INFO: [ app_begin ] --START--
INFO: Run Behavior\ReadHtmlCacheBehavior [ RunTime:0.000525s ]
INFO: [ app_begin ] --END-- [ RunTime:0.001025s ]
NOTIC: [2048] Non-static method Home\Controller\CommonController::getCheckCode() should not be called statically E:\WWW\lin\wep\Application\Home\Controller\CommonController.class.php 第 44 行.
NOTIC: [2048] Non-static method Home\Controller\CommonController::getSign() should not be called statically E:\WWW\lin\wep\Application\Home\Controller\CommonController.class.php 第 49 行.
NOTIC: [2048] Non-static method Home\Controller\CommonController::getUrlContent() should not be called statically E:\WWW\lin\wep\Application\Home\Controller\CommonController.class.php 第 54 行.

[ 2016-06-24T14:13:46+08:00 ] ::1 /lin/wep/index.php/Home/Ajax/login
INFO: [ app_begin ] --START--
INFO: Run Behavior\ReadHtmlCacheBehavior [ RunTime:0.000276s ]
INFO: [ app_begin ] --END-- [ RunTime:0.000576s ]
NOTIC: [2048] Non-static method Home\Controller\CommonController::getCheckCode() should not be called statically E:\WWW\lin\wep\Application\Home\Controller\CommonController.class.php 第 44 行.
NOTIC: [2048] Non-static method Home\Controller\CommonController::getSign() should not be called statically E:\WWW\lin\wep\Application\Home\Controller\CommonController.class.php 第 49 行.
NOTIC: [2048] Non-static method Home\Controller\CommonController::getUrlContent() should not be called statically E:\WWW\lin\wep\Application\Home\Controller\CommonController.class.php 第 54 行.

[ 2016-06-24T14:14:07+08:00 ] ::1 /lin/wep/index.php/Home/Ajax/login
INFO: [ app_begin ] --START--
INFO: Run Behavior\ReadHtmlCacheBehavior [ RunTime:0.000416s ]
INFO: [ app_begin ] --END-- [ RunTime:0.000811s ]
NOTIC: [2048] Non-static method Home\Controller\CommonController::getCheckCode() should not be called statically E:\WWW\lin\wep\Application\Home\Controller\CommonController.class.php 第 44 行.
NOTIC: [2048] Non-static method Home\Controller\CommonController::getSign() should not be called statically E:\WWW\lin\wep\Application\Home\Controller\CommonController.class.php 第 49 行.
NOTIC: [2048] Non-static method Home\Controller\CommonController::getUrlContent() should not be called statically E:\WWW\lin\wep\Application\Home\Controller\CommonController.class.php 第 54 行.
NOTIC: [8] Undefined index: is_record E:\WWW\lin\wep\Application\Home\Controller\AjaxController.class.php 第 19 行.
NOTIC: [8] Undefined variable: user E:\WWW\lin\wep\Application\Home\Controller\AjaxController.class.php 第 34 行.

