[ 2016-09-29T14:47:02+08:00 ] 223.104.3.164 /weixin/weixin/index.php/Home/Ajax/login
INFO: [ app_begin ] --START--
INFO: Run Behavior\ReadHtmlCacheBehavior [ RunTime:0.000772s ]
INFO: [ app_begin ] --END-- [ RunTime:0.001291s ]

[ 2016-09-29T15:19:11+08:00 ] 121.101.209.126 /weixin/weixin/index.php/Home/Ajax/login
INFO: [ app_begin ] --START--
INFO: Run Behavior\ReadHtmlCacheBehavior [ RunTime:0.000845s ]
INFO: [ app_begin ] --END-- [ RunTime:0.001453s ]

[ 2016-09-29T15:28:49+08:00 ] 111.161.57.49 /weixin/weixin/index.php/Home/Ajax/login
INFO: [ app_begin ] --START--
INFO: Run Behavior\ReadHtmlCacheBehavior [ RunTime:0.001291s ]
INFO: [ app_begin ] --END-- [ RunTime:0.002032s ]

[ 2016-09-29T16:05:05+08:00 ] 121.101.209.126 /weixin/weixin/index.php/Home/Ajax/login
INFO: [ app_begin ] --START--
INFO: Run Behavior\ReadHtmlCacheBehavior [ RunTime:0.000764s ]
INFO: [ app_begin ] --END-- [ RunTime:0.001369s ]

[ 2016-09-29T16:05:31+08:00 ] 121.101.209.126 /weixin/weixin/index.php/Home/Ajax/login
INFO: [ app_begin ] --START--
INFO: Run Behavior\ReadHtmlCacheBehavior [ RunTime:0.001062s ]
INFO: [ app_begin ] --END-- [ RunTime:0.001739s ]

[ 2016-09-29T16:06:06+08:00 ] 121.101.209.126 /weixin/weixin/index.php/Home/Ajax/login
INFO: [ app_begin ] --START--
INFO: Run Behavior\ReadHtmlCacheBehavior [ RunTime:0.001126s ]
INFO: [ app_begin ] --END-- [ RunTime:0.001866s ]

[ 2016-09-29T16:06:33+08:00 ] 121.101.209.126 /weixin/weixin/index.php/Home/Ajax/login
INFO: [ app_begin ] --START--
INFO: Run Behavior\ReadHtmlCacheBehavior [ RunTime:0.000992s ]
INFO: [ app_begin ] --END-- [ RunTime:0.001634s ]

[ 2016-09-29T16:06:37+08:00 ] 121.101.209.126 /weixin/weixin/index.php/Home/Ajax/login
INFO: [ app_begin ] --START--
INFO: Run Behavior\ReadHtmlCacheBehavior [ RunTime:0.001165s ]
INFO: [ app_begin ] --END-- [ RunTime:0.001808s ]

[ 2016-09-29T16:07:52+08:00 ] 121.101.209.126 /weixin/weixin/index.php/Home/Ajax/login
INFO: [ app_begin ] --START--
INFO: Run Behavior\ReadHtmlCacheBehavior [ RunTime:0.000865s ]
INFO: [ app_begin ] --END-- [ RunTime:0.001477s ]

[ 2016-09-29T16:39:14+08:00 ] 121.101.209.126 /weixin/weixin/index.php/Home/Ajax/login
INFO: [ app_begin ] --START--
INFO: Run Behavior\ReadHtmlCacheBehavior [ RunTime:0.001191s ]
INFO: [ app_begin ] --END-- [ RunTime:0.002136s ]

[ 2016-09-29T16:58:44+08:00 ] 117.136.0.238 /weixin/weixin/index.php/Home/Ajax/login
INFO: [ app_begin ] --START--
INFO: Run Behavior\ReadHtmlCacheBehavior [ RunTime:0.000950s ]
INFO: [ app_begin ] --END-- [ RunTime:0.001512s ]

[ 2016-09-29T17:47:31+08:00 ] 111.161.57.49 /weixin/weixin/index.php/Home/Ajax/login
INFO: [ app_begin ] --START--
INFO: Run Behavior\ReadHtmlCacheBehavior [ RunTime:0.000768s ]
INFO: [ app_begin ] --END-- [ RunTime:0.001355s ]

[ 2016-09-29T17:54:01+08:00 ] 111.161.61.49 /weixin/weixin/index.php/Home/Ajax/login
INFO: [ app_begin ] --START--
INFO: Run Behavior\ReadHtmlCacheBehavior [ RunTime:0.000787s ]
INFO: [ app_begin ] --END-- [ RunTime:0.001371s ]

[ 2016-09-29T17:57:06+08:00 ] 111.161.57.49 /weixin/weixin/index.php/Home/Ajax/login
INFO: [ app_begin ] --START--
INFO: Run Behavior\ReadHtmlCacheBehavior [ RunTime:0.000801s ]
INFO: [ app_begin ] --END-- [ RunTime:0.001430s ]

[ 2016-09-29T18:00:09+08:00 ] 111.161.57.49 /weixin/weixin/index.php/Home/Ajax/login
INFO: [ app_begin ] --START--
INFO: Run Behavior\ReadHtmlCacheBehavior [ RunTime:0.001552s ]
INFO: [ app_begin ] --END-- [ RunTime:0.002557s ]

[ 2016-09-29T18:01:54+08:00 ] 111.161.57.49 /weixin/weixin/index.php/Home/Ajax/login
INFO: [ app_begin ] --START--
INFO: Run Behavior\ReadHtmlCacheBehavior [ RunTime:0.000811s ]
INFO: [ app_begin ] --END-- [ RunTime:0.001381s ]

[ 2016-09-29T18:07:12+08:00 ] 111.161.61.49 /weixin/weixin/index.php/Home/Ajax/login
INFO: [ app_begin ] --START--
INFO: Run Behavior\ReadHtmlCacheBehavior [ RunTime:0.000864s ]
INFO: [ app_begin ] --END-- [ RunTime:0.001587s ]

[ 2016-09-29T18:08:34+08:00 ] 111.161.61.49 /weixin/weixin/index.php/Home/Ajax/login
INFO: [ app_begin ] --START--
INFO: Run Behavior\ReadHtmlCacheBehavior [ RunTime:0.000837s ]
INFO: [ app_begin ] --END-- [ RunTime:0.001519s ]

[ 2016-09-29T18:09:04+08:00 ] 111.161.57.49 /weixin/weixin/index.php/Home/Login/index.html
ERR: 无法加载控制器:Login

[ 2016-09-29T18:09:55+08:00 ] 111.161.61.49 /weixin/weixin/index.php/Home/Ajax/login
INFO: [ app_begin ] --START--
INFO: Run Behavior\ReadHtmlCacheBehavior [ RunTime:0.000970s ]
INFO: [ app_begin ] --END-- [ RunTime:0.001668s ]

[ 2016-09-29T18:10:43+08:00 ] 111.161.61.49 /weixin/weixin/index.php/Home/Ajax/login
INFO: [ app_begin ] --START--
INFO: Run Behavior\ReadHtmlCacheBehavior [ RunTime:0.000805s ]
INFO: [ app_begin ] --END-- [ RunTime:0.001603s ]

[ 2016-09-29T18:11:44+08:00 ] 111.30.132.148 /weixin/weixin/index.php/Home/Ajax/login
INFO: [ app_begin ] --START--
INFO: Run Behavior\ReadHtmlCacheBehavior [ RunTime:0.001049s ]
INFO: [ app_begin ] --END-- [ RunTime:0.001682s ]

[ 2016-09-29T18:11:50+08:00 ] 111.30.132.148 /weixin/weixin/index.php/Home/Ajax/login
INFO: [ app_begin ] --START--
INFO: Run Behavior\ReadHtmlCacheBehavior [ RunTime:0.000756s ]
INFO: [ app_begin ] --END-- [ RunTime:0.001290s ]

[ 2016-09-29T18:13:22+08:00 ] 111.161.57.49 /weixin/weixin/index.php/Home/Ajax/login
INFO: [ app_begin ] --START--
INFO: Run Behavior\ReadHtmlCacheBehavior [ RunTime:0.001106s ]
INFO: [ app_begin ] --END-- [ RunTime:0.001830s ]

[ 2016-09-29T18:13:43+08:00 ] 111.161.61.49 /weixin/weixin/index.php/Home/Ajax/login
INFO: [ app_begin ] --START--
INFO: Run Behavior\ReadHtmlCacheBehavior [ RunTime:0.000968s ]
INFO: [ app_begin ] --END-- [ RunTime:0.004742s ]

[ 2016-09-29T18:14:09+08:00 ] 111.161.57.49 /weixin/weixin/index.php/Home/Login/index.html
ERR: 无法加载控制器:Login

[ 2016-09-29T18:14:14+08:00 ] 111.161.57.49 /weixin/weixin/index.php/Home/Login/index.html
ERR: 无法加载控制器:Login

[ 2016-09-29T18:15:11+08:00 ] 111.30.132.148 /weixin/weixin/index.php/Home/Ajax/login
INFO: [ app_begin ] --START--
INFO: Run Behavior\ReadHtmlCacheBehavior [ RunTime:0.000925s ]
INFO: [ app_begin ] --END-- [ RunTime:0.001600s ]

[ 2016-09-29T18:49:50+08:00 ] 111.161.57.49 /weixin/weixin/index.php/Home/Ajax/login
INFO: [ app_begin ] --START--
INFO: Run Behavior\ReadHtmlCacheBehavior [ RunTime:0.000787s ]
INFO: [ app_begin ] --END-- [ RunTime:0.001323s ]

[ 2016-09-29T18:50:30+08:00 ] 111.30.132.148 /weixin/weixin/index.php/Home/Ajax/login
INFO: [ app_begin ] --START--
INFO: Run Behavior\ReadHtmlCacheBehavior [ RunTime:0.000779s ]
INFO: [ app_begin ] --END-- [ RunTime:0.001423s ]

[ 2016-09-29T18:50:36+08:00 ] 117.136.38.186 /weixin/weixin/index.php/Home/Ajax/login
INFO: [ app_begin ] --START--
INFO: Run Behavior\ReadHtmlCacheBehavior [ RunTime:0.001130s ]
INFO: [ app_begin ] --END-- [ RunTime:0.001903s ]

[ 2016-09-29T18:54:43+08:00 ] 121.101.209.126 /weixin/weixin/index.php/Home/Ajax/login
INFO: [ app_begin ] --START--
INFO: Run Behavior\ReadHtmlCacheBehavior [ RunTime:0.001165s ]
INFO: [ app_begin ] --END-- [ RunTime:0.001997s ]

[ 2016-09-29T18:56:30+08:00 ] 121.101.209.126 /weixin/weixin/index.php/Home/Ajax/login
INFO: [ app_begin ] --START--
INFO: Run Behavior\ReadHtmlCacheBehavior [ RunTime:0.000916s ]
INFO: [ app_begin ] --END-- [ RunTime:0.001535s ]

[ 2016-09-29T18:59:46+08:00 ] 121.101.209.126 /weixin/weixin/index.php/Home/Ajax/login
INFO: [ app_begin ] --START--
INFO: Run Behavior\ReadHtmlCacheBehavior [ RunTime:0.000841s ]
INFO: [ app_begin ] --END-- [ RunTime:0.001425s ]

[ 2016-09-29T19:00:44+08:00 ] 121.101.209.126 /weixin/weixin/index.php/Home/Ajax/login
INFO: [ app_begin ] --START--
INFO: Run Behavior\ReadHtmlCacheBehavior [ RunTime:0.001038s ]
INFO: [ app_begin ] --END-- [ RunTime:0.002223s ]

[ 2016-09-29T19:01:04+08:00 ] 121.101.209.126 /weixin/weixin/index.php/Home/Ajax/login
INFO: [ app_begin ] --START--
INFO: Run Behavior\ReadHtmlCacheBehavior [ RunTime:0.000822s ]
INFO: [ app_begin ] --END-- [ RunTime:0.001536s ]

[ 2016-09-29T19:02:27+08:00 ] 121.101.209.126 /weixin/weixin/index.php/Home/Ajax/login
INFO: [ app_begin ] --START--
INFO: Run Behavior\ReadHtmlCacheBehavior [ RunTime:0.000735s ]
INFO: [ app_begin ] --END-- [ RunTime:0.001227s ]

[ 2016-09-29T19:02:51+08:00 ] 121.101.209.126 /weixin/weixin/index.php/Home/Ajax/login
INFO: [ app_begin ] --START--
INFO: Run Behavior\ReadHtmlCacheBehavior [ RunTime:0.000966s ]
INFO: [ app_begin ] --END-- [ RunTime:0.001719s ]
NOTIC: [8] Undefined index: errorCode /home/wwwroot/cams_cshcc/public_html/weixin/weixin/Application/Home/Controller/AjaxController.class.php 第 10 行.
NOTIC: [8] Undefined index: results /home/wwwroot/cams_cshcc/public_html/weixin/weixin/Application/Home/Controller/AjaxController.class.php 第 11 行.
NOTIC: [8] Undefined index: results /home/wwwroot/cams_cshcc/public_html/weixin/weixin/Application/Home/Controller/AjaxController.class.php 第 12 行.
NOTIC: [8] Undefined index: extraInfo /home/wwwroot/cams_cshcc/public_html/weixin/weixin/Application/Home/Controller/AjaxController.class.php 第 14 行.
NOTIC: [8] Undefined index: extraInfo /home/wwwroot/cams_cshcc/public_html/weixin/weixin/Application/Home/Controller/AjaxController.class.php 第 15 行.

[ 2016-09-29T19:04:00+08:00 ] 121.101.209.126 /weixin/weixin/index.php/Home/Ajax/login
INFO: [ app_begin ] --START--
INFO: Run Behavior\ReadHtmlCacheBehavior [ RunTime:0.000933s ]
INFO: [ app_begin ] --END-- [ RunTime:0.001527s ]
NOTIC: [8] Undefined index: errorCode /home/wwwroot/cams_cshcc/public_html/weixin/weixin/Application/Home/Controller/AjaxController.class.php 第 10 行.
NOTIC: [8] Undefined index: results /home/wwwroot/cams_cshcc/public_html/weixin/weixin/Application/Home/Controller/AjaxController.class.php 第 11 行.
NOTIC: [8] Undefined index: results /home/wwwroot/cams_cshcc/public_html/weixin/weixin/Application/Home/Controller/AjaxController.class.php 第 12 行.
NOTIC: [8] Undefined index: extraInfo /home/wwwroot/cams_cshcc/public_html/weixin/weixin/Application/Home/Controller/AjaxController.class.php 第 14 行.
NOTIC: [8] Undefined index: extraInfo /home/wwwroot/cams_cshcc/public_html/weixin/weixin/Application/Home/Controller/AjaxController.class.php 第 15 行.

[ 2016-09-29T19:04:10+08:00 ] 121.101.209.126 /weixin/weixin/index.php/Home/Ajax/login
INFO: [ app_begin ] --START--
INFO: Run Behavior\ReadHtmlCacheBehavior [ RunTime:0.000841s ]
INFO: [ app_begin ] --END-- [ RunTime:0.001401s ]
NOTIC: [8] Undefined index: errorCode /home/wwwroot/cams_cshcc/public_html/weixin/weixin/Application/Home/Controller/AjaxController.class.php 第 10 行.
NOTIC: [8] Undefined index: results /home/wwwroot/cams_cshcc/public_html/weixin/weixin/Application/Home/Controller/AjaxController.class.php 第 11 行.
NOTIC: [8] Undefined index: results /home/wwwroot/cams_cshcc/public_html/weixin/weixin/Application/Home/Controller/AjaxController.class.php 第 12 行.
NOTIC: [8] Undefined index: extraInfo /home/wwwroot/cams_cshcc/public_html/weixin/weixin/Application/Home/Controller/AjaxController.class.php 第 14 行.
NOTIC: [8] Undefined index: extraInfo /home/wwwroot/cams_cshcc/public_html/weixin/weixin/Application/Home/Controller/AjaxController.class.php 第 15 行.

[ 2016-09-29T19:10:28+08:00 ] 121.101.209.126 /weixin/weixin/index.php/Home/Ajax/login
INFO: [ app_begin ] --START--
INFO: Run Behavior\ReadHtmlCacheBehavior [ RunTime:0.001083s ]
INFO: [ app_begin ] --END-- [ RunTime:0.001903s ]

[ 2016-09-29T19:12:42+08:00 ] 223.104.3.241 /weixin/weixin/index.php/Home/Ajax/login
INFO: [ app_begin ] --START--
INFO: Run Behavior\ReadHtmlCacheBehavior [ RunTime:0.000839s ]
INFO: [ app_begin ] --END-- [ RunTime:0.001354s ]

[ 2016-09-29T19:12:43+08:00 ] 223.104.3.241 /weixin/weixin/index.php/Home/Ajax/login
INFO: [ app_begin ] --START--
INFO: Run Behavior\ReadHtmlCacheBehavior [ RunTime:0.001195s ]
INFO: [ app_begin ] --END-- [ RunTime:0.002029s ]

