[ 2016-10-15T08:29:24+08:00 ] 117.136.38.94 /weixin/weixin/index.php/Home/Ajax/qiandao
INFO: [ app_begin ] --START--
INFO: Run Behavior\ReadHtmlCacheBehavior [ RunTime:0.000999s ]
INFO: [ app_begin ] --END-- [ RunTime:0.001712s ]
NOTIC: [8] A session had already been started - ignoring session_start() /home/wwwroot/cams_cshcc/public_html/weixin/weixin/ThinkPHP/Common/functions.php 第 1263 行.

[ 2016-10-15T08:29:28+08:00 ] 117.136.38.94 /weixin/weixin/index.php/Home/Ajax/qiandao
INFO: [ app_begin ] --START--
INFO: Run Behavior\ReadHtmlCacheBehavior [ RunTime:0.000904s ]
INFO: [ app_begin ] --END-- [ RunTime:0.001474s ]
NOTIC: [8] A session had already been started - ignoring session_start() /home/wwwroot/cams_cshcc/public_html/weixin/weixin/ThinkPHP/Common/functions.php 第 1263 行.

[ 2016-10-15T08:29:39+08:00 ] 117.136.38.94 /weixin/weixin/index.php/Home/Ajax/qiandao
INFO: [ app_begin ] --START--
INFO: Run Behavior\ReadHtmlCacheBehavior [ RunTime:0.000899s ]
INFO: [ app_begin ] --END-- [ RunTime:0.001468s ]
NOTIC: [8] A session had already been started - ignoring session_start() /home/wwwroot/cams_cshcc/public_html/weixin/weixin/ThinkPHP/Common/functions.php 第 1263 行.

[ 2016-10-15T08:30:58+08:00 ] 117.136.38.94 /weixin/weixin/index.php/Home/Ajax/qiandao
INFO: [ app_begin ] --START--
INFO: Run Behavior\ReadHtmlCacheBehavior [ RunTime:0.000997s ]
INFO: [ app_begin ] --END-- [ RunTime:0.001521s ]
NOTIC: [8] A session had already been started - ignoring session_start() /home/wwwroot/cams_cshcc/public_html/weixin/weixin/ThinkPHP/Common/functions.php 第 1263 行.

[ 2016-10-15T08:31:44+08:00 ] 117.136.38.94 /weixin/weixin/index.php/Home/Ajax/qiandao
INFO: [ app_begin ] --START--
INFO: Run Behavior\ReadHtmlCacheBehavior [ RunTime:0.001050s ]
INFO: [ app_begin ] --END-- [ RunTime:0.001838s ]
NOTIC: [8] A session had already been started - ignoring session_start() /home/wwwroot/cams_cshcc/public_html/weixin/weixin/ThinkPHP/Common/functions.php 第 1263 行.

[ 2016-10-15T08:32:41+08:00 ] 117.136.38.94 /weixin/weixin/index.php/Home/Ajax/qiandao
INFO: [ app_begin ] --START--
INFO: Run Behavior\ReadHtmlCacheBehavior [ RunTime:0.001014s ]
INFO: [ app_begin ] --END-- [ RunTime:0.001812s ]
NOTIC: [8] A session had already been started - ignoring session_start() /home/wwwroot/cams_cshcc/public_html/weixin/weixin/ThinkPHP/Common/functions.php 第 1263 行.

[ 2016-10-15T08:33:54+08:00 ] 117.136.38.94 /weixin/weixin/index.php/Home/Ajax/qiandao
INFO: [ app_begin ] --START--
INFO: Run Behavior\ReadHtmlCacheBehavior [ RunTime:0.001228s ]
INFO: [ app_begin ] --END-- [ RunTime:0.002095s ]
NOTIC: [8] A session had already been started - ignoring session_start() /home/wwwroot/cams_cshcc/public_html/weixin/weixin/ThinkPHP/Common/functions.php 第 1263 行.

[ 2016-10-15T17:16:33+08:00 ] 223.104.38.99 /weixin/weixin/index.php/Home/Ajax/qiandao
INFO: [ app_begin ] --START--
INFO: Run Behavior\ReadHtmlCacheBehavior [ RunTime:0.001006s ]
INFO: [ app_begin ] --END-- [ RunTime:0.001747s ]
NOTIC: [8] A session had already been started - ignoring session_start() /home/wwwroot/cams_cshcc/public_html/weixin/weixin/ThinkPHP/Common/functions.php 第 1263 行.

[ 2016-10-15T17:16:39+08:00 ] 223.104.38.99 /weixin/weixin/index.php/Home/Ajax/qiandao
INFO: [ app_begin ] --START--
INFO: Run Behavior\ReadHtmlCacheBehavior [ RunTime:0.000858s ]
INFO: [ app_begin ] --END-- [ RunTime:0.001449s ]
NOTIC: [8] A session had already been started - ignoring session_start() /home/wwwroot/cams_cshcc/public_html/weixin/weixin/ThinkPHP/Common/functions.php 第 1263 行.

[ 2016-10-15T17:16:47+08:00 ] 223.104.38.99 /weixin/weixin/index.php/Home/Ajax/qiandao
INFO: [ app_begin ] --START--
INFO: Run Behavior\ReadHtmlCacheBehavior [ RunTime:0.000738s ]
INFO: [ app_begin ] --END-- [ RunTime:0.001344s ]
NOTIC: [8] A session had already been started - ignoring session_start() /home/wwwroot/cams_cshcc/public_html/weixin/weixin/ThinkPHP/Common/functions.php 第 1263 行.

