[ 2016-09-30T10:44:14+08:00 ] 121.101.209.126 /weixin/api/index.php/Home/Message/addMessage
INFO: [ app_begin ] --START--
INFO: Run Behavior\ReadHtmlCacheBehavior [ RunTime:0.000903s ]
INFO: [ app_begin ] --END-- [ RunTime:0.001487s ]
NOTIC: [8] Undefined variable: _HEADERS /home/wwwroot/cams_cshcc/public_html/weixin/api/Application/Home/Controller/ApiController.class.php 第 183 行.
SQL: SHOW COLUMNS FROM `sp_hr` [ RunTime:0.0180s ]
SQL: SELECT * FROM `sp_hr` WHERE ( id='1' ) LIMIT 1   [ RunTime:0.0010s ]
SQL: SHOW COLUMNS FROM `sp_message` [ RunTime:0.0011s ]
SQL: INSERT INTO `sp_message` (`unionToken`,`unionType`,`createTime`) VALUES ('jiofgajoeoipjoiwjero3oijwer','4','2016-09-30 10:44:14') [ RunTime:0.0006s ]
SQL: SELECT * FROM `sp_message` WHERE ( id=13 ) LIMIT 1   [ RunTime:0.0003s ]

[ 2016-09-30T10:44:23+08:00 ] 121.101.209.126 /weixin/api/index.php/Home/Message/addMessage
INFO: [ app_begin ] --START--
INFO: Run Behavior\ReadHtmlCacheBehavior [ RunTime:0.001007s ]
INFO: [ app_begin ] --END-- [ RunTime:0.001762s ]
NOTIC: [8] Undefined variable: _HEADERS /home/wwwroot/cams_cshcc/public_html/weixin/api/Application/Home/Controller/ApiController.class.php 第 183 行.
SQL: SHOW COLUMNS FROM `sp_hr` [ RunTime:0.0032s ]
SQL: SELECT * FROM `sp_hr` WHERE ( id='101' ) LIMIT 1   [ RunTime:0.0006s ]
SQL: SHOW COLUMNS FROM `sp_message` [ RunTime:0.0016s ]
SQL: INSERT INTO `sp_message` (`unionToken`,`unionType`,`createTime`) VALUES ('jiofgajoeoipjoiwjero3oijwer','4','2016-09-30 10:44:23') [ RunTime:0.0003s ]
SQL: SELECT * FROM `sp_message` WHERE ( id=14 ) LIMIT 1   [ RunTime:0.0004s ]

[ 2016-09-30T10:44:27+08:00 ] 121.101.209.126 /weixin/api/index.php/Home/Message/addMessage
INFO: [ app_begin ] --START--
INFO: Run Behavior\ReadHtmlCacheBehavior [ RunTime:0.000898s ]
INFO: [ app_begin ] --END-- [ RunTime:0.001694s ]
NOTIC: [8] Undefined variable: _HEADERS /home/wwwroot/cams_cshcc/public_html/weixin/api/Application/Home/Controller/ApiController.class.php 第 183 行.
SQL: SHOW COLUMNS FROM `sp_message` [ RunTime:0.0013s ]
SQL: INSERT INTO `sp_message` (`unionToken`,`unionType`,`createTime`) VALUES ('jiofgajoeoipjoiwjero3oijwer','4','2016-09-30 10:44:27') [ RunTime:0.0006s ]
SQL: SELECT * FROM `sp_message` WHERE ( id=15 ) LIMIT 1   [ RunTime:0.0003s ]

[ 2016-09-30T10:46:37+08:00 ] 121.101.209.126 /weixin/api/index.php/Home/Message/getMessageToWeb
INFO: [ app_begin ] --START--
INFO: Run Behavior\ReadHtmlCacheBehavior [ RunTime:0.001392s ]
INFO: [ app_begin ] --END-- [ RunTime:0.002412s ]
NOTIC: [8] Undefined variable: _HEADERS /home/wwwroot/cams_cshcc/public_html/weixin/api/Application/Home/Controller/ApiController.class.php 第 183 行.
SQL: SHOW COLUMNS FROM `sp_hr` [ RunTime:0.0025s ]
SQL: SELECT * FROM `sp_hr` WHERE ( id='1' ) LIMIT 1   [ RunTime:0.0009s ]
SQL: SHOW COLUMNS FROM `sp_message` [ RunTime:0.0013s ]
SQL: SELECT COUNT(*) AS tp_count FROM `sp_message` WHERE `deleted` = 0 AND `status` = 0 LIMIT 1   [ RunTime:0.0006s ]
SQL: SELECT COUNT(*) AS tp_count FROM `sp_message` WHERE `deleted` = 0 AND `status` = 1 LIMIT 1   [ RunTime:0.0002s ]
NOTIC: [8] Undefined index: tab_ /home/wwwroot/cams_cshcc/public_html/weixin/api/Application/Home/Controller/MessageController.class.php 第 45 行.
SQL: SELECT * FROM `sp_message` WHERE `deleted` = 0 AND `status` = '0'  [ RunTime:0.0004s ]

[ 2016-09-30T11:43:52+08:00 ] 121.101.209.126 /weixin/api/index.php/Home/Renzhengapply/getApplyToWeb
INFO: [ app_begin ] --START--
INFO: Run Behavior\ReadHtmlCacheBehavior [ RunTime:0.000838s ]
INFO: [ app_begin ] --END-- [ RunTime:0.001612s ]
NOTIC: [8] Undefined variable: _HEADERS /home/wwwroot/cams_cshcc/public_html/weixin/api/Application/Home/Controller/ApiController.class.php 第 183 行.
SQL: SHOW COLUMNS FROM `sp_hr` [ RunTime:0.0030s ]
SQL: SELECT * FROM `sp_hr` WHERE ( id='1' ) LIMIT 1   [ RunTime:0.0012s ]
SQL: SHOW COLUMNS FROM `sp_renzhengapply` [ RunTime:0.0014s ]
SQL: SELECT COUNT(*) AS tp_count FROM `sp_renzhengapply` WHERE `deleted` = 0 AND `status` = 0 LIMIT 1   [ RunTime:0.0007s ]
SQL: SELECT COUNT(*) AS tp_count FROM `sp_renzhengapply` WHERE `deleted` = 0 AND `status` = 1 LIMIT 1   [ RunTime:0.0002s ]
NOTIC: [8] Undefined index: tab_ /home/wwwroot/cams_cshcc/public_html/weixin/api/Application/Home/Controller/RenzhengapplyController.class.php 第 75 行.
SQL: SELECT * FROM `sp_renzhengapply` WHERE `deleted` = 0 AND `status` = '0'  [ RunTime:0.0004s ]

[ 2016-09-30T11:46:58+08:00 ] 121.101.209.126 /weixin/api/index.php/Home/Renzhengapply/getApplyToWeb
INFO: [ app_begin ] --START--
INFO: Run Behavior\ReadHtmlCacheBehavior [ RunTime:0.001007s ]
INFO: [ app_begin ] --END-- [ RunTime:0.001541s ]
NOTIC: [8] Undefined variable: _HEADERS /home/wwwroot/cams_cshcc/public_html/weixin/api/Application/Home/Controller/ApiController.class.php 第 183 行.
SQL: SHOW COLUMNS FROM `sp_hr` [ RunTime:0.0027s ]
SQL: SELECT * FROM `sp_hr` WHERE ( id='1' ) LIMIT 1   [ RunTime:0.0009s ]
SQL: SHOW COLUMNS FROM `sp_renzhengapply` [ RunTime:0.0012s ]
SQL: SELECT COUNT(*) AS tp_count FROM `sp_renzhengapply` WHERE `deleted` = 0 AND `status` = 0 LIMIT 1   [ RunTime:0.0005s ]
SQL: SELECT COUNT(*) AS tp_count FROM `sp_renzhengapply` WHERE `deleted` = 0 AND `status` = 1 LIMIT 1   [ RunTime:0.0002s ]
NOTIC: [8] Undefined index: tab_ /home/wwwroot/cams_cshcc/public_html/weixin/api/Application/Home/Controller/RenzhengapplyController.class.php 第 75 行.
SQL: SELECT * FROM `sp_renzhengapply` WHERE `deleted` = 0 AND `status` = '0'  [ RunTime:0.0002s ]

[ 2016-09-30T13:18:15+08:00 ] 121.101.209.126 /weixin/api/index.php/Home/Renzhengapply/getApplyToWeb
INFO: [ app_begin ] --START--
INFO: Run Behavior\ReadHtmlCacheBehavior [ RunTime:0.001088s ]
INFO: [ app_begin ] --END-- [ RunTime:0.001837s ]
NOTIC: [8] Undefined variable: _HEADERS /home/wwwroot/cams_cshcc/public_html/weixin/api/Application/Home/Controller/ApiController.class.php 第 183 行.
SQL: SHOW COLUMNS FROM `sp_hr` [ RunTime:0.0026s ]
SQL: SELECT * FROM `sp_hr` WHERE ( id='1' ) LIMIT 1   [ RunTime:0.0009s ]
SQL: SHOW COLUMNS FROM `sp_renzhengapply` [ RunTime:0.0011s ]
SQL: SELECT COUNT(*) AS tp_count FROM `sp_renzhengapply` WHERE `deleted` = 0 AND `status` = 0 LIMIT 1   [ RunTime:0.0005s ]
SQL: SELECT COUNT(*) AS tp_count FROM `sp_renzhengapply` WHERE `deleted` = 0 AND `status` = 1 LIMIT 1   [ RunTime:0.0001s ]
SQL: SELECT * FROM `sp_renzhengapply` WHERE `deleted` = 0 AND `status` = '0' LIMIT 0,10   [ RunTime:0.0002s ]

[ 2016-09-30T15:23:27+08:00 ] 121.101.209.126 /weixin/api/index.php/Home/Message/getMessageToWeb
INFO: [ app_begin ] --START--
INFO: Run Behavior\ReadHtmlCacheBehavior [ RunTime:0.001096s ]
INFO: [ app_begin ] --END-- [ RunTime:0.001784s ]
NOTIC: [8] Undefined variable: _HEADERS /home/wwwroot/cams_cshcc/public_html/weixin/api/Application/Home/Controller/ApiController.class.php 第 183 行.
SQL: SHOW COLUMNS FROM `sp_hr` [ RunTime:0.0034s ]
SQL: SELECT * FROM `sp_hr` WHERE ( id='1' ) LIMIT 1   [ RunTime:0.0007s ]
SQL: SHOW COLUMNS FROM `sp_message` [ RunTime:0.0021s ]
SQL: SELECT COUNT(*) AS tp_count FROM `sp_message` WHERE `deleted` = 0 AND `status` = 0 LIMIT 1   [ RunTime:0.0003s ]
SQL: SELECT COUNT(*) AS tp_count FROM `sp_message` WHERE `deleted` = 0 AND `status` = 1 LIMIT 1   [ RunTime:0.0002s ]
NOTIC: [8] Undefined index: tab_ /home/wwwroot/cams_cshcc/public_html/weixin/api/Application/Home/Controller/MessageController.class.php 第 45 行.
SQL: SELECT * FROM `sp_message` WHERE `deleted` = 0 AND `status` = '0'  [ RunTime:0.0003s ]

[ 2016-09-30T15:24:07+08:00 ] 121.101.209.126 /weixin/api/index.php/Home/Message/getMessageToWeb
INFO: [ app_begin ] --START--
INFO: Run Behavior\ReadHtmlCacheBehavior [ RunTime:0.001244s ]
INFO: [ app_begin ] --END-- [ RunTime:0.002054s ]
NOTIC: [8] Undefined variable: _HEADERS /home/wwwroot/cams_cshcc/public_html/weixin/api/Application/Home/Controller/ApiController.class.php 第 183 行.
SQL: SHOW COLUMNS FROM `sp_hr` [ RunTime:0.0025s ]
SQL: SELECT * FROM `sp_hr` WHERE ( id='1' ) LIMIT 1   [ RunTime:0.0006s ]
SQL: SHOW COLUMNS FROM `sp_message` [ RunTime:0.0015s ]
SQL: SELECT COUNT(*) AS tp_count FROM `sp_message` WHERE `deleted` = 0 AND `status` = 0 LIMIT 1   [ RunTime:0.0006s ]
SQL: SELECT COUNT(*) AS tp_count FROM `sp_message` WHERE `deleted` = 0 AND `status` = 1 LIMIT 1   [ RunTime:0.0003s ]
SQL: SELECT * FROM `sp_message` WHERE `deleted` = 0 AND `status` = '0' LIMIT 0,12   [ RunTime:0.0003s ]

[ 2016-09-30T15:24:08+08:00 ] 121.101.209.126 /weixin/api/index.php/Home/Message/getMessageToWeb
INFO: [ app_begin ] --START--
INFO: Run Behavior\ReadHtmlCacheBehavior [ RunTime:0.000838s ]
INFO: [ app_begin ] --END-- [ RunTime:0.001454s ]
NOTIC: [8] Undefined variable: _HEADERS /home/wwwroot/cams_cshcc/public_html/weixin/api/Application/Home/Controller/ApiController.class.php 第 183 行.
SQL: SHOW COLUMNS FROM `sp_hr` [ RunTime:0.0024s ]
SQL: SELECT * FROM `sp_hr` WHERE ( id='1' ) LIMIT 1   [ RunTime:0.0008s ]
SQL: SHOW COLUMNS FROM `sp_message` [ RunTime:0.0013s ]
SQL: SELECT COUNT(*) AS tp_count FROM `sp_message` WHERE `deleted` = 0 AND `status` = 0 LIMIT 1   [ RunTime:0.0006s ]
SQL: SELECT COUNT(*) AS tp_count FROM `sp_message` WHERE `deleted` = 0 AND `status` = 1 LIMIT 1   [ RunTime:0.0002s ]
SQL: SELECT * FROM `sp_message` WHERE `deleted` = 0 AND `status` = '0' LIMIT 0,12   [ RunTime:0.0003s ]

[ 2016-09-30T15:24:09+08:00 ] 121.101.209.126 /weixin/api/index.php/Home/Message/getMessageToWeb
INFO: [ app_begin ] --START--
INFO: Run Behavior\ReadHtmlCacheBehavior [ RunTime:0.000905s ]
INFO: [ app_begin ] --END-- [ RunTime:0.001569s ]
NOTIC: [8] Undefined variable: _HEADERS /home/wwwroot/cams_cshcc/public_html/weixin/api/Application/Home/Controller/ApiController.class.php 第 183 行.
SQL: SHOW COLUMNS FROM `sp_hr` [ RunTime:0.0022s ]
SQL: SELECT * FROM `sp_hr` WHERE ( id='1' ) LIMIT 1   [ RunTime:0.0008s ]
SQL: SHOW COLUMNS FROM `sp_message` [ RunTime:0.0011s ]
SQL: SELECT COUNT(*) AS tp_count FROM `sp_message` WHERE `deleted` = 0 AND `status` = 0 LIMIT 1   [ RunTime:0.0005s ]
SQL: SELECT COUNT(*) AS tp_count FROM `sp_message` WHERE `deleted` = 0 AND `status` = 1 LIMIT 1   [ RunTime:0.0002s ]
SQL: SELECT * FROM `sp_message` WHERE `deleted` = 0 AND `status` = '0' LIMIT 0,12   [ RunTime:0.0002s ]

[ 2016-09-30T15:24:09+08:00 ] 121.101.209.126 /weixin/api/index.php/Home/Message/getMessageToWeb
INFO: [ app_begin ] --START--
INFO: Run Behavior\ReadHtmlCacheBehavior [ RunTime:0.000958s ]
INFO: [ app_begin ] --END-- [ RunTime:0.001652s ]
NOTIC: [8] Undefined variable: _HEADERS /home/wwwroot/cams_cshcc/public_html/weixin/api/Application/Home/Controller/ApiController.class.php 第 183 行.
SQL: SHOW COLUMNS FROM `sp_hr` [ RunTime:0.0028s ]
SQL: SELECT * FROM `sp_hr` WHERE ( id='1' ) LIMIT 1   [ RunTime:0.0007s ]
SQL: SHOW COLUMNS FROM `sp_message` [ RunTime:0.0016s ]
SQL: SELECT COUNT(*) AS tp_count FROM `sp_message` WHERE `deleted` = 0 AND `status` = 0 LIMIT 1   [ RunTime:0.0005s ]
SQL: SELECT COUNT(*) AS tp_count FROM `sp_message` WHERE `deleted` = 0 AND `status` = 1 LIMIT 1   [ RunTime:0.0002s ]
SQL: SELECT * FROM `sp_message` WHERE `deleted` = 0 AND `status` = '0' LIMIT 0,12   [ RunTime:0.0002s ]

[ 2016-09-30T15:24:10+08:00 ] 121.101.209.126 /weixin/api/index.php/Home/Message/getMessageToWeb
INFO: [ app_begin ] --START--
INFO: Run Behavior\ReadHtmlCacheBehavior [ RunTime:0.000786s ]
INFO: [ app_begin ] --END-- [ RunTime:0.001484s ]
NOTIC: [8] Undefined variable: _HEADERS /home/wwwroot/cams_cshcc/public_html/weixin/api/Application/Home/Controller/ApiController.class.php 第 183 行.
SQL: SHOW COLUMNS FROM `sp_hr` [ RunTime:0.0021s ]
SQL: SELECT * FROM `sp_hr` WHERE ( id='1' ) LIMIT 1   [ RunTime:0.0009s ]
SQL: SHOW COLUMNS FROM `sp_message` [ RunTime:0.0012s ]
SQL: SELECT COUNT(*) AS tp_count FROM `sp_message` WHERE `deleted` = 0 AND `status` = 0 LIMIT 1   [ RunTime:0.0014s ]
SQL: SELECT COUNT(*) AS tp_count FROM `sp_message` WHERE `deleted` = 0 AND `status` = 1 LIMIT 1   [ RunTime:0.0002s ]
SQL: SELECT * FROM `sp_message` WHERE `deleted` = 0 AND `status` = '0' LIMIT 0,12   [ RunTime:0.0004s ]

[ 2016-09-30T15:40:07+08:00 ] 121.101.209.126 /weixin/api/index.php/Home/Message/getMessageToWeb
INFO: [ app_begin ] --START--
INFO: Run Behavior\ReadHtmlCacheBehavior [ RunTime:0.000695s ]
INFO: [ app_begin ] --END-- [ RunTime:0.001270s ]
NOTIC: [8] Undefined variable: _HEADERS /home/wwwroot/cams_cshcc/public_html/weixin/api/Application/Home/Controller/ApiController.class.php 第 183 行.
SQL: SHOW COLUMNS FROM `sp_hr` [ RunTime:0.0026s ]
SQL: SELECT * FROM `sp_hr` WHERE ( id='1' ) LIMIT 1   [ RunTime:0.0011s ]
SQL: SHOW COLUMNS FROM `sp_message` [ RunTime:0.0012s ]
SQL: SELECT COUNT(*) AS tp_count FROM `sp_message` WHERE `deleted` = 0 AND `status` = 0 LIMIT 1   [ RunTime:0.0006s ]
SQL: SELECT COUNT(*) AS tp_count FROM `sp_message` WHERE `deleted` = 0 AND `status` = 1 LIMIT 1   [ RunTime:0.0002s ]
SQL: SELECT * FROM `sp_message` WHERE `deleted` = 0 AND `status` = '0' LIMIT 0,12   [ RunTime:0.0002s ]

[ 2016-09-30T15:40:08+08:00 ] 121.101.209.126 /weixin/api/index.php/Home/Message/getMessageToWeb
INFO: [ app_begin ] --START--
INFO: Run Behavior\ReadHtmlCacheBehavior [ RunTime:0.000950s ]
INFO: [ app_begin ] --END-- [ RunTime:0.001866s ]
NOTIC: [8] Undefined variable: _HEADERS /home/wwwroot/cams_cshcc/public_html/weixin/api/Application/Home/Controller/ApiController.class.php 第 183 行.
SQL: SHOW COLUMNS FROM `sp_hr` [ RunTime:0.0027s ]
SQL: SELECT * FROM `sp_hr` WHERE ( id='1' ) LIMIT 1   [ RunTime:0.0004s ]
SQL: SHOW COLUMNS FROM `sp_message` [ RunTime:0.0013s ]
SQL: SELECT COUNT(*) AS tp_count FROM `sp_message` WHERE `deleted` = 0 AND `status` = 0 LIMIT 1   [ RunTime:0.0002s ]
SQL: SELECT COUNT(*) AS tp_count FROM `sp_message` WHERE `deleted` = 0 AND `status` = 1 LIMIT 1   [ RunTime:0.0002s ]
SQL: SELECT * FROM `sp_message` WHERE `deleted` = 0 AND `status` = '0' LIMIT 0,12   [ RunTime:0.0002s ]

[ 2016-09-30T15:40:08+08:00 ] 121.101.209.126 /weixin/api/index.php/Home/Message/getMessageToWeb
INFO: [ app_begin ] --START--
INFO: Run Behavior\ReadHtmlCacheBehavior [ RunTime:0.001161s ]
INFO: [ app_begin ] --END-- [ RunTime:0.001954s ]
NOTIC: [8] Undefined variable: _HEADERS /home/wwwroot/cams_cshcc/public_html/weixin/api/Application/Home/Controller/ApiController.class.php 第 183 行.
SQL: SHOW COLUMNS FROM `sp_hr` [ RunTime:0.0022s ]
SQL: SELECT * FROM `sp_hr` WHERE ( id='1' ) LIMIT 1   [ RunTime:0.0008s ]
SQL: SHOW COLUMNS FROM `sp_message` [ RunTime:0.0013s ]
SQL: SELECT COUNT(*) AS tp_count FROM `sp_message` WHERE `deleted` = 0 AND `status` = 0 LIMIT 1   [ RunTime:0.0006s ]
SQL: SELECT COUNT(*) AS tp_count FROM `sp_message` WHERE `deleted` = 0 AND `status` = 1 LIMIT 1   [ RunTime:0.0002s ]
SQL: SELECT * FROM `sp_message` WHERE `deleted` = 0 AND `status` = '0' LIMIT 0,12   [ RunTime:0.0002s ]

[ 2016-09-30T15:40:08+08:00 ] 121.101.209.126 /weixin/api/index.php/Home/Message/getMessageToWeb
INFO: [ app_begin ] --START--
INFO: Run Behavior\ReadHtmlCacheBehavior [ RunTime:0.000832s ]
INFO: [ app_begin ] --END-- [ RunTime:0.001398s ]
NOTIC: [8] Undefined variable: _HEADERS /home/wwwroot/cams_cshcc/public_html/weixin/api/Application/Home/Controller/ApiController.class.php 第 183 行.
SQL: SHOW COLUMNS FROM `sp_hr` [ RunTime:0.0029s ]
SQL: SELECT * FROM `sp_hr` WHERE ( id='1' ) LIMIT 1   [ RunTime:0.0009s ]
SQL: SHOW COLUMNS FROM `sp_message` [ RunTime:0.0022s ]
SQL: SELECT COUNT(*) AS tp_count FROM `sp_message` WHERE `deleted` = 0 AND `status` = 0 LIMIT 1   [ RunTime:0.0009s ]
SQL: SELECT COUNT(*) AS tp_count FROM `sp_message` WHERE `deleted` = 0 AND `status` = 1 LIMIT 1   [ RunTime:0.0002s ]
SQL: SELECT * FROM `sp_message` WHERE `deleted` = 0 AND `status` = '0' LIMIT 0,12   [ RunTime:0.0003s ]

[ 2016-09-30T15:40:08+08:00 ] 121.101.209.126 /weixin/api/index.php/Home/Message/getMessageToWeb
INFO: [ app_begin ] --START--
INFO: Run Behavior\ReadHtmlCacheBehavior [ RunTime:0.000823s ]
INFO: [ app_begin ] --END-- [ RunTime:0.001419s ]
NOTIC: [8] Undefined variable: _HEADERS /home/wwwroot/cams_cshcc/public_html/weixin/api/Application/Home/Controller/ApiController.class.php 第 183 行.
SQL: SHOW COLUMNS FROM `sp_hr` [ RunTime:0.0026s ]
SQL: SELECT * FROM `sp_hr` WHERE ( id='1' ) LIMIT 1   [ RunTime:0.0010s ]
SQL: SHOW COLUMNS FROM `sp_message` [ RunTime:0.0011s ]
SQL: SELECT COUNT(*) AS tp_count FROM `sp_message` WHERE `deleted` = 0 AND `status` = 0 LIMIT 1   [ RunTime:0.0007s ]
SQL: SELECT COUNT(*) AS tp_count FROM `sp_message` WHERE `deleted` = 0 AND `status` = 1 LIMIT 1   [ RunTime:0.0002s ]
SQL: SELECT * FROM `sp_message` WHERE `deleted` = 0 AND `status` = '0' LIMIT 0,12   [ RunTime:0.0004s ]

[ 2016-09-30T15:40:11+08:00 ] 121.101.209.126 /weixin/api/index.php/Home/Message/getMessageToWeb
INFO: [ app_begin ] --START--
INFO: Run Behavior\ReadHtmlCacheBehavior [ RunTime:0.001047s ]
INFO: [ app_begin ] --END-- [ RunTime:0.001826s ]
NOTIC: [8] Undefined variable: _HEADERS /home/wwwroot/cams_cshcc/public_html/weixin/api/Application/Home/Controller/ApiController.class.php 第 183 行.
SQL: SHOW COLUMNS FROM `sp_hr` [ RunTime:0.0026s ]
SQL: SELECT * FROM `sp_hr` WHERE ( id='1' ) LIMIT 1   [ RunTime:0.0010s ]
SQL: SHOW COLUMNS FROM `sp_message` [ RunTime:0.0013s ]
SQL: SELECT COUNT(*) AS tp_count FROM `sp_message` WHERE `deleted` = 0 AND `status` = 0 LIMIT 1   [ RunTime:0.0006s ]
SQL: SELECT COUNT(*) AS tp_count FROM `sp_message` WHERE `deleted` = 0 AND `status` = 1 LIMIT 1   [ RunTime:0.0002s ]
SQL: SELECT * FROM `sp_message` WHERE `deleted` = 0 AND `status` = '0' LIMIT 0,12   [ RunTime:0.0002s ]

