[ 2016-09-29T16:18:01+08:00 ] 121.101.209.126 /weixin/api/index.php/Home/Notice/getNotice
INFO: [ app_begin ] --START--
INFO: Run Behavior\ReadHtmlCacheBehavior [ RunTime:0.001031s ]
INFO: [ app_begin ] --END-- [ RunTime:0.001703s ]
NOTIC: [8] Undefined variable: _HEADERS /home/wwwroot/cams_cshcc/public_html/weixin/api/Application/Home/Controller/ApiController.class.php 第 183 行.
SQL: SHOW COLUMNS FROM `sp_hr` [ RunTime:0.0026s ]
SQL: SELECT * FROM `sp_hr` WHERE ( id='1' ) LIMIT 1   [ RunTime:0.0006s ]
SQL: SHOW COLUMNS FROM `sp_notice` [ RunTime:0.0013s ]
SQL: SELECT COUNT(*) AS tp_count FROM `sp_notice` WHERE `status` = 1 AND `type` = '1' LIMIT 1   [ RunTime:0.0007s ]
SQL: SELECT * FROM `sp_notice` WHERE `status` = 1 AND `type` = '1' LIMIT 0,20   [ RunTime:0.0003s ]

[ 2016-09-29T16:18:06+08:00 ] 121.101.209.126 /weixin/api/index.php/Home/Notice/getNotice
INFO: [ app_begin ] --START--
INFO: Run Behavior\ReadHtmlCacheBehavior [ RunTime:0.001017s ]
INFO: [ app_begin ] --END-- [ RunTime:0.001660s ]
NOTIC: [8] Undefined variable: _HEADERS /home/wwwroot/cams_cshcc/public_html/weixin/api/Application/Home/Controller/ApiController.class.php 第 183 行.
SQL: SHOW COLUMNS FROM `sp_hr` [ RunTime:0.0039s ]
SQL: SELECT * FROM `sp_hr` WHERE ( id='2' ) LIMIT 1   [ RunTime:0.0005s ]
SQL: SHOW COLUMNS FROM `sp_unionlogin` [ RunTime:0.0012s ]
SQL: SELECT * FROM `sp_unionlogin` WHERE `status` = 1 AND `genre` = 3 AND `userID` = '2' LIMIT 1   [ RunTime:0.0006s ]

[ 2016-09-29T16:18:08+08:00 ] 121.101.209.126 /weixin/api/index.php/Home/Notice/getNotice
INFO: [ app_begin ] --START--
INFO: Run Behavior\ReadHtmlCacheBehavior [ RunTime:0.000874s ]
INFO: [ app_begin ] --END-- [ RunTime:0.001493s ]
NOTIC: [8] Undefined variable: _HEADERS /home/wwwroot/cams_cshcc/public_html/weixin/api/Application/Home/Controller/ApiController.class.php 第 183 行.
SQL: SHOW COLUMNS FROM `sp_hr` [ RunTime:0.0028s ]
SQL: SELECT * FROM `sp_hr` WHERE ( id='3' ) LIMIT 1   [ RunTime:0.0011s ]
SQL: SHOW COLUMNS FROM `sp_unionlogin` [ RunTime:0.0012s ]
SQL: SELECT * FROM `sp_unionlogin` WHERE `status` = 1 AND `genre` = 3 AND `userID` = '3' LIMIT 1   [ RunTime:0.0007s ]

[ 2016-09-29T16:18:12+08:00 ] 121.101.209.126 /weixin/api/index.php/Home/Notice/getNotice
INFO: [ app_begin ] --START--
INFO: Run Behavior\ReadHtmlCacheBehavior [ RunTime:0.000845s ]
INFO: [ app_begin ] --END-- [ RunTime:0.001468s ]
NOTIC: [8] Undefined variable: _HEADERS /home/wwwroot/cams_cshcc/public_html/weixin/api/Application/Home/Controller/ApiController.class.php 第 183 行.
SQL: SHOW COLUMNS FROM `sp_hr` [ RunTime:0.0028s ]
SQL: SELECT * FROM `sp_hr` WHERE ( id='101' ) LIMIT 1   [ RunTime:0.0010s ]
SQL: SHOW COLUMNS FROM `sp_notice` [ RunTime:0.0012s ]
SQL: SELECT COUNT(*) AS tp_count FROM `sp_notice` WHERE `status` = 1 AND `type` = '1' LIMIT 1   [ RunTime:0.0006s ]
SQL: SELECT * FROM `sp_notice` WHERE `status` = 1 AND `type` = '1' LIMIT 0,20   [ RunTime:0.0003s ]

[ 2016-09-29T16:18:19+08:00 ] 121.101.209.126 /weixin/api/index.php/Home/Notice/getNotice
INFO: [ app_begin ] --START--
INFO: Run Behavior\ReadHtmlCacheBehavior [ RunTime:0.000884s ]
INFO: [ app_begin ] --END-- [ RunTime:0.001448s ]
NOTIC: [8] Undefined variable: _HEADERS /home/wwwroot/cams_cshcc/public_html/weixin/api/Application/Home/Controller/ApiController.class.php 第 183 行.
SQL: SHOW COLUMNS FROM `sp_hr` [ RunTime:0.0027s ]
SQL: SELECT * FROM `sp_hr` WHERE ( id='102' ) LIMIT 1   [ RunTime:0.3210s ]
SQL: SHOW COLUMNS FROM `sp_notice` [ RunTime:0.0016s ]
SQL: SELECT COUNT(*) AS tp_count FROM `sp_notice` WHERE `status` = 1 AND `type` = '1' LIMIT 1   [ RunTime:0.0003s ]
SQL: SELECT * FROM `sp_notice` WHERE `status` = 1 AND `type` = '1' LIMIT 0,20   [ RunTime:0.0003s ]

[ 2016-09-29T18:36:38+08:00 ] 121.101.209.126 /weixin/api/index.php/Home/Login/login_unionlogin
INFO: [ app_begin ] --START--
INFO: Run Behavior\ReadHtmlCacheBehavior [ RunTime:0.001035s ]
INFO: [ app_begin ] --END-- [ RunTime:0.001699s ]
NOTIC: [8] Undefined variable: _HEADERS /home/wwwroot/cams_cshcc/public_html/weixin/api/Application/Home/Controller/ApiController.class.php 第 185 行.
SQL: SHOW COLUMNS FROM `sp_hr` [ RunTime:0.0022s ]
SQL: SELECT * FROM `sp_hr` WHERE ( id='1' ) LIMIT 1   [ RunTime:0.0009s ]

[ 2016-09-29T18:36:43+08:00 ] 121.101.209.126 /weixin/api/index.php/Home/Login/login_unionlogin
INFO: [ app_begin ] --START--
INFO: Run Behavior\ReadHtmlCacheBehavior [ RunTime:0.000735s ]
INFO: [ app_begin ] --END-- [ RunTime:0.001557s ]
NOTIC: [8] Undefined variable: _HEADERS /home/wwwroot/cams_cshcc/public_html/weixin/api/Application/Home/Controller/ApiController.class.php 第 185 行.

[ 2016-09-29T18:37:08+08:00 ] 121.101.209.126 /weixin/api/index.php/Home/Login/login_unionlogin
INFO: [ app_begin ] --START--
INFO: Run Behavior\ReadHtmlCacheBehavior [ RunTime:0.001076s ]
INFO: [ app_begin ] --END-- [ RunTime:0.001916s ]
NOTIC: [8] Undefined variable: _HEADERS /home/wwwroot/cams_cshcc/public_html/weixin/api/Application/Home/Controller/ApiController.class.php 第 184 行.

[ 2016-09-29T18:37:53+08:00 ] 121.101.209.126 /weixin/api/index.php/Home/Login/login_unionlogin
INFO: [ app_begin ] --START--
INFO: Run Behavior\ReadHtmlCacheBehavior [ RunTime:0.000921s ]
INFO: [ app_begin ] --END-- [ RunTime:0.001579s ]
NOTIC: [8] Undefined variable: _HEADERS /home/wwwroot/cams_cshcc/public_html/weixin/api/Application/Home/Controller/ApiController.class.php 第 183 行.

[ 2016-09-29T18:39:21+08:00 ] 121.101.209.126 /weixin/api/index.php/Home/Login/login_unionlogin
INFO: [ app_begin ] --START--
INFO: Run Behavior\ReadHtmlCacheBehavior [ RunTime:0.001132s ]
INFO: [ app_begin ] --END-- [ RunTime:0.001875s ]
NOTIC: [8] Undefined variable: _HEADERS /home/wwwroot/cams_cshcc/public_html/weixin/api/Application/Home/Controller/ApiController.class.php 第 183 行.
SQL: SHOW COLUMNS FROM `sp_unionlogin` [ RunTime:0.0013s ]
SQL: SELECT * FROM `sp_unionlogin` WHERE ( unionToken='oMeU-wMfUoHPY0ltERhEHAkyzFtQ' and unionType='4' and status=1 ) LIMIT 1   [ RunTime:0.0008s ]

[ 2016-09-29T18:58:18+08:00 ] 121.101.209.126 /weixin/api/index.php/Home/Login/login_unionlogin
INFO: [ app_begin ] --START--
INFO: Run Behavior\ReadHtmlCacheBehavior [ RunTime:0.000761s ]
INFO: [ app_begin ] --END-- [ RunTime:0.001385s ]
NOTIC: [8] Undefined variable: _HEADERS /home/wwwroot/cams_cshcc/public_html/weixin/api/Application/Home/Controller/ApiController.class.php 第 183 行.
SQL: SHOW COLUMNS FROM `sp_unionlogin` [ RunTime:0.0013s ]
SQL: SELECT * FROM `sp_unionlogin` WHERE ( unionToken='oMeU-wMfUoHPY0ltERhEHAkyzFtQ' and unionType='4' and status=1 ) LIMIT 1   [ RunTime:0.0007s ]

[ 2016-09-29T18:59:00+08:00 ] 121.101.209.126 /weixin/api/index.php/Home/Login/login_unionlogin
INFO: [ app_begin ] --START--
INFO: Run Behavior\ReadHtmlCacheBehavior [ RunTime:0.000878s ]
INFO: [ app_begin ] --END-- [ RunTime:0.001495s ]
NOTIC: [8] Undefined variable: _HEADERS /home/wwwroot/cams_cshcc/public_html/weixin/api/Application/Home/Controller/ApiController.class.php 第 183 行.
SQL: SHOW COLUMNS FROM `sp_unionlogin` [ RunTime:0.0016s ]
SQL: SELECT * FROM `sp_unionlogin` WHERE ( unionToken='oMeU-wMfUoHPY0ltERhEHAkyzFtQ' and unionType='4' and status=1 ) LIMIT 1   [ RunTime:0.0007s ]
SQL: SHOW COLUMNS FROM `sp_hr` [ RunTime:0.0027s ]
SQL: SELECT id as id FROM `sp_hr` WHERE ( username='sunfangwei' and password='123456' and is_stop=1 ) LIMIT 1   [ RunTime:0.0011s ]
SQL: SHOW COLUMNS FROM `sp_partner` [ RunTime:0.0027s ]
SQL: SELECT pt_id as id FROM `sp_partner` WHERE ( username='sunfangwei' and password='123456' and deleted=0 ) LIMIT 1   [ RunTime:0.0006s ]
SQL: SHOW COLUMNS FROM `sp_enterprises` [ RunTime:0.0024s ]
SQL: SELECT eid as id FROM `sp_enterprises` WHERE ( username='sunfangwei' and password='123456' and deleted=0 ) LIMIT 1   [ RunTime:0.0004s ]

[ 2016-09-29T18:59:25+08:00 ] 121.101.209.126 /weixin/api/index.php/Home/Login/login_unionlogin
INFO: [ app_begin ] --START--
INFO: Run Behavior\ReadHtmlCacheBehavior [ RunTime:0.000942s ]
INFO: [ app_begin ] --END-- [ RunTime:0.001530s ]
NOTIC: [8] Undefined variable: _HEADERS /home/wwwroot/cams_cshcc/public_html/weixin/api/Application/Home/Controller/ApiController.class.php 第 183 行.
SQL: SHOW COLUMNS FROM `sp_unionlogin` [ RunTime:0.0012s ]
SQL: SELECT * FROM `sp_unionlogin` WHERE ( unionToken='oMeU-wMfUoHPY0ltERhEHAkyzFtQ' and unionType='4' and status=1 ) LIMIT 1   [ RunTime:0.0006s ]
SQL: SHOW COLUMNS FROM `sp_hr` [ RunTime:0.0023s ]
SQL: SELECT id as id FROM `sp_hr` WHERE ( username='sunfangwei' and password='123456' and is_stop=1 ) LIMIT 1   [ RunTime:0.0009s ]
SQL: SHOW COLUMNS FROM `sp_partner` [ RunTime:0.0013s ]
SQL: SELECT pt_id as id FROM `sp_partner` WHERE ( username='sunfangwei' and password='123456' and deleted=0 ) LIMIT 1   [ RunTime:0.0006s ]
SQL: SHOW COLUMNS FROM `sp_enterprises` [ RunTime:0.0018s ]
SQL: SELECT eid as id FROM `sp_enterprises` WHERE ( username='sunfangwei' and password='123456' and deleted=0 ) LIMIT 1   [ RunTime:0.0007s ]

[ 2016-09-29T19:10:14+08:00 ] 121.101.209.126 /weixin/api/index.php/Home/Login/login_unionlogin
INFO: [ app_begin ] --START--
INFO: Run Behavior\ReadHtmlCacheBehavior [ RunTime:0.000823s ]
INFO: [ app_begin ] --END-- [ RunTime:0.001422s ]
NOTIC: [8] Undefined variable: _HEADERS /home/wwwroot/cams_cshcc/public_html/weixin/api/Application/Home/Controller/ApiController.class.php 第 183 行.
SQL: SHOW COLUMNS FROM `sp_unionlogin` [ RunTime:0.0013s ]
SQL: SELECT * FROM `sp_unionlogin` WHERE ( unionToken='oMeU-wMfUoHPY0ltERhEHAkyzFtQ' and unionType='4' and status=1 ) LIMIT 1   [ RunTime:0.0007s ]
SQL: SHOW COLUMNS FROM `sp_hr` [ RunTime:0.0021s ]
SQL: SELECT id as id FROM `sp_hr` WHERE ( username='sunfangwei' and password='123456' and is_stop=1 ) LIMIT 1   [ RunTime:0.0008s ]
SQL: SHOW COLUMNS FROM `sp_partner` [ RunTime:0.0014s ]
SQL: SELECT pt_id as id FROM `sp_partner` WHERE ( username='sunfangwei' and password='123456' and deleted=0 ) LIMIT 1   [ RunTime:0.0006s ]
SQL: SHOW COLUMNS FROM `sp_enterprises` [ RunTime:0.0018s ]
SQL: SELECT eid as id FROM `sp_enterprises` WHERE ( username='sunfangwei' and password='123456' and deleted=0 ) LIMIT 1   [ RunTime:0.0006s ]

[ 2016-09-29T19:15:01+08:00 ] 121.101.209.126 /weixin/api/index.php/Home/Login/login_unionlogin
INFO: [ app_begin ] --START--
INFO: Run Behavior\ReadHtmlCacheBehavior [ RunTime:0.001157s ]
INFO: [ app_begin ] --END-- [ RunTime:0.002193s ]
NOTIC: [8] Undefined variable: _HEADERS /home/wwwroot/cams_cshcc/public_html/weixin/api/Application/Home/Controller/ApiController.class.php 第 183 行.
SQL: SHOW COLUMNS FROM `sp_unionlogin` [ RunTime:0.0018s ]
SQL: SELECT * FROM `sp_unionlogin` WHERE ( unionToken='oMeU-wMfUoHPY0ltERhEHAkyzFtQ' and unionType='4' and status=1 ) LIMIT 1   [ RunTime:0.0003s ]
SQL: SHOW COLUMNS FROM `sp_hr` [ RunTime:0.0039s ]
SQL: SELECT id as id FROM `sp_hr` WHERE ( username='sunfangwei' and password='e10adc3949ba59abbe56e057f20f883e' and is_stop=1 ) LIMIT 1   [ RunTime:0.0006s ]
SQL: INSERT INTO `sp_unionlogin` (`userID`,`unionToken`,`unionType`,`genre`,`createTime`,`modifyTime`) VALUES ('101','oMeU-wMfUoHPY0ltERhEHAkyzFtQ','4','1','2016-09-29','2016-09-29') [ RunTime:0.0005s ]
SQL: SELECT * FROM `sp_unionlogin` WHERE ( id='25' and status=1 ) LIMIT 1   [ RunTime:0.0002s ]
NOTIC: [8] Undefined index: userID /home/wwwroot/cams_cshcc/public_html/weixin/api/Application/Home/Controller/LoginController.class.php 第 81 行.
NOTIC: [8] Undefined variable: _HEADERS /home/wwwroot/cams_cshcc/public_html/weixin/api/Application/Home/Controller/ApiController.class.php 第 183 行.
NOTIC: [8] Undefined index: userID /home/wwwroot/cams_cshcc/public_html/weixin/api/Application/Home/Controller/LoginController.class.php 第 81 行.

