[ 2017-05-05T10:49:42+08:00 ] ::1 /CAMS/weixin/api/index.php
ERR: 无法加载控制器:Index

[ 2017-05-05T14:00:35+08:00 ] ::1 /CAMS/weixin/api/index.php/Home/Task/getAuditTaskList
INFO: [ app_begin ] --START--
INFO: Run Behavior\ReadHtmlCacheBehavior [ RunTime:0.001000s ]
INFO: [ app_begin ] --END-- [ RunTime:0.001000s ]
NOTIC: [8] Undefined variable: _HEADERS D:\WWW\CAMS\weixin\api\Application\Home\Controller\ApiController.class.php 第 183 行.
ERR: SQLSTATE[HY000] [1045] Access denied for user 'cams_cshcc'@'localhost' (using password: YES)

[ 2017-05-05T14:00:41+08:00 ] ::1 /CAMS/weixin/api/index.php/Home/Task/getAuditTaskList
INFO: [ app_begin ] --START--
INFO: Run Behavior\ReadHtmlCacheBehavior [ RunTime:0.000000s ]
INFO: [ app_begin ] --END-- [ RunTime:0.001001s ]
NOTIC: [8] Undefined variable: _HEADERS D:\WWW\CAMS\weixin\api\Application\Home\Controller\ApiController.class.php 第 183 行.
ERR: SQLSTATE[HY000] [1045] Access denied for user 'cams_cshcc'@'localhost' (using password: YES)

[ 2017-05-05T14:00:48+08:00 ] ::1 /CAMS/weixin/api/index.php/Home/Task/getAuditTaskList
INFO: [ app_begin ] --START--
INFO: Run Behavior\ReadHtmlCacheBehavior [ RunTime:0.000000s ]
INFO: [ app_begin ] --END-- [ RunTime:0.000000s ]
NOTIC: [8] Undefined variable: _HEADERS D:\WWW\CAMS\weixin\api\Application\Home\Controller\ApiController.class.php 第 183 行.
ERR: SQLSTATE[HY000] [1045] Access denied for user 'cams_cshcc'@'localhost' (using password: YES)

[ 2017-05-05T14:02:37+08:00 ] ::1 /CAMS/weixin/api/index.php/Home/Task/getAuditTaskList
INFO: [ app_begin ] --START--
INFO: Run Behavior\ReadHtmlCacheBehavior [ RunTime:0.000000s ]
INFO: [ app_begin ] --END-- [ RunTime:0.001000s ]
NOTIC: [8] Undefined variable: _HEADERS D:\WWW\CAMS\weixin\api\Application\Home\Controller\ApiController.class.php 第 183 行.
ERR: SQLSTATE[HY000] [1045] Access denied for user 'cams_cshcc'@'localhost' (using password: YES)

[ 2017-05-05T14:02:44+08:00 ] ::1 /CAMS/weixin/api/index.php/Home/Task/getAuditTaskList
INFO: [ app_begin ] --START--
INFO: Run Behavior\ReadHtmlCacheBehavior [ RunTime:0.000000s ]
INFO: [ app_begin ] --END-- [ RunTime:0.000000s ]
NOTIC: [8] Undefined variable: _HEADERS D:\WWW\CAMS\weixin\api\Application\Home\Controller\ApiController.class.php 第 183 行.
ERR: SQLSTATE[HY000] [1045] Access denied for user 'cams_cshcc'@'localhost' (using password: YES)

[ 2017-05-05T14:02:58+08:00 ] ::1 /CAMS/weixin/api/index.php/Home/Task/getAuditTaskList
INFO: [ app_begin ] --START--
INFO: Run Behavior\ReadHtmlCacheBehavior [ RunTime:0.001000s ]
INFO: [ app_begin ] --END-- [ RunTime:0.002001s ]
NOTIC: [8] Undefined variable: _HEADERS D:\WWW\CAMS\weixin\api\Application\Home\Controller\ApiController.class.php 第 183 行.
SQL: SHOW COLUMNS FROM `sp_hr` [ RunTime:0.3870s ]
SQL: SELECT * FROM `sp_hr` WHERE ( id='1' ) LIMIT 1   [ RunTime:0.0190s ]
SQL: SHOW COLUMNS FROM `sp_task_audit_team` [ RunTime:0.0980s ]
NOTIC: [8] Undefined variable: page D:\WWW\CAMS\weixin\api\Application\Home\Controller\TaskController.class.php 第 92 行.
NOTIC: [8] Undefined variable: page D:\WWW\CAMS\weixin\api\Application\Home\Controller\TaskController.class.php 第 92 行.
SQL: SELECT tat.*,p.rect_finish,p.audit_type,p.cti_code,p.ct_code,p.ct_id,p.id,p.comment_pass_date,p.comment_pass,p.sp_date,p.sv_note,t.jh_sp_date,t.jh_sp_note,t.jh_sp_name,t.bufuhe,t.upload_file_date,t.jh_sp_status,e.ep_name,e.areaaddr,un.unionToken FROM sp_task_audit_team tat INNER JOIN sp_project p ON p.id = tat.pid LEFT JOIN sp_task t ON t.id = tat.tid LEFT JOIN sp_enterprises e ON e.eid = t.eid  LEFT JOIN sp_unionlogin un ON un.userID = tat.uid   WHERE tat.uid = '1' AND tat.deleted = 0 AND tat.role <> '' AND tat.taskBeginDate <= '2017-05-05 23:59:59' AND tat.taskEndDate >= '2017-05-05 00:00:00' AND p.deleted = 0 AND t.deleted = 0 AND e.deleted = 0 AND un.status = 1 GROUP BY tat.tid,tat.uid ORDER BY tat.taskBeginDate  [ RunTime:0.2990s ]
NOTIC: [8] Undefined variable: page D:\WWW\CAMS\weixin\api\Application\Home\Controller\TaskController.class.php 第 93 行.
NOTIC: [8] Undefined variable: tab D:\WWW\CAMS\weixin\api\Application\Home\Controller\TaskController.class.php 第 93 行.
NOTIC: [2] array_merge(): Argument #1 is not an array D:\WWW\CAMS\weixin\api\Application\Home\Controller\TaskController.class.php 第 93 行.

[ 2017-05-05T14:02:59+08:00 ] ::1 /CAMS/weixin/api/index.php/Home/Task/getAuditTaskList
INFO: [ app_begin ] --START--
INFO: Run Behavior\ReadHtmlCacheBehavior [ RunTime:0.000000s ]
INFO: [ app_begin ] --END-- [ RunTime:0.000000s ]
NOTIC: [8] Undefined variable: _HEADERS D:\WWW\CAMS\weixin\api\Application\Home\Controller\ApiController.class.php 第 183 行.
SQL: SHOW COLUMNS FROM `sp_hr` [ RunTime:0.0190s ]
SQL: SELECT * FROM `sp_hr` WHERE ( id='1' ) LIMIT 1   [ RunTime:0.0010s ]
SQL: SHOW COLUMNS FROM `sp_task_audit_team` [ RunTime:0.0320s ]
NOTIC: [8] Undefined variable: page D:\WWW\CAMS\weixin\api\Application\Home\Controller\TaskController.class.php 第 92 行.
NOTIC: [8] Undefined variable: page D:\WWW\CAMS\weixin\api\Application\Home\Controller\TaskController.class.php 第 92 行.
SQL: SELECT tat.*,p.rect_finish,p.audit_type,p.cti_code,p.ct_code,p.ct_id,p.id,p.comment_pass_date,p.comment_pass,p.sp_date,p.sv_note,t.jh_sp_date,t.jh_sp_note,t.jh_sp_name,t.bufuhe,t.upload_file_date,t.jh_sp_status,e.ep_name,e.areaaddr,un.unionToken FROM sp_task_audit_team tat INNER JOIN sp_project p ON p.id = tat.pid LEFT JOIN sp_task t ON t.id = tat.tid LEFT JOIN sp_enterprises e ON e.eid = t.eid  LEFT JOIN sp_unionlogin un ON un.userID = tat.uid   WHERE tat.uid = '1' AND tat.deleted = 0 AND tat.role <> '' AND tat.taskBeginDate <= '2017-05-05 23:59:59' AND tat.taskEndDate >= '2017-05-05 00:00:00' AND p.deleted = 0 AND t.deleted = 0 AND e.deleted = 0 AND un.status = 1 GROUP BY tat.tid,tat.uid ORDER BY tat.taskBeginDate  [ RunTime:0.0030s ]
NOTIC: [8] Undefined variable: page D:\WWW\CAMS\weixin\api\Application\Home\Controller\TaskController.class.php 第 93 行.
NOTIC: [8] Undefined variable: tab D:\WWW\CAMS\weixin\api\Application\Home\Controller\TaskController.class.php 第 93 行.
NOTIC: [2] array_merge(): Argument #1 is not an array D:\WWW\CAMS\weixin\api\Application\Home\Controller\TaskController.class.php 第 93 行.

[ 2017-05-05T14:03:03+08:00 ] ::1 /CAMS/weixin/api/index.php/Home/Task/getAuditTaskList
INFO: [ app_begin ] --START--
INFO: Run Behavior\ReadHtmlCacheBehavior [ RunTime:0.000000s ]
INFO: [ app_begin ] --END-- [ RunTime:0.000000s ]
NOTIC: [8] Undefined variable: _HEADERS D:\WWW\CAMS\weixin\api\Application\Home\Controller\ApiController.class.php 第 183 行.
SQL: SHOW COLUMNS FROM `sp_hr` [ RunTime:0.0050s ]
SQL: SELECT * FROM `sp_hr` WHERE ( id='1' ) LIMIT 1   [ RunTime:0.0010s ]
SQL: SHOW COLUMNS FROM `sp_task_audit_team` [ RunTime:0.0030s ]
NOTIC: [8] Undefined variable: page D:\WWW\CAMS\weixin\api\Application\Home\Controller\TaskController.class.php 第 92 行.
NOTIC: [8] Undefined variable: page D:\WWW\CAMS\weixin\api\Application\Home\Controller\TaskController.class.php 第 92 行.
SQL: SELECT tat.*,p.rect_finish,p.audit_type,p.cti_code,p.ct_code,p.ct_id,p.id,p.comment_pass_date,p.comment_pass,p.sp_date,p.sv_note,t.jh_sp_date,t.jh_sp_note,t.jh_sp_name,t.bufuhe,t.upload_file_date,t.jh_sp_status,e.ep_name,e.areaaddr,un.unionToken FROM sp_task_audit_team tat INNER JOIN sp_project p ON p.id = tat.pid LEFT JOIN sp_task t ON t.id = tat.tid LEFT JOIN sp_enterprises e ON e.eid = t.eid  LEFT JOIN sp_unionlogin un ON un.userID = tat.uid   WHERE tat.uid = '1' AND tat.deleted = 0 AND tat.role <> '' AND tat.taskBeginDate <= '2017-05-05 23:59:59' AND tat.taskEndDate >= '2017-05-05 00:00:00' AND p.deleted = 0 AND t.deleted = 0 AND e.deleted = 0 AND un.status = 1 GROUP BY tat.tid,tat.uid ORDER BY tat.taskBeginDate  [ RunTime:0.0030s ]
NOTIC: [8] Undefined variable: page D:\WWW\CAMS\weixin\api\Application\Home\Controller\TaskController.class.php 第 93 行.
NOTIC: [8] Undefined variable: tab D:\WWW\CAMS\weixin\api\Application\Home\Controller\TaskController.class.php 第 93 行.
NOTIC: [2] array_merge(): Argument #1 is not an array D:\WWW\CAMS\weixin\api\Application\Home\Controller\TaskController.class.php 第 93 行.

