[ 2018-01-23T15:33:48+08:00 ] 121.101.209.126 /weixin/api/index.php/Home/Notice/getNotice
INFO: [ app_begin ] --START--
INFO: Run Behavior\ReadHtmlCacheBehavior [ RunTime:0.000672s ]
INFO: [ app_begin ] --END-- [ RunTime:0.001160s ]
NOTIC: [8] Undefined variable: _HEADERS /home/wwwroot/cams_cshcc/public_html/weixin/api/Application/Home/Controller/ApiController.class.php 第 183 行.
SQL: SHOW COLUMNS FROM `sp_hr` [ RunTime:0.0020s ]
SQL: SELECT * FROM `sp_hr` WHERE ( id='107' ) LIMIT 1   [ RunTime:0.0007s ]

[ 2018-01-23T15:34:31+08:00 ] 121.101.209.126 /weixin/api/index.php/Home/Notice/getNotice
INFO: [ app_begin ] --START--
INFO: Run Behavior\ReadHtmlCacheBehavior [ RunTime:0.000773s ]
INFO: [ app_begin ] --END-- [ RunTime:0.001241s ]
NOTIC: [8] Undefined variable: _HEADERS /home/wwwroot/cams_cshcc/public_html/weixin/api/Application/Home/Controller/ApiController.class.php 第 183 行.
SQL: SHOW COLUMNS FROM `sp_hr` [ RunTime:0.0020s ]
SQL: SELECT * FROM `sp_hr` WHERE ( id='101' ) LIMIT 1   [ RunTime:0.0004s ]
SQL: SHOW COLUMNS FROM `sp_unionlogin` [ RunTime:0.0006s ]
SQL: SELECT * FROM `sp_unionlogin` WHERE `unionToken` = 'oMeU-wKahcV2MTV_ZnAETGkifW28' AND `status` = 1 LIMIT 1   [ RunTime:0.0002s ]
SQL: SHOW COLUMNS FROM `sp_notice` [ RunTime:0.0007s ]
SQL: SELECT COUNT(*) AS tp_count FROM `sp_notice` WHERE `status` = 1 AND `type` IN ('2','11') AND (  (ISNULL(receiveuser) or FIND_IN_SET(101,receiveuser)) ) LIMIT 1   [ RunTime:0.0002s ]
SQL: SELECT * FROM `sp_notice` WHERE `status` = 1 AND `type` IN ('2','11') AND (  (ISNULL(receiveuser) or FIND_IN_SET(101,receiveuser)) ) ORDER BY id DESC LIMIT 0,12   [ RunTime:0.0004s ]

[ 2018-01-23T15:35:35+08:00 ] 121.101.209.126 /weixin/api/index.php/Home/Notice/getNotice
INFO: [ app_begin ] --START--
INFO: Run Behavior\ReadHtmlCacheBehavior [ RunTime:0.000644s ]
INFO: [ app_begin ] --END-- [ RunTime:0.001147s ]
NOTIC: [8] Undefined variable: _HEADERS /home/wwwroot/cams_cshcc/public_html/weixin/api/Application/Home/Controller/ApiController.class.php 第 183 行.
SQL: SHOW COLUMNS FROM `sp_hr` [ RunTime:0.0020s ]
SQL: SELECT * FROM `sp_hr` WHERE ( id='101' ) LIMIT 1   [ RunTime:0.0003s ]
SQL: SHOW COLUMNS FROM `sp_unionlogin` [ RunTime:0.0006s ]
SQL: SELECT * FROM `sp_unionlogin` WHERE `unionToken` = 'oMeU-wKahcV2MTV_ZnAETGkifW28' AND `status` = 1 LIMIT 1   [ RunTime:0.0002s ]
SQL: SHOW COLUMNS FROM `sp_notice` [ RunTime:0.0006s ]
SQL: SELECT COUNT(*) AS tp_count FROM `sp_notice` WHERE `status` = 1 AND `type` IN ('2','11') AND (  (ISNULL(receiveuser) or FIND_IN_SET(101,receiveuser)) ) LIMIT 1   [ RunTime:0.0005s ]
SQL: SELECT * FROM `sp_notice` WHERE `status` = 1 AND `type` IN ('2','11') AND (  (ISNULL(receiveuser) or FIND_IN_SET(101,receiveuser)) ) ORDER BY id DESC LIMIT 0,12   [ RunTime:0.0006s ]

