2016-05-04 10:32:58		2 监督
2016-05-04 10:32:58		0 再认证
2016-05-05 09:49:54		0 监督
2016-05-05 09:49:54		0 再认证
2016-05-05 13:04:22		0 监督
2016-05-05 13:04:22		0 再认证
2016-05-06 10:03:16		0 监督
2016-05-06 10:03:16		0 再认证
2016-05-09 09:39:09		0 监督
2016-05-09 09:39:09		0 再认证
2016-05-09 09:55:18		0 监督
2016-05-09 09:55:18		0 再认证
2016-05-10 09:19:10		0 监督
2016-05-10 09:19:10		0 再认证
<<<<<<< HEAD
2016-05-10 10:15:57		0 监督
2016-05-10 10:15:57		0 再认证
2016-05-11 09:35:09		0 监督
2016-05-11 09:35:09		0 再认证
=======
2016-05-10 15:17:46		0 监督
2016-05-10 15:17:46		0 再认证
>>>>>>> f55c32b52febc916329255910f3b9b7462f2abf3
<<<<<<< HEAD
2016-05-12 09:29:49		0 监督
2016-05-12 09:29:49		0 再认证
=======
2016-05-12 01:01:38		0 监督
2016-05-12 01:01:38		0 再认证
2016-05-12 02:28:34		0 监督
2016-05-12 02:28:34		0 再认证
>>>>>>> fc5da4461afdcfffbb0a8e11df3edd6e5afa1727
<<<<<<< HEAD
2016-05-13 10:46:53		0 监督
2016-05-13 10:46:53		0 再认证
2016-05-16 09:37:37		0 监督
2016-05-16 09:37:37		0 再认证
=======
2016-05-13 15:52:04		0 监督
2016-05-13 15:52:04		0 再认证
>>>>>>> b60cf87028b3a54b09b48fae902eca1ac5dbb762
2016-05-17 09:45:13		0 监督
2016-05-17 09:45:13		0 再认证
2016-05-18 09:22:14		0 监督
2016-05-18 09:22:14		0 再认证
2016-05-19 09:32:05		0 监督
2016-05-19 09:32:05		0 再认证
2016-05-20 10:44:07		0 监督
2016-05-20 10:44:07		0 再认证
2016-05-20 16:23:18		0 监督
2016-05-20 16:23:18		0 再认证
2016-05-23 09:31:49		0 监督
2016-05-23 09:31:49		0 再认证
2016-05-23 13:32:58		0 监督
2016-05-23 13:32:58		0 再认证
2016-05-24 13:42:27		0 监督
2016-05-24 13:42:27		0 再认证
2016-05-25 11:25:31		0 监督
2016-05-25 11:25:31		0 再认证
2016-05-26 09:35:23		0 监督
2016-05-26 09:35:23		0 再认证
2016-05-27 10:39:22		0 监督
2016-05-27 10:39:22		0 再认证
2016-05-30 10:18:04		0 监督
2016-05-30 10:18:04		0 再认证
2016-05-31 11:01:24		0 监督
2016-05-31 11:01:24		0 再认证
